# JRE version: OpenJDK Runtime Environment (11.0.8+10) (build 11.0.8+10-b944.6842174)
# Java VM: OpenJDK 64-Bit Server VM (11.0.8+10-b944.6842174, mixed mode, tiered, compressed oops, g1 gc, windows-amd64)
Heap:
 garbage-first heap   total 623616K, used 175104K [0x0000000080000000, 0x0000000100000000)
  region size 1024K, 8 young (8192K), 8 survivors (8192K)
 Metaspace       used 110376K, capacity 112876K, committed 113152K, reserved 1148928K
  class space    used 13534K, capacity 14495K, committed 14592K, reserved 1048576K
GC Heap History (20 events):
Event: 361.618 GC heap after
{Heap after GC invocations=153 (full 0):
 garbage-first heap   total 537600K, used 145798K [0x0000000080000000, 0x0000000100000000)
  region size 1024K, 5 young (5120K), 5 survivors (5120K)
 Metaspace       used 110330K, capacity 112871K, committed 113152K, reserved 1148928K
  class space    used 13534K, capacity 14495K, committed 14592K, reserved 1048576K
}
Event: 365.627 GC heap before
{Heap before GC invocations=153 (full 0):
 garbage-first heap   total 537600K, used 273798K [0x0000000080000000, 0x0000000100000000)
  region size 1024K, 130 young (133120K), 5 survivors (5120K)
 Metaspace       used 110333K, capacity 112871K, committed 113152K, reserved 1148928K
  class space    used 13534K, capacity 14495K, committed 14592K, reserved 1048576K
}
Event: 365.694 GC heap after
{Heap after GC invocations=154 (full 0):
 garbage-first heap   total 537600K, used 147668K [0x0000000080000000, 0x0000000100000000)
  region size 1024K, 7 young (7168K), 7 survivors (7168K)
 Metaspace       used 110333K, capacity 112871K, committed 113152K, reserved 1148928K
  class space    used 13534K, capacity 14495K, committed 14592K, reserved 1048576K
}
Event: 369.554 GC heap before
{Heap before GC invocations=154 (full 0):
 garbage-first heap   total 537600K, used 290004K [0x0000000080000000, 0x0000000100000000)
  region size 1024K, 146 young (149504K), 7 survivors (7168K)
 Metaspace       used 110334K, capacity 112871K, committed 113152K, reserved 1148928K
  class space    used 13534K, capacity 14495K, committed 14592K, reserved 1048576K
}
Event: 369.637 GC heap after
{Heap after GC invocations=155 (full 0):
 garbage-first heap   total 537600K, used 150355K [0x0000000080000000, 0x0000000100000000)
  region size 1024K, 9 young (9216K), 9 survivors (9216K)
 Metaspace       used 110334K, capacity 112871K, committed 113152K, reserved 1148928K
  class space    used 13534K, capacity 14495K, committed 14592K, reserved 1048576K
}
Event: 374.240 GC heap before
{Heap before GC invocations=155 (full 0):
 garbage-first heap   total 537600K, used 304979K [0x0000000080000000, 0x0000000100000000)
  region size 1024K, 160 young (163840K), 9 survivors (9216K)
 Metaspace       used 110340K, capacity 112871K, committed 113152K, reserved 1148928K
  class space    used 13534K, capacity 14495K, committed 14592K, reserved 1048576K
}
Event: 374.547 GC heap after
{Heap after GC invocations=156 (full 0):
 garbage-first heap   total 537600K, used 153939K [0x0000000080000000, 0x0000000100000000)
  region size 1024K, 13 young (13312K), 13 survivors (13312K)
 Metaspace       used 110340K, capacity 112871K, committed 113152K, reserved 1148928K
  class space    used 13534K, capacity 14495K, committed 14592K, reserved 1048576K
}
Event: 375.787 GC heap before
{Heap before GC invocations=156 (full 0):
 garbage-first heap   total 537600K, used 229715K [0x0000000080000000, 0x0000000100000000)
  region size 1024K, 87 young (89088K), 13 survivors (13312K)
 Metaspace       used 110340K, capacity 112871K, committed 113152K, reserved 1148928K
  class space    used 13534K, capacity 14495K, committed 14592K, reserved 1048576K
}
Event: 375.889 GC heap after
{Heap after GC invocations=157 (full 0):
 garbage-first heap   total 537600K, used 154301K [0x0000000080000000, 0x0000000100000000)
  region size 1024K, 5 young (5120K), 5 survivors (5120K)
 Metaspace       used 110340K, capacity 112871K, committed 113152K, reserved 1148928K
  class space    used 13534K, capacity 14495K, committed 14592K, reserved 1048576K
}
Event: 378.284 GC heap before
{Heap before GC invocations=157 (full 0):
 garbage-first heap   total 537600K, used 284349K [0x0000000080000000, 0x0000000100000000)
  region size 1024K, 132 young (135168K), 5 survivors (5120K)
 Metaspace       used 110343K, capacity 112871K, committed 113152K, reserved 1148928K
  class space    used 13534K, capacity 14495K, committed 14592K, reserved 1048576K
}
Event: 378.321 GC heap after
{Heap after GC invocations=158 (full 0):
 garbage-first heap   total 537600K, used 155325K [0x0000000080000000, 0x0000000100000000)
  region size 1024K, 6 young (6144K), 6 survivors (6144K)
 Metaspace       used 110343K, capacity 112871K, committed 113152K, reserved 1148928K
  class space    used 13534K, capacity 14495K, committed 14592K, reserved 1048576K
}
Event: 380.875 GC heap before
{Heap before GC invocations=158 (full 0):
 garbage-first heap   total 537600K, used 310973K [0x0000000080000000, 0x0000000100000000)
  region size 1024K, 158 young (161792K), 6 survivors (6144K)
 Metaspace       used 110348K, capacity 112871K, committed 113152K, reserved 1148928K
  class space    used 13534K, capacity 14495K, committed 14592K, reserved 1048576K
}
Event: 380.918 GC heap after
{Heap after GC invocations=159 (full 0):
 garbage-first heap   total 537600K, used 157373K [0x0000000080000000, 0x0000000100000000)
  region size 1024K, 8 young (8192K), 8 survivors (8192K)
 Metaspace       used 110348K, capacity 112871K, committed 113152K, reserved 1148928K
  class space    used 13534K, capacity 14495K, committed 14592K, reserved 1048576K
}
Event: 384.063 GC heap before
{Heap before GC invocations=159 (full 0):
 garbage-first heap   total 537600K, used 326333K [0x0000000080000000, 0x0000000100000000)
  region size 1024K, 173 young (177152K), 8 survivors (8192K)
 Metaspace       used 110351K, capacity 112871K, committed 113152K, reserved 1148928K
  class space    used 13534K, capacity 14495K, committed 14592K, reserved 1048576K
}
Event: 384.131 GC heap after
{Heap after GC invocations=160 (full 0):
 garbage-first heap   total 537600K, used 159933K [0x0000000080000000, 0x0000000100000000)
  region size 1024K, 10 young (10240K), 10 survivors (10240K)
 Metaspace       used 110351K, capacity 112871K, committed 113152K, reserved 1148928K
  class space    used 13534K, capacity 14495K, committed 14592K, reserved 1048576K
}
Event: 386.893 GC heap before
{Heap before GC invocations=160 (full 0):
 garbage-first heap   total 537600K, used 332989K [0x0000000080000000, 0x0000000100000000)
  region size 1024K, 179 young (183296K), 10 survivors (10240K)
 Metaspace       used 110354K, capacity 112872K, committed 113152K, reserved 1148928K
  class space    used 13534K, capacity 14495K, committed 14592K, reserved 1048576K
}
Event: 387.025 GC heap after
{Heap after GC invocations=161 (full 0):
 garbage-first heap   total 537600K, used 167613K [0x0000000080000000, 0x0000000100000000)
  region size 1024K, 18 young (18432K), 18 survivors (18432K)
 Metaspace       used 110354K, capacity 112872K, committed 113152K, reserved 1148928K
  class space    used 13534K, capacity 14495K, committed 14592K, reserved 1048576K
}
Event: 389.587 GC heap before
{Heap before GC invocations=161 (full 0):
 garbage-first heap   total 537600K, used 319165K [0x0000000080000000, 0x0000000100000000)
  region size 1024K, 164 young (167936K), 18 survivors (18432K)
 Metaspace       used 110372K, capacity 112874K, committed 113152K, reserved 1148928K
  class space    used 13534K, capacity 14495K, committed 14592K, reserved 1048576K
}
Event: 389.746 GC heap after
{Heap after GC invocations=162 (full 0):
 garbage-first heap   total 537600K, used 173760K [0x0000000080000000, 0x0000000100000000)
  region size 1024K, 14 young (14336K), 14 survivors (14336K)
 Metaspace       used 110372K, capacity 112874K, committed 113152K, reserved 1148928K
  class space    used 13534K, capacity 14495K, committed 14592K, reserved 1048576K
}
Event: 392.471 GC heap before
{Heap before GC invocations=162 (full 0):
 garbage-first heap   total 537600K, used 342720K [0x0000000080000000, 0x0000000100000000)
  region size 1024K, 179 young (183296K), 14 survivors (14336K)
 Metaspace       used 110376K, capacity 112876K, committed 113152K, reserved 1148928K
  class space    used 13534K, capacity 14495K, committed 14592K, reserved 1048576K
}

