# JRE version: OpenJDK Runtime Environment (11.0.8+10) (build 11.0.8+10-b944.6842174)
# Java VM: OpenJDK 64-Bit Server VM (11.0.8+10-b944.6842174, mixed mode, tiered, compressed oops, g1 gc, windows-amd64)
Heap:
 garbage-first heap   total 516096K, used 164842K [0x0000000080000000, 0x0000000100000000)
  region size 1024K, 11 young (11264K), 11 survivors (11264K)
 Metaspace       used 98938K, capacity 101315K, committed 101500K, reserved 1136640K
  class space    used 12559K, capacity 13488K, committed 13568K, reserved 1048576K
GC Heap History (20 events):
Event: 214.418 GC heap after
{Heap after GC invocations=87 (full 0):
 garbage-first heap   total 346112K, used 150344K [0x0000000080000000, 0x0000000100000000)
  region size 1024K, 6 young (6144K), 6 survivors (6144K)
 Metaspace       used 98870K, capacity 101234K, committed 101500K, reserved 1136640K
  class space    used 12557K, capacity 13485K, committed 13568K, reserved 1048576K
}
Event: 218.522 GC heap before
{Heap before GC invocations=87 (full 0):
 garbage-first heap   total 346112K, used 270152K [0x0000000080000000, 0x0000000100000000)
  region size 1024K, 123 young (125952K), 6 survivors (6144K)
 Metaspace       used 98880K, capacity 101240K, committed 101500K, reserved 1136640K
  class space    used 12559K, capacity 13487K, committed 13568K, reserved 1048576K
}
Event: 218.629 GC heap after
{Heap after GC invocations=88 (full 0):
 garbage-first heap   total 346112K, used 151368K [0x0000000080000000, 0x0000000100000000)
  region size 1024K, 7 young (7168K), 7 survivors (7168K)
 Metaspace       used 98880K, capacity 101240K, committed 101500K, reserved 1136640K
  class space    used 12559K, capacity 13487K, committed 13568K, reserved 1048576K
}
Event: 221.634 GC heap before
{Heap before GC invocations=88 (full 0):
 garbage-first heap   total 346112K, used 274248K [0x0000000080000000, 0x0000000100000000)
  region size 1024K, 127 young (130048K), 7 survivors (7168K)
 Metaspace       used 98885K, capacity 101241K, committed 101500K, reserved 1136640K
  class space    used 12559K, capacity 13487K, committed 13568K, reserved 1048576K
}
Event: 221.757 GC heap after
{Heap after GC invocations=89 (full 0):
 garbage-first heap   total 415744K, used 153928K [0x0000000080000000, 0x0000000100000000)
  region size 1024K, 10 young (10240K), 10 survivors (10240K)
 Metaspace       used 98885K, capacity 101241K, committed 101500K, reserved 1136640K
  class space    used 12559K, capacity 13487K, committed 13568K, reserved 1048576K
}
Event: 226.724 GC heap before
{Heap before GC invocations=89 (full 0):
 garbage-first heap   total 415744K, used 279880K [0x0000000080000000, 0x0000000100000000)
  region size 1024K, 133 young (136192K), 10 survivors (10240K)
 Metaspace       used 98899K, capacity 101305K, committed 101500K, reserved 1136640K
  class space    used 12559K, capacity 13487K, committed 13568K, reserved 1048576K
}
Event: 226.957 GC heap after
{Heap after GC invocations=90 (full 0):
 garbage-first heap   total 415744K, used 154000K [0x0000000080000000, 0x0000000100000000)
  region size 1024K, 9 young (9216K), 9 survivors (9216K)
 Metaspace       used 98899K, capacity 101305K, committed 101500K, reserved 1136640K
  class space    used 12559K, capacity 13487K, committed 13568K, reserved 1048576K
}
Event: 229.681 GC heap before
{Heap before GC invocations=90 (full 0):
 garbage-first heap   total 415744K, used 218512K [0x0000000080000000, 0x0000000100000000)
  region size 1024K, 72 young (73728K), 9 survivors (9216K)
 Metaspace       used 98904K, capacity 101305K, committed 101500K, reserved 1136640K
  class space    used 12559K, capacity 13487K, committed 13568K, reserved 1048576K
}
Event: 229.779 GC heap after
{Heap after GC invocations=91 (full 0):
 garbage-first heap   total 415744K, used 155129K [0x0000000080000000, 0x0000000100000000)
  region size 1024K, 5 young (5120K), 5 survivors (5120K)
 Metaspace       used 98904K, capacity 101305K, committed 101500K, reserved 1136640K
  class space    used 12559K, capacity 13487K, committed 13568K, reserved 1048576K
}
Event: 232.834 GC heap before
{Heap before GC invocations=91 (full 0):
 garbage-first heap   total 415744K, used 235001K [0x0000000080000000, 0x0000000100000000)
  region size 1024K, 83 young (84992K), 5 survivors (5120K)
 Metaspace       used 98906K, capacity 101305K, committed 101500K, reserved 1136640K
  class space    used 12559K, capacity 13487K, committed 13568K, reserved 1048576K
}
Event: 232.903 GC heap after
{Heap after GC invocations=92 (full 0):
 garbage-first heap   total 415744K, used 156153K [0x0000000080000000, 0x0000000100000000)
  region size 1024K, 6 young (6144K), 6 survivors (6144K)
 Metaspace       used 98906K, capacity 101305K, committed 101500K, reserved 1136640K
  class space    used 12559K, capacity 13487K, committed 13568K, reserved 1048576K
}
Event: 235.404 GC heap before
{Heap before GC invocations=92 (full 0):
 garbage-first heap   total 415744K, used 243193K [0x0000000080000000, 0x0000000100000000)
  region size 1024K, 91 young (93184K), 6 survivors (6144K)
 Metaspace       used 98906K, capacity 101305K, committed 101500K, reserved 1136640K
  class space    used 12559K, capacity 13487K, committed 13568K, reserved 1048576K
}
Event: 235.468 GC heap after
{Heap after GC invocations=93 (full 0):
 garbage-first heap   total 415744K, used 157177K [0x0000000080000000, 0x0000000100000000)
  region size 1024K, 7 young (7168K), 7 survivors (7168K)
 Metaspace       used 98906K, capacity 101305K, committed 101500K, reserved 1136640K
  class space    used 12559K, capacity 13487K, committed 13568K, reserved 1048576K
}
Event: 237.491 GC heap before
{Heap before GC invocations=93 (full 0):
 garbage-first heap   total 415744K, used 251385K [0x0000000080000000, 0x0000000100000000)
  region size 1024K, 99 young (101376K), 7 survivors (7168K)
 Metaspace       used 98909K, capacity 101305K, committed 101500K, reserved 1136640K
  class space    used 12559K, capacity 13487K, committed 13568K, reserved 1048576K
}
Event: 237.563 GC heap after
{Heap after GC invocations=94 (full 0):
 garbage-first heap   total 415744K, used 158028K [0x0000000080000000, 0x0000000100000000)
  region size 1024K, 7 young (7168K), 7 survivors (7168K)
 Metaspace       used 98909K, capacity 101305K, committed 101500K, reserved 1136640K
  class space    used 12559K, capacity 13487K, committed 13568K, reserved 1048576K
}
Event: 241.025 GC heap before
{Heap before GC invocations=94 (full 0):
 garbage-first heap   total 415744K, used 261452K [0x0000000080000000, 0x0000000100000000)
  region size 1024K, 105 young (107520K), 7 survivors (7168K)
 Metaspace       used 98921K, capacity 101305K, committed 101500K, reserved 1136640K
  class space    used 12559K, capacity 13487K, committed 13568K, reserved 1048576K
}
Event: 241.098 GC heap after
{Heap after GC invocations=95 (full 0):
 garbage-first heap   total 415744K, used 159052K [0x0000000080000000, 0x0000000100000000)
  region size 1024K, 8 young (8192K), 8 survivors (8192K)
 Metaspace       used 98921K, capacity 101305K, committed 101500K, reserved 1136640K
  class space    used 12559K, capacity 13487K, committed 13568K, reserved 1048576K
}
Event: 244.338 GC heap before
{Heap before GC invocations=95 (full 0):
 garbage-first heap   total 415744K, used 260428K [0x0000000080000000, 0x0000000100000000)
  region size 1024K, 107 young (109568K), 8 survivors (8192K)
 Metaspace       used 98930K, capacity 101311K, committed 101500K, reserved 1136640K
  class space    used 12559K, capacity 13488K, committed 13568K, reserved 1048576K
}
Event: 244.445 GC heap after
{Heap after GC invocations=96 (full 0):
 garbage-first heap   total 415744K, used 159931K [0x0000000080000000, 0x0000000100000000)
  region size 1024K, 7 young (7168K), 7 survivors (7168K)
 Metaspace       used 98930K, capacity 101311K, committed 101500K, reserved 1136640K
  class space    used 12559K, capacity 13488K, committed 13568K, reserved 1048576K
}
Event: 246.839 GC heap before
{Heap before GC invocations=96 (full 0):
 garbage-first heap   total 415744K, used 266427K [0x0000000080000000, 0x0000000100000000)
  region size 1024K, 109 young (111616K), 7 survivors (7168K)
 Metaspace       used 98938K, capacity 101315K, committed 101500K, reserved 1136640K
  class space    used 12559K, capacity 13488K, committed 13568K, reserved 1048576K
}

