# JRE version: OpenJDK Runtime Environment (11.0.8+10) (build 11.0.8+10-b944.6842174)
# Java VM: OpenJDK 64-Bit Server VM (11.0.8+10-b944.6842174, mixed mode, tiered, compressed oops, g1 gc, windows-amd64)
Heap:
 garbage-first heap   total 287744K, used 145082K [0x0000000080000000, 0x0000000100000000)
  region size 1024K, 5 young (5120K), 5 survivors (5120K)
 Metaspace       used 109525K, capacity 112077K, committed 112384K, reserved 1146880K
  class space    used 13551K, capacity 14540K, committed 14592K, reserved 1048576K
GC Heap History (20 events):
Event: 164.213 GC heap after
{Heap after GC invocations=97 (full 0):
 garbage-first heap   total 199680K, used 131275K [0x0000000080000000, 0x0000000100000000)
  region size 1024K, 4 young (4096K), 4 survivors (4096K)
 Metaspace       used 108806K, capacity 111209K, committed 111488K, reserved 1146880K
  class space    used 13476K, capacity 14421K, committed 14464K, reserved 1048576K
}
Event: 165.245 GC heap before
{Heap before GC invocations=97 (full 0):
 garbage-first heap   total 199680K, used 170187K [0x0000000080000000, 0x0000000100000000)
  region size 1024K, 42 young (43008K), 4 survivors (4096K)
 Metaspace       used 108919K, capacity 111342K, committed 111488K, reserved 1146880K
  class space    used 13488K, capacity 14422K, committed 14464K, reserved 1048576K
}
Event: 165.269 GC heap after
{Heap after GC invocations=98 (full 0):
 garbage-first heap   total 199680K, used 132890K [0x0000000080000000, 0x0000000100000000)
  region size 1024K, 5 young (5120K), 5 survivors (5120K)
 Metaspace       used 108919K, capacity 111342K, committed 111488K, reserved 1146880K
  class space    used 13488K, capacity 14422K, committed 14464K, reserved 1048576K
}
Event: 166.258 GC heap before
{Heap before GC invocations=98 (full 0):
 garbage-first heap   total 199680K, used 170778K [0x0000000080000000, 0x0000000100000000)
  region size 1024K, 43 young (44032K), 5 survivors (5120K)
 Metaspace       used 108996K, capacity 111464K, committed 111488K, reserved 1146880K
  class space    used 13499K, capacity 14459K, committed 14464K, reserved 1048576K
}
Event: 166.292 GC heap after
{Heap after GC invocations=99 (full 0):
 garbage-first heap   total 199680K, used 135278K [0x0000000080000000, 0x0000000100000000)
  region size 1024K, 5 young (5120K), 5 survivors (5120K)
 Metaspace       used 108996K, capacity 111464K, committed 111488K, reserved 1146880K
  class space    used 13499K, capacity 14459K, committed 14464K, reserved 1048576K
}
Event: 167.022 GC heap before
{Heap before GC invocations=99 (full 0):
 garbage-first heap   total 199680K, used 171118K [0x0000000080000000, 0x0000000100000000)
  region size 1024K, 40 young (40960K), 5 survivors (5120K)
 Metaspace       used 109010K, capacity 111466K, committed 111488K, reserved 1146880K
  class space    used 13499K, capacity 14459K, committed 14464K, reserved 1048576K
}
Event: 167.041 GC heap after
{Heap after GC invocations=100 (full 0):
 garbage-first heap   total 199680K, used 134846K [0x0000000080000000, 0x0000000100000000)
  region size 1024K, 2 young (2048K), 2 survivors (2048K)
 Metaspace       used 109010K, capacity 111466K, committed 111488K, reserved 1146880K
  class space    used 13499K, capacity 14459K, committed 14464K, reserved 1048576K
}
Event: 167.598 GC heap before
{Heap before GC invocations=100 (full 0):
 garbage-first heap   total 199680K, used 171710K [0x0000000080000000, 0x0000000100000000)
  region size 1024K, 38 young (38912K), 2 survivors (2048K)
 Metaspace       used 109021K, capacity 111468K, committed 111488K, reserved 1146880K
  class space    used 13499K, capacity 14459K, committed 14464K, reserved 1048576K
}
Event: 167.629 GC heap after
{Heap after GC invocations=101 (full 0):
 garbage-first heap   total 239616K, used 140131K [0x0000000080000000, 0x0000000100000000)
  region size 1024K, 5 young (5120K), 5 survivors (5120K)
 Metaspace       used 109021K, capacity 111468K, committed 111488K, reserved 1146880K
  class space    used 13499K, capacity 14459K, committed 14464K, reserved 1048576K
}
Event: 169.989 GC heap before
{Heap before GC invocations=101 (full 0):
 garbage-first heap   total 239616K, used 190307K [0x0000000080000000, 0x0000000100000000)
  region size 1024K, 54 young (55296K), 5 survivors (5120K)
 Metaspace       used 109075K, capacity 111565K, committed 111872K, reserved 1146880K
  class space    used 13509K, capacity 14491K, committed 14592K, reserved 1048576K
}
Event: 170.018 GC heap after
{Heap after GC invocations=102 (full 0):
 garbage-first heap   total 239616K, used 141356K [0x0000000080000000, 0x0000000100000000)
  region size 1024K, 2 young (2048K), 2 survivors (2048K)
 Metaspace       used 109075K, capacity 111565K, committed 111872K, reserved 1146880K
  class space    used 13509K, capacity 14491K, committed 14592K, reserved 1048576K
}
Event: 171.883 GC heap before
{Heap before GC invocations=102 (full 0):
 garbage-first heap   total 239616K, used 191532K [0x0000000080000000, 0x0000000100000000)
  region size 1024K, 52 young (53248K), 2 survivors (2048K)
 Metaspace       used 109095K, capacity 111630K, committed 111872K, reserved 1146880K
  class space    used 13509K, capacity 14491K, committed 14592K, reserved 1048576K
}
Event: 171.901 GC heap after
{Heap after GC invocations=103 (full 0):
 garbage-first heap   total 239616K, used 141929K [0x0000000080000000, 0x0000000100000000)
  region size 1024K, 3 young (3072K), 3 survivors (3072K)
 Metaspace       used 109095K, capacity 111630K, committed 111872K, reserved 1146880K
  class space    used 13509K, capacity 14491K, committed 14592K, reserved 1048576K
}
Event: 173.256 GC heap before
{Heap before GC invocations=103 (full 0):
 garbage-first heap   total 239616K, used 194153K [0x0000000080000000, 0x0000000100000000)
  region size 1024K, 54 young (55296K), 3 survivors (3072K)
 Metaspace       used 109100K, capacity 111632K, committed 111872K, reserved 1146880K
  class space    used 13509K, capacity 14491K, committed 14592K, reserved 1048576K
}
Event: 173.276 GC heap after
{Heap after GC invocations=104 (full 0):
 garbage-first heap   total 239616K, used 142983K [0x0000000080000000, 0x0000000100000000)
  region size 1024K, 4 young (4096K), 4 survivors (4096K)
 Metaspace       used 109100K, capacity 111632K, committed 111872K, reserved 1146880K
  class space    used 13509K, capacity 14491K, committed 14592K, reserved 1048576K
}
Event: 174.295 GC heap before
{Heap before GC invocations=104 (full 0):
 garbage-first heap   total 239616K, used 196231K [0x0000000080000000, 0x0000000100000000)
  region size 1024K, 56 young (57344K), 4 survivors (4096K)
 Metaspace       used 109126K, capacity 111697K, committed 111872K, reserved 1146880K
  class space    used 13509K, capacity 14491K, committed 14592K, reserved 1048576K
}
Event: 174.320 GC heap after
{Heap after GC invocations=105 (full 0):
 garbage-first heap   total 239616K, used 143854K [0x0000000080000000, 0x0000000100000000)
  region size 1024K, 5 young (5120K), 5 survivors (5120K)
 Metaspace       used 109126K, capacity 111697K, committed 111872K, reserved 1146880K
  class space    used 13509K, capacity 14491K, committed 14592K, reserved 1048576K
}
Event: 175.467 GC heap before
{Heap before GC invocations=105 (full 0):
 garbage-first heap   total 239616K, used 197102K [0x0000000080000000, 0x0000000100000000)
  region size 1024K, 58 young (59392K), 5 survivors (5120K)
 Metaspace       used 109132K, capacity 111697K, committed 111872K, reserved 1146880K
  class space    used 13509K, capacity 14491K, committed 14592K, reserved 1048576K
}
Event: 175.494 GC heap after
{Heap after GC invocations=106 (full 0):
 garbage-first heap   total 239616K, used 144576K [0x0000000080000000, 0x0000000100000000)
  region size 1024K, 5 young (5120K), 5 survivors (5120K)
 Metaspace       used 109132K, capacity 111697K, committed 111872K, reserved 1146880K
  class space    used 13509K, capacity 14491K, committed 14592K, reserved 1048576K
}
Event: 177.235 GC heap before
{Heap before GC invocations=106 (full 0):
 garbage-first heap   total 239616K, used 201920K [0x0000000080000000, 0x0000000100000000)
  region size 1024K, 60 young (61440K), 5 survivors (5120K)
 Metaspace       used 109525K, capacity 112077K, committed 112384K, reserved 1146880K
  class space    used 13551K, capacity 14540K, committed 14592K, reserved 1048576K
}

