# JRE version: OpenJDK Runtime Environment (11.0.8+10) (build 11.0.8+10-b944.6842174)
# Java VM: OpenJDK 64-Bit Server VM (11.0.8+10-b944.6842174, mixed mode, tiered, compressed oops, g1 gc, windows-amd64)
Heap:
 garbage-first heap   total 78848K, used 49685K [0x0000000080000000, 0x0000000100000000)
  region size 1024K, 1 young (1024K), 1 survivors (1024K)
 Metaspace       used 56795K, capacity 58130K, committed 58364K, reserved 1099776K
  class space    used 7214K, capacity 7763K, committed 7808K, reserved 1048576K
GC Heap History (20 events):
Event: 62.195 GC heap after
{Heap after GC invocations=31 (full 0):
 garbage-first heap   total 65536K, used 45625K [0x0000000080000000, 0x0000000100000000)
  region size 1024K, 1 young (1024K), 1 survivors (1024K)
 Metaspace       used 48848K, capacity 50025K, committed 50300K, reserved 1093632K
  class space    used 6191K, capacity 6628K, committed 6656K, reserved 1048576K
}
Event: 62.746 GC heap before
{Heap before GC invocations=31 (full 0):
 garbage-first heap   total 65536K, used 52793K [0x0000000080000000, 0x0000000100000000)
  region size 1024K, 8 young (8192K), 1 survivors (1024K)
 Metaspace       used 49826K, capacity 51053K, committed 51196K, reserved 1093632K
  class space    used 6312K, capacity 6757K, committed 6784K, reserved 1048576K
}
Event: 62.753 GC heap after
{Heap after GC invocations=32 (full 0):
 garbage-first heap   total 65536K, used 45867K [0x0000000080000000, 0x0000000100000000)
  region size 1024K, 1 young (1024K), 1 survivors (1024K)
 Metaspace       used 49826K, capacity 51053K, committed 51196K, reserved 1093632K
  class space    used 6312K, capacity 6757K, committed 6784K, reserved 1048576K
}
Event: 63.303 GC heap before
{Heap before GC invocations=33 (full 0):
 garbage-first heap   total 65536K, used 52011K [0x0000000080000000, 0x0000000100000000)
  region size 1024K, 7 young (7168K), 1 survivors (1024K)
 Metaspace       used 50533K, capacity 51788K, committed 52092K, reserved 1095680K
  class space    used 6410K, capacity 6856K, committed 6912K, reserved 1048576K
}
Event: 63.311 GC heap after
{Heap after GC invocations=34 (full 0):
 garbage-first heap   total 65536K, used 46100K [0x0000000080000000, 0x0000000100000000)
  region size 1024K, 1 young (1024K), 1 survivors (1024K)
 Metaspace       used 50533K, capacity 51788K, committed 52092K, reserved 1095680K
  class space    used 6410K, capacity 6856K, committed 6912K, reserved 1048576K
}
Event: 63.838 GC heap before
{Heap before GC invocations=34 (full 0):
 garbage-first heap   total 65536K, used 52244K [0x0000000080000000, 0x0000000100000000)
  region size 1024K, 7 young (7168K), 1 survivors (1024K)
 Metaspace       used 51413K, capacity 52719K, committed 52988K, reserved 1095680K
  class space    used 6535K, capacity 7017K, committed 7040K, reserved 1048576K
}
Event: 63.845 GC heap after
{Heap after GC invocations=35 (full 0):
 garbage-first heap   total 65536K, used 46367K [0x0000000080000000, 0x0000000100000000)
  region size 1024K, 1 young (1024K), 1 survivors (1024K)
 Metaspace       used 51413K, capacity 52719K, committed 52988K, reserved 1095680K
  class space    used 6535K, capacity 7017K, committed 7040K, reserved 1048576K
}
Event: 64.763 GC heap before
{Heap before GC invocations=36 (full 0):
 garbage-first heap   total 65536K, used 51487K [0x0000000080000000, 0x0000000100000000)
  region size 1024K, 7 young (7168K), 1 survivors (1024K)
 Metaspace       used 52250K, capacity 53585K, committed 53628K, reserved 1095680K
  class space    used 6635K, capacity 7131K, committed 7168K, reserved 1048576K
}
Event: 64.770 GC heap after
{Heap after GC invocations=37 (full 0):
 garbage-first heap   total 65536K, used 46509K [0x0000000080000000, 0x0000000100000000)
  region size 1024K, 1 young (1024K), 1 survivors (1024K)
 Metaspace       used 52250K, capacity 53585K, committed 53628K, reserved 1095680K
  class space    used 6635K, capacity 7131K, committed 7168K, reserved 1048576K
}
Event: 65.880 GC heap before
{Heap before GC invocations=37 (full 0):
 garbage-first heap   total 65536K, used 52653K [0x0000000080000000, 0x0000000100000000)
  region size 1024K, 7 young (7168K), 1 survivors (1024K)
 Metaspace       used 53170K, capacity 54421K, committed 54524K, reserved 1097728K
  class space    used 6729K, capacity 7213K, committed 7296K, reserved 1048576K
}
Event: 65.887 GC heap after
{Heap after GC invocations=38 (full 0):
 garbage-first heap   total 65536K, used 46783K [0x0000000080000000, 0x0000000100000000)
  region size 1024K, 1 young (1024K), 1 survivors (1024K)
 Metaspace       used 53170K, capacity 54421K, committed 54524K, reserved 1097728K
  class space    used 6729K, capacity 7213K, committed 7296K, reserved 1048576K
}
Event: 66.658 GC heap before
{Heap before GC invocations=39 (full 0):
 garbage-first heap   total 65536K, used 53951K [0x0000000080000000, 0x0000000100000000)
  region size 1024K, 8 young (8192K), 1 survivors (1024K)
 Metaspace       used 53814K, capacity 55068K, committed 55420K, reserved 1097728K
  class space    used 6841K, capacity 7323K, committed 7424K, reserved 1048576K
}
Event: 66.667 GC heap after
{Heap after GC invocations=40 (full 0):
 garbage-first heap   total 65536K, used 47005K [0x0000000080000000, 0x0000000100000000)
  region size 1024K, 1 young (1024K), 1 survivors (1024K)
 Metaspace       used 53814K, capacity 55068K, committed 55420K, reserved 1097728K
  class space    used 6841K, capacity 7323K, committed 7424K, reserved 1048576K
}
Event: 67.867 GC heap before
{Heap before GC invocations=40 (full 0):
 garbage-first heap   total 65536K, used 53149K [0x0000000080000000, 0x0000000100000000)
  region size 1024K, 7 young (7168K), 1 survivors (1024K)
 Metaspace       used 55265K, capacity 56627K, committed 56956K, reserved 1099776K
  class space    used 7032K, capacity 7565K, committed 7680K, reserved 1048576K
}
Event: 67.876 GC heap after
{Heap after GC invocations=41 (full 0):
 garbage-first heap   total 65536K, used 47563K [0x0000000080000000, 0x0000000100000000)
  region size 1024K, 1 young (1024K), 1 survivors (1024K)
 Metaspace       used 55265K, capacity 56627K, committed 56956K, reserved 1099776K
  class space    used 7032K, capacity 7565K, committed 7680K, reserved 1048576K
}
Event: 68.915 GC heap before
{Heap before GC invocations=42 (full 0):
 garbage-first heap   total 65536K, used 52683K [0x0000000080000000, 0x0000000100000000)
  region size 1024K, 7 young (7168K), 1 survivors (1024K)
 Metaspace       used 56145K, capacity 57494K, committed 57724K, reserved 1099776K
  class space    used 7122K, capacity 7662K, committed 7680K, reserved 1048576K
}
Event: 68.926 GC heap after
{Heap after GC invocations=43 (full 0):
 garbage-first heap   total 65536K, used 48500K [0x0000000080000000, 0x0000000100000000)
  region size 1024K, 1 young (1024K), 1 survivors (1024K)
 Metaspace       used 56145K, capacity 57494K, committed 57724K, reserved 1099776K
  class space    used 7122K, capacity 7662K, committed 7680K, reserved 1048576K
}
Event: 69.769 GC heap before
{Heap before GC invocations=43 (full 0):
 garbage-first heap   total 65536K, used 53620K [0x0000000080000000, 0x0000000100000000)
  region size 1024K, 6 young (6144K), 1 survivors (1024K)
 Metaspace       used 56286K, capacity 57628K, committed 57724K, reserved 1099776K
  class space    used 7143K, capacity 7664K, committed 7680K, reserved 1048576K
}
Event: 69.778 GC heap after
{Heap after GC invocations=44 (full 0):
 garbage-first heap   total 65536K, used 49298K [0x0000000080000000, 0x0000000100000000)
  region size 1024K, 1 young (1024K), 1 survivors (1024K)
 Metaspace       used 56286K, capacity 57628K, committed 57724K, reserved 1099776K
  class space    used 7143K, capacity 7664K, committed 7680K, reserved 1048576K
}
Event: 70.724 GC heap before
{Heap before GC invocations=45 (full 0):
 garbage-first heap   total 65536K, used 53394K [0x0000000080000000, 0x0000000100000000)
  region size 1024K, 6 young (6144K), 1 survivors (1024K)
 Metaspace       used 56795K, capacity 58130K, committed 58364K, reserved 1099776K
  class space    used 7214K, capacity 7763K, committed 7808K, reserved 1048576K
}

