# JRE version: OpenJDK Runtime Environment (11.0.8+10) (build 11.0.8+10-b944.6842174)
# Java VM: OpenJDK 64-Bit Server VM (11.0.8+10-b944.6842174, mixed mode, tiered, compressed oops, g1 gc, windows-amd64)
Heap:
 garbage-first heap   total 95232K, used 48538K [0x0000000080000000, 0x0000000100000000)
  region size 1024K, 17 young (17408K), 4 survivors (4096K)
 Metaspace       used 36540K, capacity 37399K, committed 37756K, reserved 1081344K
  class space    used 4736K, capacity 5027K, committed 5120K, reserved 1048576K
GC Heap History (20 events):
Event: 1.544 GC heap before
{Heap before GC invocations=0 (full 0):
 garbage-first heap   total 65536K, used 9216K [0x0000000080000000, 0x0000000100000000)
  region size 1024K, 7 young (7168K), 0 survivors (0K)
 Metaspace       used 6121K, capacity 6261K, committed 6528K, reserved 1056768K
  class space    used 535K, capacity 578K, committed 640K, reserved 1048576K
}
Event: 1.557 GC heap after
{Heap after GC invocations=1 (full 0):
 garbage-first heap   total 65536K, used 4430K [0x0000000080000000, 0x0000000100000000)
  region size 1024K, 1 young (1024K), 1 survivors (1024K)
 Metaspace       used 6121K, capacity 6261K, committed 6528K, reserved 1056768K
  class space    used 535K, capacity 578K, committed 640K, reserved 1048576K
}
Event: 4.259 GC heap before
{Heap before GC invocations=1 (full 0):
 garbage-first heap   total 65536K, used 45390K [0x0000000080000000, 0x0000000100000000)
  region size 1024K, 38 young (38912K), 1 survivors (1024K)
 Metaspace       used 10626K, capacity 10825K, committed 11008K, reserved 1058816K
  class space    used 1100K, capacity 1164K, committed 1280K, reserved 1048576K
}
Event: 4.275 GC heap after
{Heap after GC invocations=2 (full 0):
 garbage-first heap   total 65536K, used 10617K [0x0000000080000000, 0x0000000100000000)
  region size 1024K, 5 young (5120K), 5 survivors (5120K)
 Metaspace       used 10626K, capacity 10825K, committed 11008K, reserved 1058816K
  class space    used 1100K, capacity 1164K, committed 1280K, reserved 1048576K
}
Event: 4.394 GC heap before
{Heap before GC invocations=2 (full 0):
 garbage-first heap   total 65536K, used 14713K [0x0000000080000000, 0x0000000100000000)
  region size 1024K, 10 young (10240K), 5 survivors (5120K)
 Metaspace       used 10632K, capacity 10825K, committed 11008K, reserved 1058816K
  class space    used 1100K, capacity 1164K, committed 1280K, reserved 1048576K
}
Event: 4.406 GC heap after
{Heap after GC invocations=3 (full 0):
 garbage-first heap   total 65536K, used 11995K [0x0000000080000000, 0x0000000100000000)
  region size 1024K, 1 young (1024K), 1 survivors (1024K)
 Metaspace       used 10632K, capacity 10825K, committed 11008K, reserved 1058816K
  class space    used 1100K, capacity 1164K, committed 1280K, reserved 1048576K
}
Event: 5.375 GC heap before
{Heap before GC invocations=3 (full 0):
 garbage-first heap   total 65536K, used 29403K [0x0000000080000000, 0x0000000100000000)
  region size 1024K, 18 young (18432K), 1 survivors (1024K)
 Metaspace       used 11506K, capacity 11780K, committed 11904K, reserved 1060864K
  class space    used 1270K, capacity 1333K, committed 1408K, reserved 1048576K
}
Event: 5.382 GC heap after
{Heap after GC invocations=4 (full 0):
 garbage-first heap   total 65536K, used 14269K [0x0000000080000000, 0x0000000100000000)
  region size 1024K, 3 young (3072K), 3 survivors (3072K)
 Metaspace       used 11506K, capacity 11780K, committed 11904K, reserved 1060864K
  class space    used 1270K, capacity 1333K, committed 1408K, reserved 1048576K
}
Event: 8.161 GC heap before
{Heap before GC invocations=4 (full 0):
 garbage-first heap   total 65536K, used 35773K [0x0000000080000000, 0x0000000100000000)
  region size 1024K, 24 young (24576K), 3 survivors (3072K)
 Metaspace       used 17937K, capacity 18355K, committed 18432K, reserved 1064960K
  class space    used 2132K, capacity 2271K, committed 2304K, reserved 1048576K
}
Event: 8.178 GC heap after
{Heap after GC invocations=5 (full 0):
 garbage-first heap   total 65536K, used 16616K [0x0000000080000000, 0x0000000100000000)
  region size 1024K, 3 young (3072K), 3 survivors (3072K)
 Metaspace       used 17937K, capacity 18355K, committed 18432K, reserved 1064960K
  class space    used 2132K, capacity 2271K, committed 2304K, reserved 1048576K
}
Event: 8.975 GC heap before
{Heap before GC invocations=5 (full 0):
 garbage-first heap   total 65536K, used 34024K [0x0000000080000000, 0x0000000100000000)
  region size 1024K, 21 young (21504K), 3 survivors (3072K)
 Metaspace       used 20616K, capacity 21191K, committed 21296K, reserved 1069056K
  class space    used 2513K, capacity 2688K, committed 2688K, reserved 1048576K
}
Event: 8.992 GC heap after
{Heap after GC invocations=6 (full 0):
 garbage-first heap   total 78848K, used 17095K [0x0000000080000000, 0x0000000100000000)
  region size 1024K, 1 young (1024K), 1 survivors (1024K)
 Metaspace       used 20616K, capacity 21191K, committed 21296K, reserved 1069056K
  class space    used 2513K, capacity 2688K, committed 2688K, reserved 1048576K
}
Event: 10.465 GC heap before
{Heap before GC invocations=7 (full 0):
 garbage-first heap   total 78848K, used 44743K [0x0000000080000000, 0x0000000100000000)
  region size 1024K, 28 young (28672K), 1 survivors (1024K)
 Metaspace       used 23712K, capacity 24253K, committed 24496K, reserved 1071104K
  class space    used 3013K, capacity 3201K, committed 3328K, reserved 1048576K
}
Event: 10.479 GC heap after
{Heap after GC invocations=8 (full 0):
 garbage-first heap   total 78848K, used 18232K [0x0000000080000000, 0x0000000100000000)
  region size 1024K, 2 young (2048K), 2 survivors (2048K)
 Metaspace       used 23712K, capacity 24253K, committed 24496K, reserved 1071104K
  class space    used 3013K, capacity 3201K, committed 3328K, reserved 1048576K
}
Event: 13.055 GC heap before
{Heap before GC invocations=8 (full 0):
 garbage-first heap   total 78848K, used 57144K [0x0000000080000000, 0x0000000100000000)
  region size 1024K, 31 young (31744K), 2 survivors (2048K)
 Metaspace       used 26687K, capacity 27504K, committed 27568K, reserved 1073152K
  class space    used 3488K, capacity 3792K, committed 3840K, reserved 1048576K
}
Event: 13.075 GC heap after
{Heap after GC invocations=9 (full 0):
 garbage-first heap   total 78848K, used 30718K [0x0000000080000000, 0x0000000100000000)
  region size 1024K, 4 young (4096K), 4 survivors (4096K)
 Metaspace       used 26687K, capacity 27504K, committed 27568K, reserved 1073152K
  class space    used 3488K, capacity 3792K, committed 3840K, reserved 1048576K
}
Event: 15.422 GC heap before
{Heap before GC invocations=9 (full 0):
 garbage-first heap   total 78848K, used 55294K [0x0000000080000000, 0x0000000100000000)
  region size 1024K, 28 young (28672K), 4 survivors (4096K)
 Metaspace       used 29251K, capacity 30087K, committed 30256K, reserved 1075200K
  class space    used 3890K, capacity 4185K, committed 4224K, reserved 1048576K
}
Event: 15.439 GC heap after
{Heap after GC invocations=10 (full 0):
 garbage-first heap   total 78848K, used 32008K [0x0000000080000000, 0x0000000100000000)
  region size 1024K, 1 young (1024K), 1 survivors (1024K)
 Metaspace       used 29251K, capacity 30087K, committed 30256K, reserved 1075200K
  class space    used 3890K, capacity 4185K, committed 4224K, reserved 1048576K
}
Event: 18.101 GC heap before
{Heap before GC invocations=10 (full 0):
 garbage-first heap   total 78848K, used 51464K [0x0000000080000000, 0x0000000100000000)
  region size 1024K, 22 young (22528K), 1 survivors (1024K)
 Metaspace       used 34738K, capacity 35568K, committed 35708K, reserved 1081344K
  class space    used 4491K, capacity 4799K, committed 4864K, reserved 1048576K
}
Event: 18.119 GC heap after
{Heap after GC invocations=11 (full 0):
 garbage-first heap   total 95232K, used 34202K [0x0000000080000000, 0x0000000100000000)
  region size 1024K, 4 young (4096K), 4 survivors (4096K)
 Metaspace       used 34738K, capacity 35568K, committed 35708K, reserved 1081344K
  class space    used 4491K, capacity 4799K, committed 4864K, reserved 1048576K
}

