# JRE version: OpenJDK Runtime Environment (11.0.8+10) (build 11.0.8+10-b944.6842174)
# Java VM: OpenJDK 64-Bit Server VM (11.0.8+10-b944.6842174, mixed mode, tiered, compressed oops, g1 gc, windows-amd64)
Heap:
 garbage-first heap   total 185344K, used 86974K [0x0000000080000000, 0x0000000100000000)
  region size 1024K, 3 young (3072K), 3 survivors (3072K)
 Metaspace       used 75104K, capacity 76911K, committed 77180K, reserved 1116160K
  class space    used 9602K, capacity 10224K, committed 10240K, reserved 1048576K
GC Heap History (20 events):
Event: 61.497 GC heap after
{Heap after GC invocations=65 (full 0):
 garbage-first heap   total 95232K, used 75287K [0x0000000080000000, 0x0000000100000000)
  region size 1024K, 1 young (1024K), 1 survivors (1024K)
 Metaspace       used 61772K, capacity 63478K, committed 63612K, reserved 1103872K
  class space    used 7709K, capacity 8323K, committed 8448K, reserved 1048576K
}
Event: 61.595 GC heap before
{Heap before GC invocations=65 (full 0):
 garbage-first heap   total 95232K, used 79383K [0x0000000080000000, 0x0000000100000000)
  region size 1024K, 6 young (6144K), 1 survivors (1024K)
 Metaspace       used 61809K, capacity 63481K, committed 63612K, reserved 1103872K
  class space    used 7714K, capacity 8324K, committed 8448K, reserved 1048576K
}
Event: 61.607 GC heap after
{Heap after GC invocations=66 (full 0):
 garbage-first heap   total 114688K, used 76322K [0x0000000080000000, 0x0000000100000000)
  region size 1024K, 1 young (1024K), 1 survivors (1024K)
 Metaspace       used 61809K, capacity 63481K, committed 63612K, reserved 1103872K
  class space    used 7714K, capacity 8324K, committed 8448K, reserved 1048576K
}
Event: 63.057 GC heap before
{Heap before GC invocations=67 (full 0):
 garbage-first heap   total 114688K, used 87586K [0x0000000080000000, 0x0000000100000000)
  region size 1024K, 12 young (12288K), 1 survivors (1024K)
 Metaspace       used 63002K, capacity 64699K, committed 65020K, reserved 1105920K
  class space    used 7869K, capacity 8489K, committed 8576K, reserved 1048576K
}
Event: 63.068 GC heap after
{Heap after GC invocations=68 (full 0):
 garbage-first heap   total 114688K, used 77103K [0x0000000080000000, 0x0000000100000000)
  region size 1024K, 2 young (2048K), 2 survivors (2048K)
 Metaspace       used 63002K, capacity 64699K, committed 65020K, reserved 1105920K
  class space    used 7869K, capacity 8489K, committed 8576K, reserved 1048576K
}
Event: 64.007 GC heap before
{Heap before GC invocations=68 (full 0):
 garbage-first heap   total 114688K, used 87343K [0x0000000080000000, 0x0000000100000000)
  region size 1024K, 13 young (13312K), 2 survivors (2048K)
 Metaspace       used 64082K, capacity 65797K, committed 65916K, reserved 1105920K
  class space    used 7988K, capacity 8597K, committed 8704K, reserved 1048576K
}
Event: 64.023 GC heap after
{Heap after GC invocations=69 (full 0):
 garbage-first heap   total 114688K, used 78265K [0x0000000080000000, 0x0000000100000000)
  region size 1024K, 2 young (2048K), 2 survivors (2048K)
 Metaspace       used 64082K, capacity 65797K, committed 65916K, reserved 1105920K
  class space    used 7988K, capacity 8597K, committed 8704K, reserved 1048576K
}
Event: 65.345 GC heap before
{Heap before GC invocations=70 (full 0):
 garbage-first heap   total 114688K, used 91577K [0x0000000080000000, 0x0000000100000000)
  region size 1024K, 14 young (14336K), 2 survivors (2048K)
 Metaspace       used 65595K, capacity 67254K, committed 67324K, reserved 1107968K
  class space    used 8162K, capacity 8780K, committed 8832K, reserved 1048576K
}
Event: 65.357 GC heap after
{Heap after GC invocations=71 (full 0):
 garbage-first heap   total 114688K, used 78524K [0x0000000080000000, 0x0000000100000000)
  region size 1024K, 1 young (1024K), 1 survivors (1024K)
 Metaspace       used 65595K, capacity 67254K, committed 67324K, reserved 1107968K
  class space    used 8162K, capacity 8780K, committed 8832K, reserved 1048576K
}
Event: 66.783 GC heap before
{Heap before GC invocations=71 (full 0):
 garbage-first heap   total 114688K, used 90812K [0x0000000080000000, 0x0000000100000000)
  region size 1024K, 13 young (13312K), 1 survivors (1024K)
 Metaspace       used 66777K, capacity 68595K, committed 68732K, reserved 1110016K
  class space    used 8318K, capacity 8950K, committed 8960K, reserved 1048576K
}
Event: 66.793 GC heap after
{Heap after GC invocations=72 (full 0):
 garbage-first heap   total 138240K, used 78924K [0x0000000080000000, 0x0000000100000000)
  region size 1024K, 1 young (1024K), 1 survivors (1024K)
 Metaspace       used 66777K, capacity 68595K, committed 68732K, reserved 1110016K
  class space    used 8318K, capacity 8950K, committed 8960K, reserved 1048576K
}
Event: 67.975 GC heap before
{Heap before GC invocations=73 (full 0):
 garbage-first heap   total 138240K, used 100428K [0x0000000080000000, 0x0000000100000000)
  region size 1024K, 22 young (22528K), 1 survivors (1024K)
 Metaspace       used 67371K, capacity 69281K, committed 69372K, reserved 1110016K
  class space    used 8401K, capacity 9052K, committed 9088K, reserved 1048576K
}
Event: 67.995 GC heap after
{Heap after GC invocations=74 (full 0):
 garbage-first heap   total 138240K, used 80915K [0x0000000080000000, 0x0000000100000000)
  region size 1024K, 3 young (3072K), 3 survivors (3072K)
 Metaspace       used 67371K, capacity 69281K, committed 69372K, reserved 1110016K
  class space    used 8401K, capacity 9052K, committed 9088K, reserved 1048576K
}
Event: 69.124 GC heap before
{Heap before GC invocations=74 (full 0):
 garbage-first heap   total 138240K, used 102419K [0x0000000080000000, 0x0000000100000000)
  region size 1024K, 24 young (24576K), 3 survivors (3072K)
 Metaspace       used 68549K, capacity 70346K, committed 70524K, reserved 1110016K
  class space    used 8521K, capacity 9150K, committed 9216K, reserved 1048576K
}
Event: 69.148 GC heap after
{Heap after GC invocations=75 (full 0):
 garbage-first heap   total 138240K, used 83410K [0x0000000080000000, 0x0000000100000000)
  region size 1024K, 3 young (3072K), 3 survivors (3072K)
 Metaspace       used 68549K, capacity 70346K, committed 70524K, reserved 1110016K
  class space    used 8521K, capacity 9150K, committed 9216K, reserved 1048576K
}
Event: 72.865 GC heap before
{Heap before GC invocations=76 (full 0):
 garbage-first heap   total 138240K, used 104914K [0x0000000080000000, 0x0000000100000000)
  region size 1024K, 24 young (24576K), 3 survivors (3072K)
 Metaspace       used 71258K, capacity 73112K, committed 73340K, reserved 1114112K
  class space    used 9039K, capacity 9668K, committed 9728K, reserved 1048576K
}
Event: 72.999 GC heap after
{Heap after GC invocations=77 (full 0):
 garbage-first heap   total 138240K, used 84413K [0x0000000080000000, 0x0000000100000000)
  region size 1024K, 2 young (2048K), 2 survivors (2048K)
 Metaspace       used 71258K, capacity 73112K, committed 73340K, reserved 1114112K
  class space    used 9039K, capacity 9668K, committed 9728K, reserved 1048576K
}
Event: 76.035 GC heap before
{Heap before GC invocations=77 (full 0):
 garbage-first heap   total 138240K, used 106941K [0x0000000080000000, 0x0000000100000000)
  region size 1024K, 24 young (24576K), 2 survivors (2048K)
 Metaspace       used 73518K, capacity 75319K, committed 75516K, reserved 1114112K
  class space    used 9353K, capacity 9992K, committed 10112K, reserved 1048576K
}
Event: 76.095 GC heap after
{Heap after GC invocations=78 (full 0):
 garbage-first heap   total 138240K, used 86019K [0x0000000080000000, 0x0000000100000000)
  region size 1024K, 3 young (3072K), 3 survivors (3072K)
 Metaspace       used 73518K, capacity 75319K, committed 75516K, reserved 1114112K
  class space    used 9353K, capacity 9992K, committed 10112K, reserved 1048576K
}
Event: 79.373 GC heap before
{Heap before GC invocations=79 (full 0):
 garbage-first heap   total 138240K, used 108547K [0x0000000080000000, 0x0000000100000000)
  region size 1024K, 25 young (25600K), 3 survivors (3072K)
 Metaspace       used 75104K, capacity 76911K, committed 77180K, reserved 1116160K
  class space    used 9602K, capacity 10224K, committed 10240K, reserved 1048576K
}

