# JRE version: OpenJDK Runtime Environment (11.0.8+10) (build 11.0.8+10-b944.6842174)
# Java VM: OpenJDK 64-Bit Server VM (11.0.8+10-b944.6842174, mixed mode, tiered, compressed oops, g1 gc, windows-amd64)
Heap:
 garbage-first heap   total 395264K, used 134665K [0x0000000080000000, 0x0000000100000000)
  region size 1024K, 8 young (8192K), 8 survivors (8192K)
 Metaspace       used 108269K, capacity 110763K, committed 110848K, reserved 1146880K
  class space    used 13375K, capacity 14309K, committed 14336K, reserved 1048576K
GC Heap History (20 events):
Event: 201.707 GC heap after
{Heap after GC invocations=94 (full 0):
 garbage-first heap   total 239616K, used 122620K [0x0000000080000000, 0x0000000100000000)
  region size 1024K, 4 young (4096K), 4 survivors (4096K)
 Metaspace       used 107998K, capacity 110471K, committed 110592K, reserved 1144832K
  class space    used 13367K, capacity 14307K, committed 14336K, reserved 1048576K
}
Event: 202.983 GC heap before
{Heap before GC invocations=94 (full 0):
 garbage-first heap   total 239616K, used 194300K [0x0000000080000000, 0x0000000100000000)
  region size 1024K, 74 young (75776K), 4 survivors (4096K)
 Metaspace       used 108014K, capacity 110537K, committed 110592K, reserved 1144832K
  class space    used 13368K, capacity 14307K, committed 14336K, reserved 1048576K
}
Event: 203.004 GC heap after
{Heap after GC invocations=95 (full 0):
 garbage-first heap   total 239616K, used 123666K [0x0000000080000000, 0x0000000100000000)
  region size 1024K, 5 young (5120K), 5 survivors (5120K)
 Metaspace       used 108014K, capacity 110537K, committed 110592K, reserved 1144832K
  class space    used 13368K, capacity 14307K, committed 14336K, reserved 1048576K
}
Event: 205.153 GC heap before
{Heap before GC invocations=95 (full 0):
 garbage-first heap   total 239616K, used 198418K [0x0000000080000000, 0x0000000100000000)
  region size 1024K, 78 young (79872K), 5 survivors (5120K)
 Metaspace       used 108024K, capacity 110538K, committed 110592K, reserved 1144832K
  class space    used 13368K, capacity 14307K, committed 14336K, reserved 1048576K
}
Event: 205.178 GC heap after
{Heap after GC invocations=96 (full 0):
 garbage-first heap   total 239616K, used 124778K [0x0000000080000000, 0x0000000100000000)
  region size 1024K, 6 young (6144K), 6 survivors (6144K)
 Metaspace       used 108024K, capacity 110538K, committed 110592K, reserved 1144832K
  class space    used 13368K, capacity 14307K, committed 14336K, reserved 1048576K
}
Event: 207.111 GC heap before
{Heap before GC invocations=96 (full 0):
 garbage-first heap   total 239616K, used 201578K [0x0000000080000000, 0x0000000100000000)
  region size 1024K, 81 young (82944K), 6 survivors (6144K)
 Metaspace       used 108031K, capacity 110538K, committed 110592K, reserved 1144832K
  class space    used 13368K, capacity 14307K, committed 14336K, reserved 1048576K
}
Event: 207.140 GC heap after
{Heap after GC invocations=97 (full 0):
 garbage-first heap   total 239616K, used 125424K [0x0000000080000000, 0x0000000100000000)
  region size 1024K, 6 young (6144K), 6 survivors (6144K)
 Metaspace       used 108031K, capacity 110538K, committed 110592K, reserved 1144832K
  class space    used 13368K, capacity 14307K, committed 14336K, reserved 1048576K
}
Event: 208.782 GC heap before
{Heap before GC invocations=97 (full 0):
 garbage-first heap   total 239616K, used 203248K [0x0000000080000000, 0x0000000100000000)
  region size 1024K, 82 young (83968K), 6 survivors (6144K)
 Metaspace       used 108076K, capacity 110603K, committed 110848K, reserved 1146880K
  class space    used 13370K, capacity 14307K, committed 14336K, reserved 1048576K
}
Event: 208.831 GC heap after
{Heap after GC invocations=98 (full 0):
 garbage-first heap   total 239616K, used 126576K [0x0000000080000000, 0x0000000100000000)
  region size 1024K, 6 young (6144K), 6 survivors (6144K)
 Metaspace       used 108076K, capacity 110603K, committed 110848K, reserved 1146880K
  class space    used 13370K, capacity 14307K, committed 14336K, reserved 1048576K
}
Event: 210.172 GC heap before
{Heap before GC invocations=98 (full 0):
 garbage-first heap   total 239616K, used 203376K [0x0000000080000000, 0x0000000100000000)
  region size 1024K, 81 young (82944K), 6 survivors (6144K)
 Metaspace       used 108077K, capacity 110603K, committed 110848K, reserved 1146880K
  class space    used 13370K, capacity 14307K, committed 14336K, reserved 1048576K
}
Event: 210.204 GC heap after
{Heap after GC invocations=99 (full 0):
 garbage-first heap   total 239616K, used 128112K [0x0000000080000000, 0x0000000100000000)
  region size 1024K, 7 young (7168K), 7 survivors (7168K)
 Metaspace       used 108077K, capacity 110603K, committed 110848K, reserved 1146880K
  class space    used 13370K, capacity 14307K, committed 14336K, reserved 1048576K
}
Event: 211.909 GC heap before
{Heap before GC invocations=99 (full 0):
 garbage-first heap   total 239616K, used 205936K [0x0000000080000000, 0x0000000100000000)
  region size 1024K, 82 young (83968K), 7 survivors (7168K)
 Metaspace       used 108192K, capacity 110693K, committed 110848K, reserved 1146880K
  class space    used 13370K, capacity 14307K, committed 14336K, reserved 1048576K
}
Event: 211.945 GC heap after
{Heap after GC invocations=100 (full 0):
 garbage-first heap   total 287744K, used 127837K [0x0000000080000000, 0x0000000100000000)
  region size 1024K, 6 young (6144K), 6 survivors (6144K)
 Metaspace       used 108192K, capacity 110693K, committed 110848K, reserved 1146880K
  class space    used 13370K, capacity 14307K, committed 14336K, reserved 1048576K
}
Event: 214.906 GC heap before
{Heap before GC invocations=100 (full 0):
 garbage-first heap   total 287744K, used 221021K [0x0000000080000000, 0x0000000100000000)
  region size 1024K, 97 young (99328K), 6 survivors (6144K)
 Metaspace       used 108206K, capacity 110696K, committed 110848K, reserved 1146880K
  class space    used 13370K, capacity 14308K, committed 14336K, reserved 1048576K
}
Event: 214.990 GC heap after
{Heap after GC invocations=101 (full 0):
 garbage-first heap   total 287744K, used 128349K [0x0000000080000000, 0x0000000100000000)
  region size 1024K, 6 young (6144K), 6 survivors (6144K)
 Metaspace       used 108206K, capacity 110696K, committed 110848K, reserved 1146880K
  class space    used 13370K, capacity 14308K, committed 14336K, reserved 1048576K
}
Event: 218.216 GC heap before
{Heap before GC invocations=101 (full 0):
 garbage-first heap   total 287744K, used 244061K [0x0000000080000000, 0x0000000100000000)
  region size 1024K, 119 young (121856K), 6 survivors (6144K)
 Metaspace       used 108226K, capacity 110696K, committed 110848K, reserved 1146880K
  class space    used 13370K, capacity 14308K, committed 14336K, reserved 1048576K
}
Event: 218.296 GC heap after
{Heap after GC invocations=102 (full 0):
 garbage-first heap   total 287744K, used 133981K [0x0000000080000000, 0x0000000100000000)
  region size 1024K, 12 young (12288K), 12 survivors (12288K)
 Metaspace       used 108226K, capacity 110696K, committed 110848K, reserved 1146880K
  class space    used 13370K, capacity 14308K, committed 14336K, reserved 1048576K
}
Event: 222.382 GC heap before
{Heap before GC invocations=102 (full 0):
 garbage-first heap   total 287744K, used 239453K [0x0000000080000000, 0x0000000100000000)
  region size 1024K, 115 young (117760K), 12 survivors (12288K)
 Metaspace       used 108258K, capacity 110760K, committed 110848K, reserved 1146880K
  class space    used 13375K, capacity 14308K, committed 14336K, reserved 1048576K
}
Event: 222.573 GC heap after
{Heap after GC invocations=103 (full 0):
 garbage-first heap   total 287744K, used 133641K [0x0000000080000000, 0x0000000100000000)
  region size 1024K, 7 young (7168K), 7 survivors (7168K)
 Metaspace       used 108258K, capacity 110760K, committed 110848K, reserved 1146880K
  class space    used 13375K, capacity 14308K, committed 14336K, reserved 1048576K
}
Event: 224.852 GC heap before
{Heap before GC invocations=103 (full 0):
 garbage-first heap   total 287744K, used 242185K [0x0000000080000000, 0x0000000100000000)
  region size 1024K, 113 young (115712K), 7 survivors (7168K)
 Metaspace       used 108269K, capacity 110763K, committed 110848K, reserved 1146880K
  class space    used 13375K, capacity 14309K, committed 14336K, reserved 1048576K
}

