# JRE version: OpenJDK Runtime Environment (11.0.8+10) (build 11.0.8+10-b944.6842174)
# Java VM: OpenJDK 64-Bit Server VM (11.0.8+10-b944.6842174, mixed mode, tiered, compressed oops, g1 gc, windows-amd64)
Heap:
 garbage-first heap   total 612352K, used 173870K [0x0000000080000000, 0x0000000100000000)
  region size 1024K, 16 young (16384K), 16 survivors (16384K)
 Metaspace       used 139400K, capacity 143574K, committed 143616K, reserved 1173504K
  class space    used 17146K, capacity 18666K, committed 18688K, reserved 1048576K
GC Heap History (20 events):
Event: 849.527 GC heap after
{Heap after GC invocations=176 (full 0):
 garbage-first heap   total 272384K, used 153651K [0x0000000080000000, 0x0000000100000000)
  region size 1024K, 2 young (2048K), 2 survivors (2048K)
 Metaspace       used 138161K, capacity 142346K, committed 142592K, reserved 1173504K
  class space    used 17065K, capacity 18589K, committed 18688K, reserved 1048576K
}
Event: 851.823 GC heap before
{Heap before GC invocations=176 (full 0):
 garbage-first heap   total 272384K, used 187443K [0x0000000080000000, 0x0000000100000000)
  region size 1024K, 35 young (35840K), 2 survivors (2048K)
 Metaspace       used 138822K, capacity 142983K, committed 143104K, reserved 1173504K
  class space    used 17101K, capacity 18626K, committed 18688K, reserved 1048576K
}
Event: 851.854 GC heap after
{Heap after GC invocations=177 (full 0):
 garbage-first heap   total 272384K, used 154578K [0x0000000080000000, 0x0000000100000000)
  region size 1024K, 3 young (3072K), 3 survivors (3072K)
 Metaspace       used 138822K, capacity 142983K, committed 143104K, reserved 1173504K
  class space    used 17101K, capacity 18626K, committed 18688K, reserved 1048576K
}
Event: 853.206 GC heap before
{Heap before GC invocations=177 (full 0):
 garbage-first heap   total 272384K, used 191442K [0x0000000080000000, 0x0000000100000000)
  region size 1024K, 39 young (39936K), 3 survivors (3072K)
 Metaspace       used 138896K, capacity 143050K, committed 143360K, reserved 1173504K
  class space    used 17106K, capacity 18626K, committed 18688K, reserved 1048576K
}
Event: 853.225 GC heap after
{Heap after GC invocations=178 (full 0):
 garbage-first heap   total 272384K, used 154984K [0x0000000080000000, 0x0000000100000000)
  region size 1024K, 3 young (3072K), 3 survivors (3072K)
 Metaspace       used 138896K, capacity 143050K, committed 143360K, reserved 1173504K
  class space    used 17106K, capacity 18626K, committed 18688K, reserved 1048576K
}
Event: 854.515 GC heap before
{Heap before GC invocations=178 (full 0):
 garbage-first heap   total 272384K, used 195944K [0x0000000080000000, 0x0000000100000000)
  region size 1024K, 43 young (44032K), 3 survivors (3072K)
 Metaspace       used 139053K, capacity 143214K, committed 143360K, reserved 1173504K
  class space    used 17126K, capacity 18658K, committed 18688K, reserved 1048576K
}
Event: 854.539 GC heap after
{Heap after GC invocations=179 (full 0):
 garbage-first heap   total 272384K, used 155651K [0x0000000080000000, 0x0000000100000000)
  region size 1024K, 4 young (4096K), 4 survivors (4096K)
 Metaspace       used 139053K, capacity 143214K, committed 143360K, reserved 1173504K
  class space    used 17126K, capacity 18658K, committed 18688K, reserved 1048576K
}
Event: 855.924 GC heap before
{Heap before GC invocations=179 (full 0):
 garbage-first heap   total 272384K, used 199683K [0x0000000080000000, 0x0000000100000000)
  region size 1024K, 47 young (48128K), 4 survivors (4096K)
 Metaspace       used 139126K, capacity 143286K, committed 143360K, reserved 1173504K
  class space    used 17137K, capacity 18660K, committed 18688K, reserved 1048576K
}
Event: 855.969 GC heap after
{Heap after GC invocations=180 (full 0):
 garbage-first heap   total 499712K, used 156575K [0x0000000080000000, 0x0000000100000000)
  region size 1024K, 3 young (3072K), 3 survivors (3072K)
 Metaspace       used 139126K, capacity 143286K, committed 143360K, reserved 1173504K
  class space    used 17137K, capacity 18660K, committed 18688K, reserved 1048576K
}
Event: 859.316 GC heap before
{Heap before GC invocations=180 (full 0):
 garbage-first heap   total 499712K, used 227231K [0x0000000080000000, 0x0000000100000000)
  region size 1024K, 72 young (73728K), 3 survivors (3072K)
 Metaspace       used 139215K, capacity 143361K, committed 143616K, reserved 1173504K
  class space    used 17138K, capacity 18662K, committed 18688K, reserved 1048576K
}
Event: 859.347 GC heap after
{Heap after GC invocations=181 (full 0):
 garbage-first heap   total 499712K, used 157638K [0x0000000080000000, 0x0000000100000000)
  region size 1024K, 4 young (4096K), 4 survivors (4096K)
 Metaspace       used 139215K, capacity 143361K, committed 143616K, reserved 1173504K
  class space    used 17138K, capacity 18662K, committed 18688K, reserved 1048576K
}
Event: 861.891 GC heap before
{Heap before GC invocations=181 (full 0):
 garbage-first heap   total 499712K, used 248774K [0x0000000080000000, 0x0000000100000000)
  region size 1024K, 93 young (95232K), 4 survivors (4096K)
 Metaspace       used 139277K, capacity 143429K, committed 143616K, reserved 1173504K
  class space    used 17144K, capacity 18662K, committed 18688K, reserved 1048576K
}
Event: 861.942 GC heap after
{Heap after GC invocations=182 (full 0):
 garbage-first heap   total 499712K, used 159387K [0x0000000080000000, 0x0000000100000000)
  region size 1024K, 6 young (6144K), 6 survivors (6144K)
 Metaspace       used 139277K, capacity 143429K, committed 143616K, reserved 1173504K
  class space    used 17144K, capacity 18662K, committed 18688K, reserved 1048576K
}
Event: 864.809 GC heap before
{Heap before GC invocations=182 (full 0):
 garbage-first heap   total 499712K, used 269979K [0x0000000080000000, 0x0000000100000000)
  region size 1024K, 114 young (116736K), 6 survivors (6144K)
 Metaspace       used 139311K, capacity 143495K, committed 143616K, reserved 1173504K
  class space    used 17144K, capacity 18662K, committed 18688K, reserved 1048576K
}
Event: 864.874 GC heap after
{Heap after GC invocations=183 (full 0):
 garbage-first heap   total 499712K, used 163252K [0x0000000080000000, 0x0000000100000000)
  region size 1024K, 10 young (10240K), 10 survivors (10240K)
 Metaspace       used 139311K, capacity 143495K, committed 143616K, reserved 1173504K
  class space    used 17144K, capacity 18662K, committed 18688K, reserved 1048576K
}
Event: 868.039 GC heap before
{Heap before GC invocations=183 (full 0):
 garbage-first heap   total 499712K, used 310708K [0x0000000080000000, 0x0000000100000000)
  region size 1024K, 154 young (157696K), 10 survivors (10240K)
 Metaspace       used 139340K, capacity 143495K, committed 143616K, reserved 1173504K
  class space    used 17144K, capacity 18662K, committed 18688K, reserved 1048576K
}
Event: 868.166 GC heap after
{Heap after GC invocations=184 (full 0):
 garbage-first heap   total 499712K, used 163782K [0x0000000080000000, 0x0000000100000000)
  region size 1024K, 10 young (10240K), 10 survivors (10240K)
 Metaspace       used 139340K, capacity 143495K, committed 143616K, reserved 1173504K
  class space    used 17144K, capacity 18662K, committed 18688K, reserved 1048576K
}
Event: 871.855 GC heap before
{Heap before GC invocations=184 (full 0):
 garbage-first heap   total 499712K, used 333766K [0x0000000080000000, 0x0000000100000000)
  region size 1024K, 176 young (180224K), 10 survivors (10240K)
 Metaspace       used 139360K, capacity 143496K, committed 143616K, reserved 1173504K
  class space    used 17144K, capacity 18662K, committed 18688K, reserved 1048576K
}
Event: 872.119 GC heap after
{Heap after GC invocations=185 (full 0):
 garbage-first heap   total 499712K, used 166342K [0x0000000080000000, 0x0000000100000000)
  region size 1024K, 13 young (13312K), 13 survivors (13312K)
 Metaspace       used 139360K, capacity 143496K, committed 143616K, reserved 1173504K
  class space    used 17144K, capacity 18662K, committed 18688K, reserved 1048576K
}
Event: 875.669 GC heap before
{Heap before GC invocations=185 (full 0):
 garbage-first heap   total 499712K, used 297414K [0x0000000080000000, 0x0000000100000000)
  region size 1024K, 141 young (144384K), 13 survivors (13312K)
 Metaspace       used 139400K, capacity 143574K, committed 143616K, reserved 1173504K
  class space    used 17146K, capacity 18666K, committed 18688K, reserved 1048576K
}

