# JRE version: OpenJDK Runtime Environment (11.0.8+10) (build 11.0.8+10-b944.6842174)
# Java VM: OpenJDK 64-Bit Server VM (11.0.8+10-b944.6842174, mixed mode, tiered, compressed oops, g1 gc, windows-amd64)
Heap:
 garbage-first heap   total 138240K, used 73674K [0x0000000080000000, 0x0000000100000000)
  region size 1024K, 1 young (1024K), 1 survivors (1024K)
 Metaspace       used 55255K, capacity 57046K, committed 57216K, reserved 1099776K
  class space    used 7102K, capacity 7718K, committed 7808K, reserved 1048576K
GC Heap History (20 events):
Event: 74.336 GC heap after
{Heap after GC invocations=81 (full 0):
 garbage-first heap   total 114688K, used 58179K [0x0000000080000000, 0x0000000100000000)
  region size 1024K, 1 young (1024K), 1 survivors (1024K)
 Metaspace       used 49901K, capacity 51410K, committed 51712K, reserved 1093632K
  class space    used 6347K, capacity 6846K, committed 6912K, reserved 1048576K
}
Event: 75.384 GC heap before
{Heap before GC invocations=81 (full 0):
 garbage-first heap   total 114688K, used 97091K [0x0000000080000000, 0x0000000100000000)
  region size 1024K, 39 young (39936K), 1 survivors (1024K)
 Metaspace       used 49902K, capacity 51410K, committed 51712K, reserved 1093632K
  class space    used 6347K, capacity 6846K, committed 6912K, reserved 1048576K
}
Event: 75.386 GC heap after
{Heap after GC invocations=82 (full 0):
 garbage-first heap   total 114688K, used 57502K [0x0000000080000000, 0x0000000100000000)
  region size 1024K, 1 young (1024K), 1 survivors (1024K)
 Metaspace       used 49902K, capacity 51410K, committed 51712K, reserved 1093632K
  class space    used 6347K, capacity 6846K, committed 6912K, reserved 1048576K
}
Event: 76.944 GC heap before
{Heap before GC invocations=83 (full 0):
 garbage-first heap   total 114688K, used 97438K [0x0000000080000000, 0x0000000100000000)
  region size 1024K, 40 young (40960K), 1 survivors (1024K)
 Metaspace       used 49902K, capacity 51410K, committed 51712K, reserved 1093632K
  class space    used 6347K, capacity 6846K, committed 6912K, reserved 1048576K
}
Event: 76.947 GC heap after
{Heap after GC invocations=84 (full 0):
 garbage-first heap   total 114688K, used 57424K [0x0000000080000000, 0x0000000100000000)
  region size 1024K, 1 young (1024K), 1 survivors (1024K)
 Metaspace       used 49902K, capacity 51410K, committed 51712K, reserved 1093632K
  class space    used 6347K, capacity 6846K, committed 6912K, reserved 1048576K
}
Event: 78.212 GC heap before
{Heap before GC invocations=84 (full 0):
 garbage-first heap   total 114688K, used 97360K [0x0000000080000000, 0x0000000100000000)
  region size 1024K, 40 young (40960K), 1 survivors (1024K)
 Metaspace       used 49902K, capacity 51410K, committed 51712K, reserved 1093632K
  class space    used 6347K, capacity 6846K, committed 6912K, reserved 1048576K
}
Event: 78.214 GC heap after
{Heap after GC invocations=85 (full 0):
 garbage-first heap   total 114688K, used 57378K [0x0000000080000000, 0x0000000100000000)
  region size 1024K, 1 young (1024K), 1 survivors (1024K)
 Metaspace       used 49902K, capacity 51410K, committed 51712K, reserved 1093632K
  class space    used 6347K, capacity 6846K, committed 6912K, reserved 1048576K
}
Event: 79.942 GC heap before
{Heap before GC invocations=86 (full 0):
 garbage-first heap   total 114688K, used 87074K [0x0000000080000000, 0x0000000100000000)
  region size 1024K, 31 young (31744K), 1 survivors (1024K)
 Metaspace       used 50175K, capacity 51703K, committed 51840K, reserved 1093632K
  class space    used 6384K, capacity 6924K, committed 7040K, reserved 1048576K
}
Event: 79.948 GC heap after
{Heap after GC invocations=87 (full 0):
 garbage-first heap   total 114688K, used 58013K [0x0000000080000000, 0x0000000100000000)
  region size 1024K, 1 young (1024K), 1 survivors (1024K)
 Metaspace       used 50175K, capacity 51703K, committed 51840K, reserved 1093632K
  class space    used 6384K, capacity 6924K, committed 7040K, reserved 1048576K
}
Event: 80.496 GC heap before
{Heap before GC invocations=88 (full 0):
 garbage-first heap   total 114688K, used 62109K [0x0000000080000000, 0x0000000100000000)
  region size 1024K, 4 young (4096K), 1 survivors (1024K)
 Metaspace       used 50185K, capacity 51703K, committed 51840K, reserved 1093632K
  class space    used 6384K, capacity 6924K, committed 7040K, reserved 1048576K
}
Event: 80.503 GC heap after
{Heap after GC invocations=89 (full 0):
 garbage-first heap   total 114688K, used 62293K [0x0000000080000000, 0x0000000100000000)
  region size 1024K, 3 young (3072K), 3 survivors (3072K)
 Metaspace       used 50185K, capacity 51703K, committed 51840K, reserved 1093632K
  class space    used 6384K, capacity 6924K, committed 7040K, reserved 1048576K
}
Event: 82.352 GC heap before
{Heap before GC invocations=90 (full 0):
 garbage-first heap   total 114688K, used 88917K [0x0000000080000000, 0x0000000100000000)
  region size 1024K, 25 young (25600K), 3 survivors (3072K)
 Metaspace       used 52685K, capacity 54170K, committed 54528K, reserved 1095680K
  class space    used 6811K, capacity 7319K, committed 7424K, reserved 1048576K
}
Event: 82.376 GC heap after
{Heap after GC invocations=91 (full 0):
 garbage-first heap   total 114688K, used 71969K [0x0000000080000000, 0x0000000100000000)
  region size 1024K, 4 young (4096K), 4 survivors (4096K)
 Metaspace       used 52685K, capacity 54170K, committed 54528K, reserved 1095680K
  class space    used 6811K, capacity 7319K, committed 7424K, reserved 1048576K
}
Event: 83.519 GC heap before
{Heap before GC invocations=91 (full 0):
 garbage-first heap   total 114688K, used 89377K [0x0000000080000000, 0x0000000100000000)
  region size 1024K, 21 young (21504K), 4 survivors (4096K)
 Metaspace       used 53480K, capacity 55044K, committed 55296K, reserved 1097728K
  class space    used 6892K, capacity 7419K, committed 7424K, reserved 1048576K
}
Event: 83.535 GC heap after
{Heap after GC invocations=92 (full 0):
 garbage-first heap   total 114688K, used 72805K [0x0000000080000000, 0x0000000100000000)
  region size 1024K, 1 young (1024K), 1 survivors (1024K)
 Metaspace       used 53480K, capacity 55044K, committed 55296K, reserved 1097728K
  class space    used 6892K, capacity 7419K, committed 7424K, reserved 1048576K
}
Event: 85.321 GC heap before
{Heap before GC invocations=93 (full 0):
 garbage-first heap   total 114688K, used 90213K [0x0000000080000000, 0x0000000100000000)
  region size 1024K, 18 young (18432K), 1 survivors (1024K)
 Metaspace       used 55214K, capacity 56982K, committed 57216K, reserved 1099776K
  class space    used 7102K, capacity 7718K, committed 7808K, reserved 1048576K
}
Event: 85.334 GC heap after
{Heap after GC invocations=94 (full 0):
 garbage-first heap   total 114688K, used 74319K [0x0000000080000000, 0x0000000100000000)
  region size 1024K, 3 young (3072K), 3 survivors (3072K)
 Metaspace       used 55214K, capacity 56982K, committed 57216K, reserved 1099776K
  class space    used 7102K, capacity 7718K, committed 7808K, reserved 1048576K
}
Event: 85.642 GC heap before
{Heap before GC invocations=94 (full 0):
 garbage-first heap   total 114688K, used 91727K [0x0000000080000000, 0x0000000100000000)
  region size 1024K, 20 young (20480K), 3 survivors (3072K)
 Metaspace       used 55238K, capacity 56982K, committed 57216K, reserved 1099776K
  class space    used 7102K, capacity 7718K, committed 7808K, reserved 1048576K
}
Event: 85.655 GC heap after
{Heap after GC invocations=95 (full 0):
 garbage-first heap   total 114688K, used 74618K [0x0000000080000000, 0x0000000100000000)
  region size 1024K, 1 young (1024K), 1 survivors (1024K)
 Metaspace       used 55238K, capacity 56982K, committed 57216K, reserved 1099776K
  class space    used 7102K, capacity 7718K, committed 7808K, reserved 1048576K
}
Event: 86.079 GC heap before
{Heap before GC invocations=96 (full 0):
 garbage-first heap   total 114688K, used 91002K [0x0000000080000000, 0x0000000100000000)
  region size 1024K, 18 young (18432K), 1 survivors (1024K)
 Metaspace       used 55255K, capacity 57046K, committed 57216K, reserved 1099776K
  class space    used 7102K, capacity 7718K, committed 7808K, reserved 1048576K
}

