# JRE version: OpenJDK Runtime Environment (11.0.8+10) (build 11.0.8+10-b944.6842174)
# Java VM: OpenJDK 64-Bit Server VM (11.0.8+10-b944.6842174, mixed mode, tiered, compressed oops, g1 gc, windows-amd64)
Heap:
 garbage-first heap   total 114688K, used 43509K [0x0000000080000000, 0x0000000100000000)
  region size 1024K, 3 young (3072K), 3 survivors (3072K)
 Metaspace       used 40392K, capacity 41363K, committed 41468K, reserved 1085440K
  class space    used 5127K, capacity 5499K, committed 5504K, reserved 1048576K
GC Heap History (20 events):
Event: 18.375 GC heap after
{Heap after GC invocations=14 (full 0):
 garbage-first heap   total 78848K, used 36312K [0x0000000080000000, 0x0000000100000000)
  region size 1024K, 3 young (3072K), 3 survivors (3072K)
 Metaspace       used 38079K, capacity 38888K, committed 39164K, reserved 1083392K
  class space    used 4842K, capacity 5161K, committed 5248K, reserved 1048576K
}
Event: 19.311 GC heap before
{Heap before GC invocations=14 (full 0):
 garbage-first heap   total 78848K, used 56792K [0x0000000080000000, 0x0000000100000000)
  region size 1024K, 23 young (23552K), 3 survivors (3072K)
 Metaspace       used 39996K, capacity 40969K, committed 41212K, reserved 1085440K
  class space    used 5116K, capacity 5497K, committed 5504K, reserved 1048576K
}
Event: 19.326 GC heap after
{Heap after GC invocations=15 (full 0):
 garbage-first heap   total 78848K, used 37041K [0x0000000080000000, 0x0000000100000000)
  region size 1024K, 3 young (3072K), 3 survivors (3072K)
 Metaspace       used 39996K, capacity 40969K, committed 41212K, reserved 1085440K
  class space    used 5116K, capacity 5497K, committed 5504K, reserved 1048576K
}
Event: 19.357 GC heap before
{Heap before GC invocations=15 (full 0):
 garbage-first heap   total 78848K, used 37041K [0x0000000080000000, 0x0000000100000000)
  region size 1024K, 4 young (4096K), 3 survivors (3072K)
 Metaspace       used 40026K, capacity 40973K, committed 41212K, reserved 1085440K
  class space    used 5120K, capacity 5498K, committed 5504K, reserved 1048576K
}
Event: 19.371 GC heap after
{Heap after GC invocations=16 (full 0):
 garbage-first heap   total 95232K, used 36972K [0x0000000080000000, 0x0000000100000000)
  region size 1024K, 1 young (1024K), 1 survivors (1024K)
 Metaspace       used 40026K, capacity 40973K, committed 41212K, reserved 1085440K
  class space    used 5120K, capacity 5498K, committed 5504K, reserved 1048576K
}
Event: 20.706 GC heap before
{Heap before GC invocations=17 (full 0):
 garbage-first heap   total 95232K, used 67692K [0x0000000080000000, 0x0000000100000000)
  region size 1024K, 28 young (28672K), 1 survivors (1024K)
 Metaspace       used 40364K, capacity 41360K, committed 41468K, reserved 1085440K
  class space    used 5127K, capacity 5499K, committed 5504K, reserved 1048576K
}
Event: 20.714 GC heap after
{Heap after GC invocations=18 (full 0):
 garbage-first heap   total 95232K, used 41731K [0x0000000080000000, 0x0000000100000000)
  region size 1024K, 2 young (2048K), 2 survivors (2048K)
 Metaspace       used 40364K, capacity 41360K, committed 41468K, reserved 1085440K
  class space    used 5127K, capacity 5499K, committed 5504K, reserved 1048576K
}
Event: 21.381 GC heap before
{Heap before GC invocations=18 (full 0):
 garbage-first heap   total 95232K, used 69379K [0x0000000080000000, 0x0000000100000000)
  region size 1024K, 29 young (29696K), 2 survivors (2048K)
 Metaspace       used 40375K, capacity 41360K, committed 41468K, reserved 1085440K
  class space    used 5127K, capacity 5499K, committed 5504K, reserved 1048576K
}
Event: 21.389 GC heap after
{Heap after GC invocations=19 (full 0):
 garbage-first heap   total 95232K, used 41969K [0x0000000080000000, 0x0000000100000000)
  region size 1024K, 2 young (2048K), 2 survivors (2048K)
 Metaspace       used 40375K, capacity 41360K, committed 41468K, reserved 1085440K
  class space    used 5127K, capacity 5499K, committed 5504K, reserved 1048576K
}
Event: 21.999 GC heap before
{Heap before GC invocations=19 (full 0):
 garbage-first heap   total 95232K, used 70641K [0x0000000080000000, 0x0000000100000000)
  region size 1024K, 30 young (30720K), 2 survivors (2048K)
 Metaspace       used 40376K, capacity 41360K, committed 41468K, reserved 1085440K
  class space    used 5127K, capacity 5499K, committed 5504K, reserved 1048576K
}
Event: 22.006 GC heap after
{Heap after GC invocations=20 (full 0):
 garbage-first heap   total 95232K, used 42284K [0x0000000080000000, 0x0000000100000000)
  region size 1024K, 2 young (2048K), 2 survivors (2048K)
 Metaspace       used 40376K, capacity 41360K, committed 41468K, reserved 1085440K
  class space    used 5127K, capacity 5499K, committed 5504K, reserved 1048576K
}
Event: 22.633 GC heap before
{Heap before GC invocations=20 (full 0):
 garbage-first heap   total 95232K, used 71980K [0x0000000080000000, 0x0000000100000000)
  region size 1024K, 31 young (31744K), 2 survivors (2048K)
 Metaspace       used 40378K, capacity 41360K, committed 41468K, reserved 1085440K
  class space    used 5127K, capacity 5499K, committed 5504K, reserved 1048576K
}
Event: 22.641 GC heap after
{Heap after GC invocations=21 (full 0):
 garbage-first heap   total 95232K, used 42969K [0x0000000080000000, 0x0000000100000000)
  region size 1024K, 3 young (3072K), 3 survivors (3072K)
 Metaspace       used 40378K, capacity 41360K, committed 41468K, reserved 1085440K
  class space    used 5127K, capacity 5499K, committed 5504K, reserved 1048576K
}
Event: 23.367 GC heap before
{Heap before GC invocations=21 (full 0):
 garbage-first heap   total 95232K, used 72665K [0x0000000080000000, 0x0000000100000000)
  region size 1024K, 32 young (32768K), 3 survivors (3072K)
 Metaspace       used 40388K, capacity 41363K, committed 41468K, reserved 1085440K
  class space    used 5127K, capacity 5499K, committed 5504K, reserved 1048576K
}
Event: 23.377 GC heap after
{Heap after GC invocations=22 (full 0):
 garbage-first heap   total 95232K, used 42823K [0x0000000080000000, 0x0000000100000000)
  region size 1024K, 3 young (3072K), 3 survivors (3072K)
 Metaspace       used 40388K, capacity 41363K, committed 41468K, reserved 1085440K
  class space    used 5127K, capacity 5499K, committed 5504K, reserved 1048576K
}
Event: 24.239 GC heap before
{Heap before GC invocations=22 (full 0):
 garbage-first heap   total 95232K, used 73543K [0x0000000080000000, 0x0000000100000000)
  region size 1024K, 33 young (33792K), 3 survivors (3072K)
 Metaspace       used 40392K, capacity 41363K, committed 41468K, reserved 1085440K
  class space    used 5127K, capacity 5499K, committed 5504K, reserved 1048576K
}
Event: 24.248 GC heap after
{Heap after GC invocations=23 (full 0):
 garbage-first heap   total 95232K, used 42976K [0x0000000080000000, 0x0000000100000000)
  region size 1024K, 3 young (3072K), 3 survivors (3072K)
 Metaspace       used 40392K, capacity 41363K, committed 41468K, reserved 1085440K
  class space    used 5127K, capacity 5499K, committed 5504K, reserved 1048576K
}
Event: 24.891 GC heap before
{Heap before GC invocations=23 (full 0):
 garbage-first heap   total 95232K, used 74720K [0x0000000080000000, 0x0000000100000000)
  region size 1024K, 34 young (34816K), 3 survivors (3072K)
 Metaspace       used 40392K, capacity 41363K, committed 41468K, reserved 1085440K
  class space    used 5127K, capacity 5499K, committed 5504K, reserved 1048576K
}
Event: 24.901 GC heap after
{Heap after GC invocations=24 (full 0):
 garbage-first heap   total 95232K, used 43478K [0x0000000080000000, 0x0000000100000000)
  region size 1024K, 3 young (3072K), 3 survivors (3072K)
 Metaspace       used 40392K, capacity 41363K, committed 41468K, reserved 1085440K
  class space    used 5127K, capacity 5499K, committed 5504K, reserved 1048576K
}
Event: 25.463 GC heap before
{Heap before GC invocations=24 (full 0):
 garbage-first heap   total 95232K, used 76246K [0x0000000080000000, 0x0000000100000000)
  region size 1024K, 35 young (35840K), 3 survivors (3072K)
 Metaspace       used 40392K, capacity 41363K, committed 41468K, reserved 1085440K
  class space    used 5127K, capacity 5499K, committed 5504K, reserved 1048576K
}

