# JRE version: OpenJDK Runtime Environment (11.0.8+10) (build 11.0.8+10-b944.6842174)
# Java VM: OpenJDK 64-Bit Server VM (11.0.8+10-b944.6842174, mixed mode, tiered, compressed oops, g1 gc, windows-amd64)
Heap:
 garbage-first heap   total 78848K, used 57823K [0x0000000080000000, 0x0000000100000000)
  region size 1024K, 27 young (27648K), 4 survivors (4096K)
 Metaspace       used 45109K, capacity 46203K, committed 46464K, reserved 1089536K
  class space    used 5770K, capacity 6197K, committed 6272K, reserved 1048576K
GC Heap History (20 events):
Event: 14.908 GC heap before
{Heap before GC invocations=7 (full 0):
 garbage-first heap   total 65536K, used 38411K [0x0000000080000000, 0x0000000100000000)
  region size 1024K, 23 young (23552K), 1 survivors (1024K)
 Metaspace       used 22802K, capacity 23374K, committed 23680K, reserved 1069056K
  class space    used 2913K, capacity 3110K, committed 3200K, reserved 1048576K
}
Event: 14.919 GC heap after
{Heap after GC invocations=8 (full 0):
 garbage-first heap   total 65536K, used 17931K [0x0000000080000000, 0x0000000100000000)
  region size 1024K, 2 young (2048K), 2 survivors (2048K)
 Metaspace       used 22802K, capacity 23374K, committed 23680K, reserved 1069056K
  class space    used 2913K, capacity 3110K, committed 3200K, reserved 1048576K
}
Event: 16.280 GC heap before
{Heap before GC invocations=8 (full 0):
 garbage-first heap   total 65536K, used 41483K [0x0000000080000000, 0x0000000100000000)
  region size 1024K, 25 young (25600K), 2 survivors (2048K)
 Metaspace       used 25908K, capacity 26563K, committed 26752K, reserved 1073152K
  class space    used 3366K, capacity 3600K, committed 3712K, reserved 1048576K
}
Event: 16.293 GC heap after
{Heap after GC invocations=9 (full 0):
 garbage-first heap   total 65536K, used 18674K [0x0000000080000000, 0x0000000100000000)
  region size 1024K, 3 young (3072K), 3 survivors (3072K)
 Metaspace       used 25908K, capacity 26563K, committed 26752K, reserved 1073152K
  class space    used 3366K, capacity 3600K, committed 3712K, reserved 1048576K
}
Event: 17.487 GC heap before
{Heap before GC invocations=9 (full 0):
 garbage-first heap   total 65536K, used 42226K [0x0000000080000000, 0x0000000100000000)
  region size 1024K, 26 young (26624K), 3 survivors (3072K)
 Metaspace       used 28271K, capacity 28907K, committed 29056K, reserved 1075200K
  class space    used 3724K, capacity 3956K, committed 3968K, reserved 1048576K
}
Event: 17.502 GC heap after
{Heap after GC invocations=10 (full 0):
 garbage-first heap   total 65536K, used 19351K [0x0000000080000000, 0x0000000100000000)
  region size 1024K, 3 young (3072K), 3 survivors (3072K)
 Metaspace       used 28271K, capacity 28907K, committed 29056K, reserved 1075200K
  class space    used 3724K, capacity 3956K, committed 3968K, reserved 1048576K
}
Event: 19.680 GC heap before
{Heap before GC invocations=10 (full 0):
 garbage-first heap   total 65536K, used 42903K [0x0000000080000000, 0x0000000100000000)
  region size 1024K, 27 young (27648K), 3 survivors (3072K)
 Metaspace       used 34483K, capacity 35160K, committed 35200K, reserved 1079296K
  class space    used 4457K, capacity 4699K, committed 4736K, reserved 1048576K
}
Event: 19.704 GC heap after
{Heap after GC invocations=11 (full 0):
 garbage-first heap   total 65536K, used 21779K [0x0000000080000000, 0x0000000100000000)
  region size 1024K, 4 young (4096K), 4 survivors (4096K)
 Metaspace       used 34483K, capacity 35160K, committed 35200K, reserved 1079296K
  class space    used 4457K, capacity 4699K, committed 4736K, reserved 1048576K
}
Event: 20.199 GC heap before
{Heap before GC invocations=11 (full 0):
 garbage-first heap   total 65536K, used 24851K [0x0000000080000000, 0x0000000100000000)
  region size 1024K, 8 young (8192K), 4 survivors (4096K)
 Metaspace       used 35170K, capacity 35818K, committed 35840K, reserved 1081344K
  class space    used 4569K, capacity 4856K, committed 4864K, reserved 1048576K
}
Event: 20.225 GC heap after
{Heap after GC invocations=12 (full 0):
 garbage-first heap   total 65536K, used 22372K [0x0000000080000000, 0x0000000100000000)
  region size 1024K, 1 young (1024K), 1 survivors (1024K)
 Metaspace       used 35170K, capacity 35818K, committed 35840K, reserved 1081344K
  class space    used 4569K, capacity 4856K, committed 4864K, reserved 1048576K
}
Event: 21.599 GC heap before
{Heap before GC invocations=13 (full 0):
 garbage-first heap   total 65536K, used 41828K [0x0000000080000000, 0x0000000100000000)
  region size 1024K, 18 young (18432K), 1 survivors (1024K)
 Metaspace       used 37195K, capacity 37936K, committed 38144K, reserved 1083392K
  class space    used 4753K, capacity 5026K, committed 5120K, reserved 1048576K
}
Event: 21.610 GC heap after
{Heap after GC invocations=14 (full 0):
 garbage-first heap   total 78848K, used 23227K [0x0000000080000000, 0x0000000100000000)
  region size 1024K, 2 young (2048K), 2 survivors (2048K)
 Metaspace       used 37195K, capacity 37936K, committed 38144K, reserved 1083392K
  class space    used 4753K, capacity 5026K, committed 5120K, reserved 1048576K
}
Event: 23.692 GC heap before
{Heap before GC invocations=14 (full 0):
 garbage-first heap   total 78848K, used 47803K [0x0000000080000000, 0x0000000100000000)
  region size 1024K, 26 young (26624K), 2 survivors (2048K)
 Metaspace       used 39944K, capacity 40760K, committed 40960K, reserved 1085440K
  class space    used 5061K, capacity 5362K, committed 5376K, reserved 1048576K
}
Event: 23.708 GC heap after
{Heap after GC invocations=15 (full 0):
 garbage-first heap   total 78848K, used 24873K [0x0000000080000000, 0x0000000100000000)
  region size 1024K, 4 young (4096K), 4 survivors (4096K)
 Metaspace       used 39944K, capacity 40760K, committed 40960K, reserved 1085440K
  class space    used 5061K, capacity 5362K, committed 5376K, reserved 1048576K
}
Event: 24.792 GC heap before
{Heap before GC invocations=15 (full 0):
 garbage-first heap   total 78848K, used 50473K [0x0000000080000000, 0x0000000100000000)
  region size 1024K, 29 young (29696K), 4 survivors (4096K)
 Metaspace       used 41169K, capacity 42010K, committed 42240K, reserved 1085440K
  class space    used 5252K, capacity 5568K, committed 5632K, reserved 1048576K
}
Event: 24.813 GC heap after
{Heap after GC invocations=16 (full 0):
 garbage-first heap   total 78848K, used 26226K [0x0000000080000000, 0x0000000100000000)
  region size 1024K, 3 young (3072K), 3 survivors (3072K)
 Metaspace       used 41169K, capacity 42010K, committed 42240K, reserved 1085440K
  class space    used 5252K, capacity 5568K, committed 5632K, reserved 1048576K
}
Event: 27.220 GC heap before
{Heap before GC invocations=16 (full 0):
 garbage-first heap   total 78848K, used 52850K [0x0000000080000000, 0x0000000100000000)
  region size 1024K, 29 young (29696K), 3 survivors (3072K)
 Metaspace       used 43544K, capacity 44531K, committed 44672K, reserved 1087488K
  class space    used 5586K, capacity 5967K, committed 6016K, reserved 1048576K
}
Event: 27.240 GC heap after
{Heap after GC invocations=17 (full 0):
 garbage-first heap   total 78848K, used 27799K [0x0000000080000000, 0x0000000100000000)
  region size 1024K, 3 young (3072K), 3 survivors (3072K)
 Metaspace       used 43544K, capacity 44531K, committed 44672K, reserved 1087488K
  class space    used 5586K, capacity 5967K, committed 6016K, reserved 1048576K
}
Event: 31.480 GC heap before
{Heap before GC invocations=17 (full 0):
 garbage-first heap   total 78848K, used 53399K [0x0000000080000000, 0x0000000100000000)
  region size 1024K, 29 young (29696K), 3 survivors (3072K)
 Metaspace       used 44577K, capacity 45603K, committed 45824K, reserved 1089536K
  class space    used 5698K, capacity 6087K, committed 6144K, reserved 1048576K
}
Event: 31.504 GC heap after
{Heap after GC invocations=18 (full 0):
 garbage-first heap   total 78848K, used 30175K [0x0000000080000000, 0x0000000100000000)
  region size 1024K, 4 young (4096K), 4 survivors (4096K)
 Metaspace       used 44577K, capacity 45603K, committed 45824K, reserved 1089536K
  class space    used 5698K, capacity 6087K, committed 6144K, reserved 1048576K
}

