# JRE version: OpenJDK Runtime Environment (11.0.8+10) (build 11.0.8+10-b944.6842174)
# Java VM: OpenJDK 64-Bit Server VM (11.0.8+10-b944.6842174, mixed mode, tiered, compressed oops, g1 gc, windows-amd64)
Heap:
 garbage-first heap   total 129024K, used 45882K [0x0000000080000000, 0x0000000100000000)
  region size 1024K, 2 young (2048K), 2 survivors (2048K)
 Metaspace       used 40462K, capacity 41373K, committed 41596K, reserved 1085440K
  class space    used 5134K, capacity 5500K, committed 5580K, reserved 1048576K
GC Heap History (20 events):
Event: 39.396 GC heap after
{Heap after GC invocations=32 (full 0):
 garbage-first heap   total 65536K, used 47145K [0x0000000080000000, 0x0000000100000000)
  region size 1024K, 1 young (1024K), 1 survivors (1024K)
 Metaspace       used 40430K, capacity 41373K, committed 41596K, reserved 1085440K
  class space    used 5131K, capacity 5500K, committed 5580K, reserved 1048576K
}
Event: 39.657 GC heap before
{Heap before GC invocations=33 (full 0):
 garbage-first heap   total 65536K, used 52265K [0x0000000080000000, 0x0000000100000000)
  region size 1024K, 7 young (7168K), 1 survivors (1024K)
 Metaspace       used 40431K, capacity 41373K, committed 41596K, reserved 1085440K
  class space    used 5131K, capacity 5500K, committed 5580K, reserved 1048576K
}
Event: 39.663 GC heap after
{Heap after GC invocations=34 (full 0):
 garbage-first heap   total 65536K, used 48844K [0x0000000080000000, 0x0000000100000000)
  region size 1024K, 1 young (1024K), 1 survivors (1024K)
 Metaspace       used 40431K, capacity 41373K, committed 41596K, reserved 1085440K
  class space    used 5131K, capacity 5500K, committed 5580K, reserved 1048576K
}
Event: 39.714 GC heap before
{Heap before GC invocations=34 (full 0):
 garbage-first heap   total 65536K, used 49868K [0x0000000080000000, 0x0000000100000000)
  region size 1024K, 3 young (3072K), 1 survivors (1024K)
 Metaspace       used 40431K, capacity 41373K, committed 41596K, reserved 1085440K
  class space    used 5131K, capacity 5500K, committed 5580K, reserved 1048576K
}
Event: 39.721 GC heap after
{Heap after GC invocations=35 (full 0):
 garbage-first heap   total 78848K, used 45868K [0x0000000080000000, 0x0000000100000000)
  region size 1024K, 1 young (1024K), 1 survivors (1024K)
 Metaspace       used 40431K, capacity 41373K, committed 41596K, reserved 1085440K
  class space    used 5131K, capacity 5500K, committed 5580K, reserved 1048576K
}
Event: 40.114 GC heap before
{Heap before GC invocations=35 (full 0):
 garbage-first heap   total 78848K, used 59180K [0x0000000080000000, 0x0000000100000000)
  region size 1024K, 14 young (14336K), 1 survivors (1024K)
 Metaspace       used 40432K, capacity 41373K, committed 41596K, reserved 1085440K
  class space    used 5131K, capacity 5500K, committed 5580K, reserved 1048576K
}
Event: 40.119 GC heap after
{Heap after GC invocations=36 (full 0):
 garbage-first heap   total 78848K, used 46429K [0x0000000080000000, 0x0000000100000000)
  region size 1024K, 2 young (2048K), 2 survivors (2048K)
 Metaspace       used 40432K, capacity 41373K, committed 41596K, reserved 1085440K
  class space    used 5131K, capacity 5500K, committed 5580K, reserved 1048576K
}
Event: 40.614 GC heap before
{Heap before GC invocations=37 (full 0):
 garbage-first heap   total 78848K, used 59741K [0x0000000080000000, 0x0000000100000000)
  region size 1024K, 16 young (16384K), 2 survivors (2048K)
 Metaspace       used 40432K, capacity 41373K, committed 41596K, reserved 1085440K
  class space    used 5131K, capacity 5500K, committed 5580K, reserved 1048576K
}
Event: 40.620 GC heap after
{Heap after GC invocations=38 (full 0):
 garbage-first heap   total 78848K, used 46575K [0x0000000080000000, 0x0000000100000000)
  region size 1024K, 1 young (1024K), 1 survivors (1024K)
 Metaspace       used 40432K, capacity 41373K, committed 41596K, reserved 1085440K
  class space    used 5131K, capacity 5500K, committed 5580K, reserved 1048576K
}
Event: 41.000 GC heap before
{Heap before GC invocations=38 (full 0):
 garbage-first heap   total 78848K, used 60911K [0x0000000080000000, 0x0000000100000000)
  region size 1024K, 16 young (16384K), 1 survivors (1024K)
 Metaspace       used 40461K, capacity 41373K, committed 41596K, reserved 1085440K
  class space    used 5134K, capacity 5500K, committed 5580K, reserved 1048576K
}
Event: 41.004 GC heap after
{Heap after GC invocations=39 (full 0):
 garbage-first heap   total 78848K, used 46374K [0x0000000080000000, 0x0000000100000000)
  region size 1024K, 1 young (1024K), 1 survivors (1024K)
 Metaspace       used 40461K, capacity 41373K, committed 41596K, reserved 1085440K
  class space    used 5134K, capacity 5500K, committed 5580K, reserved 1048576K
}
Event: 41.452 GC heap before
{Heap before GC invocations=40 (full 0):
 garbage-first heap   total 78848K, used 61734K [0x0000000080000000, 0x0000000100000000)
  region size 1024K, 16 young (16384K), 1 survivors (1024K)
 Metaspace       used 40461K, capacity 41373K, committed 41596K, reserved 1085440K
  class space    used 5134K, capacity 5500K, committed 5580K, reserved 1048576K
}
Event: 41.484 GC heap after
{Heap after GC invocations=41 (full 0):
 garbage-first heap   total 95232K, used 46114K [0x0000000080000000, 0x0000000100000000)
  region size 1024K, 1 young (1024K), 1 survivors (1024K)
 Metaspace       used 40461K, capacity 41373K, committed 41596K, reserved 1085440K
  class space    used 5134K, capacity 5500K, committed 5580K, reserved 1048576K
}
Event: 41.781 GC heap before
{Heap before GC invocations=41 (full 0):
 garbage-first heap   total 95232K, used 49186K [0x0000000080000000, 0x0000000100000000)
  region size 1024K, 4 young (4096K), 1 survivors (1024K)
 Metaspace       used 40461K, capacity 41373K, committed 41596K, reserved 1085440K
  class space    used 5134K, capacity 5500K, committed 5580K, reserved 1048576K
}
Event: 41.790 GC heap after
{Heap after GC invocations=42 (full 0):
 garbage-first heap   total 95232K, used 45141K [0x0000000080000000, 0x0000000100000000)
  region size 1024K, 1 young (1024K), 1 survivors (1024K)
 Metaspace       used 40461K, capacity 41373K, committed 41596K, reserved 1085440K
  class space    used 5134K, capacity 5500K, committed 5580K, reserved 1048576K
}
Event: 42.490 GC heap before
{Heap before GC invocations=42 (full 0):
 garbage-first heap   total 95232K, used 70741K [0x0000000080000000, 0x0000000100000000)
  region size 1024K, 26 young (26624K), 1 survivors (1024K)
 Metaspace       used 40461K, capacity 41373K, committed 41596K, reserved 1085440K
  class space    used 5134K, capacity 5500K, committed 5580K, reserved 1048576K
}
Event: 42.495 GC heap after
{Heap after GC invocations=43 (full 0):
 garbage-first heap   total 95232K, used 45337K [0x0000000080000000, 0x0000000100000000)
  region size 1024K, 1 young (1024K), 1 survivors (1024K)
 Metaspace       used 40461K, capacity 41373K, committed 41596K, reserved 1085440K
  class space    used 5134K, capacity 5500K, committed 5580K, reserved 1048576K
}
Event: 43.263 GC heap before
{Heap before GC invocations=44 (full 0):
 garbage-first heap   total 95232K, used 71961K [0x0000000080000000, 0x0000000100000000)
  region size 1024K, 27 young (27648K), 1 survivors (1024K)
 Metaspace       used 40461K, capacity 41373K, committed 41596K, reserved 1085440K
  class space    used 5134K, capacity 5500K, committed 5580K, reserved 1048576K
}
Event: 43.267 GC heap after
{Heap after GC invocations=45 (full 0):
 garbage-first heap   total 95232K, used 45583K [0x0000000080000000, 0x0000000100000000)
  region size 1024K, 1 young (1024K), 1 survivors (1024K)
 Metaspace       used 40461K, capacity 41373K, committed 41596K, reserved 1085440K
  class space    used 5134K, capacity 5500K, committed 5580K, reserved 1048576K
}
Event: 43.867 GC heap before
{Heap before GC invocations=45 (full 0):
 garbage-first heap   total 95232K, used 72207K [0x0000000080000000, 0x0000000100000000)
  region size 1024K, 28 young (28672K), 1 survivors (1024K)
 Metaspace       used 40462K, capacity 41373K, committed 41596K, reserved 1085440K
  class space    used 5134K, capacity 5500K, committed 5580K, reserved 1048576K
}

