# JRE version: OpenJDK Runtime Environment (11.0.8+10) (build 11.0.8+10-b944.6842174)
# Java VM: OpenJDK 64-Bit Server VM (11.0.8+10-b944.6842174, mixed mode, tiered, compressed oops, g1 gc, windows-amd64)
Heap:
 garbage-first heap   total 245760K, used 172220K [0x0000000080000000, 0x0000000100000000)
  region size 1024K, 47 young (48128K), 8 survivors (8192K)
 Metaspace       used 109291K, capacity 111760K, committed 112128K, reserved 1146880K
  class space    used 13518K, capacity 14473K, committed 14592K, reserved 1048576K
GC Heap History (20 events):
Event: 165.214 GC heap before
{Heap before GC invocations=71 (full 0):
 garbage-first heap   total 199680K, used 164864K [0x0000000080000000, 0x0000000100000000)
  region size 1024K, 38 young (38912K), 6 survivors (6144K)
 Metaspace       used 108815K, capacity 111266K, committed 111488K, reserved 1146880K
  class space    used 13466K, capacity 14429K, committed 14464K, reserved 1048576K
}
Event: 165.364 GC heap after
{Heap after GC invocations=72 (full 0):
 garbage-first heap   total 199680K, used 137216K [0x0000000080000000, 0x0000000100000000)
  region size 1024K, 5 young (5120K), 5 survivors (5120K)
 Metaspace       used 108815K, capacity 111266K, committed 111488K, reserved 1146880K
  class space    used 13466K, capacity 14429K, committed 14464K, reserved 1048576K
}
Event: 166.207 GC heap before
{Heap before GC invocations=72 (full 0):
 garbage-first heap   total 199680K, used 165888K [0x0000000080000000, 0x0000000100000000)
  region size 1024K, 33 young (33792K), 5 survivors (5120K)
 Metaspace       used 108829K, capacity 111330K, committed 111488K, reserved 1146880K
  class space    used 13466K, capacity 14429K, committed 14464K, reserved 1048576K
}
Event: 166.311 GC heap after
{Heap after GC invocations=73 (full 0):
 garbage-first heap   total 199680K, used 141289K [0x0000000080000000, 0x0000000100000000)
  region size 1024K, 4 young (4096K), 4 survivors (4096K)
 Metaspace       used 108829K, capacity 111330K, committed 111488K, reserved 1146880K
  class space    used 13466K, capacity 14429K, committed 14464K, reserved 1048576K
}
Event: 167.097 GC heap before
{Heap before GC invocations=73 (full 0):
 garbage-first heap   total 199680K, used 167913K [0x0000000080000000, 0x0000000100000000)
  region size 1024K, 30 young (30720K), 4 survivors (4096K)
 Metaspace       used 108865K, capacity 111332K, committed 111488K, reserved 1146880K
  class space    used 13471K, capacity 14429K, committed 14464K, reserved 1048576K
}
Event: 167.125 GC heap after
{Heap after GC invocations=74 (full 0):
 garbage-first heap   total 199680K, used 143059K [0x0000000080000000, 0x0000000100000000)
  region size 1024K, 2 young (2048K), 2 survivors (2048K)
 Metaspace       used 108865K, capacity 111332K, committed 111488K, reserved 1146880K
  class space    used 13471K, capacity 14429K, committed 14464K, reserved 1048576K
}
Event: 168.662 GC heap before
{Heap before GC invocations=75 (full 0):
 garbage-first heap   total 199680K, used 168659K [0x0000000080000000, 0x0000000100000000)
  region size 1024K, 27 young (27648K), 2 survivors (2048K)
 Metaspace       used 108878K, capacity 111342K, committed 111488K, reserved 1146880K
  class space    used 13476K, capacity 14432K, committed 14464K, reserved 1048576K
}
Event: 168.679 GC heap after
{Heap after GC invocations=76 (full 0):
 garbage-first heap   total 199680K, used 142829K [0x0000000080000000, 0x0000000100000000)
  region size 1024K, 2 young (2048K), 2 survivors (2048K)
 Metaspace       used 108878K, capacity 111342K, committed 111488K, reserved 1146880K
  class space    used 13476K, capacity 14432K, committed 14464K, reserved 1048576K
}
Event: 168.966 GC heap before
{Heap before GC invocations=76 (full 0):
 garbage-first heap   total 199680K, used 149997K [0x0000000080000000, 0x0000000100000000)
  region size 1024K, 9 young (9216K), 2 survivors (2048K)
 Metaspace       used 108880K, capacity 111343K, committed 111488K, reserved 1146880K
  class space    used 13476K, capacity 14432K, committed 14464K, reserved 1048576K
}
Event: 169.014 GC heap after
{Heap after GC invocations=77 (full 0):
 garbage-first heap   total 199680K, used 128361K [0x0000000080000000, 0x0000000100000000)
  region size 1024K, 1 young (1024K), 1 survivors (1024K)
 Metaspace       used 108880K, capacity 111343K, committed 111488K, reserved 1146880K
  class space    used 13476K, capacity 14432K, committed 14464K, reserved 1048576K
}
Event: 169.269 GC heap before
{Heap before GC invocations=77 (full 0):
 garbage-first heap   total 199680K, used 136553K [0x0000000080000000, 0x0000000100000000)
  region size 1024K, 9 young (9216K), 1 survivors (1024K)
 Metaspace       used 108881K, capacity 111343K, committed 111488K, reserved 1146880K
  class space    used 13476K, capacity 14432K, committed 14464K, reserved 1048576K
}
Event: 169.313 GC heap after
{Heap after GC invocations=78 (full 0):
 garbage-first heap   total 245760K, used 124075K [0x0000000080000000, 0x0000000100000000)
  region size 1024K, 1 young (1024K), 1 survivors (1024K)
 Metaspace       used 108881K, capacity 111343K, committed 111488K, reserved 1146880K
  class space    used 13476K, capacity 14432K, committed 14464K, reserved 1048576K
}
Event: 171.416 GC heap before
{Heap before GC invocations=78 (full 0):
 garbage-first heap   total 245760K, used 177323K [0x0000000080000000, 0x0000000100000000)
  region size 1024K, 54 young (55296K), 1 survivors (1024K)
 Metaspace       used 108899K, capacity 111349K, committed 111488K, reserved 1146880K
  class space    used 13479K, capacity 14433K, committed 14464K, reserved 1048576K
}
Event: 171.433 GC heap after
{Heap after GC invocations=79 (full 0):
 garbage-first heap   total 245760K, used 125327K [0x0000000080000000, 0x0000000100000000)
  region size 1024K, 2 young (2048K), 2 survivors (2048K)
 Metaspace       used 108899K, capacity 111349K, committed 111488K, reserved 1146880K
  class space    used 13479K, capacity 14433K, committed 14464K, reserved 1048576K
}
Event: 172.753 GC heap before
{Heap before GC invocations=79 (full 0):
 garbage-first heap   total 245760K, used 182671K [0x0000000080000000, 0x0000000100000000)
  region size 1024K, 58 young (59392K), 2 survivors (2048K)
 Metaspace       used 108944K, capacity 111415K, committed 111488K, reserved 1146880K
  class space    used 13479K, capacity 14433K, committed 14464K, reserved 1048576K
}
Event: 172.772 GC heap after
{Heap after GC invocations=80 (full 0):
 garbage-first heap   total 245760K, used 126760K [0x0000000080000000, 0x0000000100000000)
  region size 1024K, 4 young (4096K), 4 survivors (4096K)
 Metaspace       used 108944K, capacity 111415K, committed 111488K, reserved 1146880K
  class space    used 13479K, capacity 14433K, committed 14464K, reserved 1048576K
}
Event: 175.218 GC heap before
{Heap before GC invocations=80 (full 0):
 garbage-first heap   total 245760K, used 187176K [0x0000000080000000, 0x0000000100000000)
  region size 1024K, 62 young (63488K), 4 survivors (4096K)
 Metaspace       used 109243K, capacity 111753K, committed 112128K, reserved 1146880K
  class space    used 13516K, capacity 14471K, committed 14592K, reserved 1048576K
}
Event: 175.247 GC heap after
{Heap after GC invocations=81 (full 0):
 garbage-first heap   total 245760K, used 128009K [0x0000000080000000, 0x0000000100000000)
  region size 1024K, 4 young (4096K), 4 survivors (4096K)
 Metaspace       used 109243K, capacity 111753K, committed 112128K, reserved 1146880K
  class space    used 13516K, capacity 14471K, committed 14592K, reserved 1048576K
}
Event: 177.235 GC heap before
{Heap before GC invocations=81 (full 0):
 garbage-first heap   total 245760K, used 189449K [0x0000000080000000, 0x0000000100000000)
  region size 1024K, 64 young (65536K), 4 survivors (4096K)
 Metaspace       used 109287K, capacity 111760K, committed 112128K, reserved 1146880K
  class space    used 13518K, capacity 14473K, committed 14592K, reserved 1048576K
}
Event: 177.363 GC heap after
{Heap after GC invocations=82 (full 0):
 garbage-first heap   total 245760K, used 133308K [0x0000000080000000, 0x0000000100000000)
  region size 1024K, 8 young (8192K), 8 survivors (8192K)
 Metaspace       used 109287K, capacity 111760K, committed 112128K, reserved 1146880K
  class space    used 13518K, capacity 14473K, committed 14592K, reserved 1048576K
}

