# JRE version: OpenJDK Runtime Environment (11.0.8+10) (build 11.0.8+10-b944.6842174)
# Java VM: OpenJDK 64-Bit Server VM (11.0.8+10-b944.6842174, mixed mode, tiered, compressed oops, g1 gc, windows-amd64)
Heap:
 garbage-first heap   total 199680K, used 61042K [0x0000000080000000, 0x0000000100000000)
  region size 1024K, 11 young (11264K), 3 survivors (3072K)
 Metaspace       used 59238K, capacity 60359K, committed 60544K, reserved 1101824K
  class space    used 7089K, capacity 7522K, committed 7552K, reserved 1048576K
GC Heap History (20 events):
Event: 135.715 GC heap before
{Heap before GC invocations=78 (full 0):
 garbage-first heap   total 165888K, used 133742K [0x0000000080000000, 0x0000000100000000)
  region size 1024K, 87 young (89088K), 5 survivors (5120K)
 Metaspace       used 59194K, capacity 60357K, committed 60544K, reserved 1101824K
  class space    used 7088K, capacity 7522K, committed 7552K, reserved 1048576K
}
Event: 135.737 GC heap after
{Heap after GC invocations=79 (full 0):
 garbage-first heap   total 165888K, used 53860K [0x0000000080000000, 0x0000000100000000)
  region size 1024K, 8 young (8192K), 8 survivors (8192K)
 Metaspace       used 59194K, capacity 60357K, committed 60544K, reserved 1101824K
  class space    used 7088K, capacity 7522K, committed 7552K, reserved 1048576K
}
Event: 137.542 GC heap before
{Heap before GC invocations=79 (full 0):
 garbage-first heap   total 165888K, used 129636K [0x0000000080000000, 0x0000000100000000)
  region size 1024K, 84 young (86016K), 8 survivors (8192K)
 Metaspace       used 59201K, capacity 60357K, committed 60544K, reserved 1101824K
  class space    used 7088K, capacity 7522K, committed 7552K, reserved 1048576K
}
Event: 137.554 GC heap after
{Heap after GC invocations=80 (full 0):
 garbage-first heap   total 165888K, used 51676K [0x0000000080000000, 0x0000000100000000)
  region size 1024K, 5 young (5120K), 5 survivors (5120K)
 Metaspace       used 59201K, capacity 60357K, committed 60544K, reserved 1101824K
  class space    used 7088K, capacity 7522K, committed 7552K, reserved 1048576K
}
Event: 138.552 GC heap before
{Heap before GC invocations=80 (full 0):
 garbage-first heap   total 165888K, used 130524K [0x0000000080000000, 0x0000000100000000)
  region size 1024K, 83 young (84992K), 5 survivors (5120K)
 Metaspace       used 59202K, capacity 60357K, committed 60544K, reserved 1101824K
  class space    used 7088K, capacity 7522K, committed 7552K, reserved 1048576K
}
Event: 138.565 GC heap after
{Heap after GC invocations=81 (full 0):
 garbage-first heap   total 165888K, used 54229K [0x0000000080000000, 0x0000000100000000)
  region size 1024K, 8 young (8192K), 8 survivors (8192K)
 Metaspace       used 59202K, capacity 60357K, committed 60544K, reserved 1101824K
  class space    used 7088K, capacity 7522K, committed 7552K, reserved 1048576K
}
Event: 139.737 GC heap before
{Heap before GC invocations=81 (full 0):
 garbage-first heap   total 165888K, used 131029K [0x0000000080000000, 0x0000000100000000)
  region size 1024K, 85 young (87040K), 8 survivors (8192K)
 Metaspace       used 59202K, capacity 60357K, committed 60544K, reserved 1101824K
  class space    used 7088K, capacity 7522K, committed 7552K, reserved 1048576K
}
Event: 139.755 GC heap after
{Heap after GC invocations=82 (full 0):
 garbage-first heap   total 199680K, used 55113K [0x0000000080000000, 0x0000000100000000)
  region size 1024K, 7 young (7168K), 7 survivors (7168K)
 Metaspace       used 59202K, capacity 60357K, committed 60544K, reserved 1101824K
  class space    used 7088K, capacity 7522K, committed 7552K, reserved 1048576K
}
Event: 141.459 GC heap before
{Heap before GC invocations=82 (full 0):
 garbage-first heap   total 199680K, used 158537K [0x0000000080000000, 0x0000000100000000)
  region size 1024K, 108 young (110592K), 7 survivors (7168K)
 Metaspace       used 59202K, capacity 60357K, committed 60544K, reserved 1101824K
  class space    used 7088K, capacity 7522K, committed 7552K, reserved 1048576K
}
Event: 141.469 GC heap after
{Heap after GC invocations=83 (full 0):
 garbage-first heap   total 199680K, used 54601K [0x0000000080000000, 0x0000000100000000)
  region size 1024K, 7 young (7168K), 7 survivors (7168K)
 Metaspace       used 59202K, capacity 60357K, committed 60544K, reserved 1101824K
  class space    used 7088K, capacity 7522K, committed 7552K, reserved 1048576K
}
Event: 143.282 GC heap before
{Heap before GC invocations=83 (full 0):
 garbage-first heap   total 199680K, used 157001K [0x0000000080000000, 0x0000000100000000)
  region size 1024K, 108 young (110592K), 7 survivors (7168K)
 Metaspace       used 59206K, capacity 60358K, committed 60544K, reserved 1101824K
  class space    used 7088K, capacity 7522K, committed 7552K, reserved 1048576K
}
Event: 143.297 GC heap after
{Heap after GC invocations=84 (full 0):
 garbage-first heap   total 199680K, used 57673K [0x0000000080000000, 0x0000000100000000)
  region size 1024K, 10 young (10240K), 10 survivors (10240K)
 Metaspace       used 59206K, capacity 60358K, committed 60544K, reserved 1101824K
  class space    used 7088K, capacity 7522K, committed 7552K, reserved 1048576K
}
Event: 145.986 GC heap before
{Heap before GC invocations=84 (full 0):
 garbage-first heap   total 199680K, used 160073K [0x0000000080000000, 0x0000000100000000)
  region size 1024K, 108 young (110592K), 10 survivors (10240K)
 Metaspace       used 59215K, capacity 60358K, committed 60544K, reserved 1101824K
  class space    used 7088K, capacity 7522K, committed 7552K, reserved 1048576K
}
Event: 145.991 GC heap after
{Heap after GC invocations=85 (full 0):
 garbage-first heap   total 199680K, used 47245K [0x0000000080000000, 0x0000000100000000)
  region size 1024K, 1 young (1024K), 1 survivors (1024K)
 Metaspace       used 59215K, capacity 60358K, committed 60544K, reserved 1101824K
  class space    used 7088K, capacity 7522K, committed 7552K, reserved 1048576K
}
Event: 147.129 GC heap before
{Heap before GC invocations=85 (full 0):
 garbage-first heap   total 199680K, used 158861K [0x0000000080000000, 0x0000000100000000)
  region size 1024K, 110 young (112640K), 1 survivors (1024K)
 Metaspace       used 59222K, capacity 60359K, committed 60544K, reserved 1101824K
  class space    used 7088K, capacity 7522K, committed 7552K, reserved 1048576K
}
Event: 147.151 GC heap after
{Heap after GC invocations=86 (full 0):
 garbage-first heap   total 199680K, used 55388K [0x0000000080000000, 0x0000000100000000)
  region size 1024K, 9 young (9216K), 9 survivors (9216K)
 Metaspace       used 59222K, capacity 60359K, committed 60544K, reserved 1101824K
  class space    used 7088K, capacity 7522K, committed 7552K, reserved 1048576K
}
Event: 151.670 GC heap before
{Heap before GC invocations=86 (full 0):
 garbage-first heap   total 199680K, used 161884K [0x0000000080000000, 0x0000000100000000)
  region size 1024K, 112 young (114688K), 9 survivors (9216K)
 Metaspace       used 59224K, capacity 60359K, committed 60544K, reserved 1101824K
  class space    used 7088K, capacity 7522K, committed 7552K, reserved 1048576K
}
Event: 151.678 GC heap after
{Heap after GC invocations=87 (full 0):
 garbage-first heap   total 199680K, used 53587K [0x0000000080000000, 0x0000000100000000)
  region size 1024K, 4 young (4096K), 4 survivors (4096K)
 Metaspace       used 59224K, capacity 60359K, committed 60544K, reserved 1101824K
  class space    used 7088K, capacity 7522K, committed 7552K, reserved 1048576K
}
Event: 154.331 GC heap before
{Heap before GC invocations=87 (full 0):
 garbage-first heap   total 199680K, used 160083K [0x0000000080000000, 0x0000000100000000)
  region size 1024K, 109 young (111616K), 4 survivors (4096K)
 Metaspace       used 59236K, capacity 60359K, committed 60544K, reserved 1101824K
  class space    used 7088K, capacity 7522K, committed 7552K, reserved 1048576K
}
Event: 154.348 GC heap after
{Heap after GC invocations=88 (full 0):
 garbage-first heap   total 199680K, used 59566K [0x0000000080000000, 0x0000000100000000)
  region size 1024K, 10 young (10240K), 10 survivors (10240K)
 Metaspace       used 59236K, capacity 60359K, committed 60544K, reserved 1101824K
  class space    used 7088K, capacity 7522K, committed 7552K, reserved 1048576K
}

