# JRE version: OpenJDK Runtime Environment (11.0.8+10) (build 11.0.8+10-b944.6842174)
# Java VM: OpenJDK 64-Bit Server VM (11.0.8+10-b944.6842174, mixed mode, tiered, compressed oops, g1 gc, windows-amd64)
Heap:
 garbage-first heap   total 287744K, used 158455K [0x0000000080000000, 0x0000000100000000)
  region size 1024K, 33 young (33792K), 12 survivors (12288K)
 Metaspace       used 124997K, capacity 128447K, committed 128712K, reserved 1161216K
  class space    used 15439K, capacity 16696K, committed 16768K, reserved 1048576K
GC Heap History (20 events):
Event: 191.763 GC heap before
{Heap before GC invocations=120 (full 0):
 garbage-first heap   total 287744K, used 131015K [0x0000000080000000, 0x0000000100000000)
  region size 1024K, 14 young (14336K), 1 survivors (1024K)
 Metaspace       used 99792K, capacity 102424K, committed 102728K, reserved 1138688K
  class space    used 12484K, capacity 13404K, committed 13568K, reserved 1048576K
}
Event: 191.768 GC heap after
{Heap after GC invocations=121 (full 0):
 garbage-first heap   total 287744K, used 115215K [0x0000000080000000, 0x0000000100000000)
  region size 1024K, 1 young (1024K), 1 survivors (1024K)
 Metaspace       used 99792K, capacity 102424K, committed 102728K, reserved 1138688K
  class space    used 12484K, capacity 13404K, committed 13568K, reserved 1048576K
}
Event: 196.572 GC heap before
{Heap before GC invocations=121 (full 0):
 garbage-first heap   total 287744K, used 222735K [0x0000000080000000, 0x0000000100000000)
  region size 1024K, 106 young (108544K), 1 survivors (1024K)
 Metaspace       used 100505K, capacity 103072K, committed 103240K, reserved 1138688K
  class space    used 12587K, capacity 13514K, committed 13568K, reserved 1048576K
}
Event: 196.579 GC heap after
{Heap after GC invocations=122 (full 0):
 garbage-first heap   total 287744K, used 115462K [0x0000000080000000, 0x0000000100000000)
  region size 1024K, 1 young (1024K), 1 survivors (1024K)
 Metaspace       used 100505K, capacity 103072K, committed 103240K, reserved 1138688K
  class space    used 12587K, capacity 13514K, committed 13568K, reserved 1048576K
}
Event: 207.167 GC heap before
{Heap before GC invocations=122 (full 0):
 garbage-first heap   total 287744K, used 230150K [0x0000000080000000, 0x0000000100000000)
  region size 1024K, 111 young (113664K), 1 survivors (1024K)
 Metaspace       used 108522K, capacity 111161K, committed 111432K, reserved 1146880K
  class space    used 13619K, capacity 14573K, committed 14592K, reserved 1048576K
}
Event: 207.200 GC heap after
{Heap after GC invocations=123 (full 0):
 garbage-first heap   total 287744K, used 120868K [0x0000000080000000, 0x0000000100000000)
  region size 1024K, 6 young (6144K), 6 survivors (6144K)
 Metaspace       used 108522K, capacity 111161K, committed 111432K, reserved 1146880K
  class space    used 13619K, capacity 14573K, committed 14592K, reserved 1048576K
}
Event: 209.549 GC heap before
{Heap before GC invocations=123 (full 0):
 garbage-first heap   total 287744K, used 230436K [0x0000000080000000, 0x0000000100000000)
  region size 1024K, 114 young (116736K), 6 survivors (6144K)
 Metaspace       used 108608K, capacity 111230K, committed 111432K, reserved 1146880K
  class space    used 13622K, capacity 14574K, committed 14592K, reserved 1048576K
}
Event: 209.580 GC heap after
{Heap after GC invocations=124 (full 0):
 garbage-first heap   total 287744K, used 122353K [0x0000000080000000, 0x0000000100000000)
  region size 1024K, 8 young (8192K), 8 survivors (8192K)
 Metaspace       used 108608K, capacity 111230K, committed 111432K, reserved 1146880K
  class space    used 13622K, capacity 14574K, committed 14592K, reserved 1048576K
}
Event: 210.891 GC heap before
{Heap before GC invocations=124 (full 0):
 garbage-first heap   total 287744K, used 232945K [0x0000000080000000, 0x0000000100000000)
  region size 1024K, 116 young (118784K), 8 survivors (8192K)
 Metaspace       used 108658K, capacity 111243K, committed 111432K, reserved 1146880K
  class space    used 13622K, capacity 14575K, committed 14592K, reserved 1048576K
}
Event: 210.922 GC heap after
{Heap after GC invocations=125 (full 0):
 garbage-first heap   total 287744K, used 121892K [0x0000000080000000, 0x0000000100000000)
  region size 1024K, 7 young (7168K), 7 survivors (7168K)
 Metaspace       used 108658K, capacity 111243K, committed 111432K, reserved 1146880K
  class space    used 13622K, capacity 14575K, committed 14592K, reserved 1048576K
}
Event: 238.637 GC heap before
{Heap before GC invocations=125 (full 0):
 garbage-first heap   total 287744K, used 237604K [0x0000000080000000, 0x0000000100000000)
  region size 1024K, 118 young (120832K), 7 survivors (7168K)
 Metaspace       used 112540K, capacity 115316K, committed 115528K, reserved 1150976K
  class space    used 14033K, capacity 15079K, committed 15104K, reserved 1048576K
}
Event: 238.692 GC heap after
{Heap after GC invocations=126 (full 0):
 garbage-first heap   total 287744K, used 127012K [0x0000000080000000, 0x0000000100000000)
  region size 1024K, 12 young (12288K), 12 survivors (12288K)
 Metaspace       used 112540K, capacity 115316K, committed 115528K, reserved 1150976K
  class space    used 14033K, capacity 15079K, committed 15104K, reserved 1048576K
}
Event: 244.580 GC heap before
{Heap before GC invocations=126 (full 0):
 garbage-first heap   total 287744K, used 239652K [0x0000000080000000, 0x0000000100000000)
  region size 1024K, 121 young (123904K), 12 survivors (12288K)
 Metaspace       used 113158K, capacity 115987K, committed 116168K, reserved 1150976K
  class space    used 14095K, capacity 15124K, committed 15232K, reserved 1048576K
}
Event: 244.637 GC heap after
{Heap after GC invocations=127 (full 0):
 garbage-first heap   total 287744K, used 133125K [0x0000000080000000, 0x0000000100000000)
  region size 1024K, 11 young (11264K), 11 survivors (11264K)
 Metaspace       used 113158K, capacity 115987K, committed 116168K, reserved 1150976K
  class space    used 14095K, capacity 15124K, committed 15232K, reserved 1048576K
}
Event: 246.229 GC heap before
{Heap before GC invocations=127 (full 0):
 garbage-first heap   total 287744K, used 240645K [0x0000000080000000, 0x0000000100000000)
  region size 1024K, 116 young (118784K), 11 survivors (11264K)
 Metaspace       used 113173K, capacity 115987K, committed 116168K, reserved 1150976K
  class space    used 14096K, capacity 15124K, committed 15232K, reserved 1048576K
}
Event: 246.265 GC heap after
{Heap after GC invocations=128 (full 0):
 garbage-first heap   total 287744K, used 133397K [0x0000000080000000, 0x0000000100000000)
  region size 1024K, 5 young (5120K), 5 survivors (5120K)
 Metaspace       used 113173K, capacity 115987K, committed 116168K, reserved 1150976K
  class space    used 14096K, capacity 15124K, committed 15232K, reserved 1048576K
}
Event: 264.269 GC heap before
{Heap before GC invocations=128 (full 0):
 garbage-first heap   total 287744K, used 243989K [0x0000000080000000, 0x0000000100000000)
  region size 1024K, 113 young (115712K), 5 survivors (5120K)
 Metaspace       used 117789K, capacity 120871K, committed 120904K, reserved 1155072K
  class space    used 14667K, capacity 15846K, committed 15872K, reserved 1048576K
}
Event: 264.298 GC heap after
{Heap after GC invocations=129 (full 0):
 garbage-first heap   total 287744K, used 131861K [0x0000000080000000, 0x0000000100000000)
  region size 1024K, 5 young (5120K), 5 survivors (5120K)
 Metaspace       used 117789K, capacity 120871K, committed 120904K, reserved 1155072K
  class space    used 14667K, capacity 15846K, committed 15872K, reserved 1048576K
}
Event: 1201.201 GC heap before
{Heap before GC invocations=129 (full 0):
 garbage-first heap   total 287744K, used 245524K [0x0000000080000000, 0x0000000100000000)
  region size 1024K, 114 young (116736K), 5 survivors (5120K)
 Metaspace       used 124699K, capacity 128086K, committed 128456K, reserved 1161216K
  class space    used 15397K, capacity 16642K, committed 16768K, reserved 1048576K
}
Event: 1201.293 GC heap after
{Heap after GC invocations=130 (full 0):
 garbage-first heap   total 287744K, used 138999K [0x0000000080000000, 0x0000000100000000)
  region size 1024K, 12 young (12288K), 12 survivors (12288K)
 Metaspace       used 124699K, capacity 128086K, committed 128456K, reserved 1161216K
  class space    used 15397K, capacity 16642K, committed 16768K, reserved 1048576K
}

