# JRE version: OpenJDK Runtime Environment (11.0.8+10) (build 11.0.8+10-b944.6842174)
# Java VM: OpenJDK 64-Bit Server VM (11.0.8+10-b944.6842174, mixed mode, tiered, compressed oops, g1 gc, windows-amd64)
Heap:
 garbage-first heap   total 239616K, used 130417K [0x0000000080000000, 0x0000000100000000)
  region size 1024K, 44 young (45056K), 7 survivors (7168K)
 Metaspace       used 66485K, capacity 68365K, committed 68400K, reserved 1110016K
  class space    used 8150K, capacity 8807K, committed 8832K, reserved 1048576K
GC Heap History (20 events):
Event: 217.122 GC heap before
{Heap before GC invocations=128 (full 0):
 garbage-first heap   total 239616K, used 194631K [0x0000000080000000, 0x0000000100000000)
  region size 1024K, 108 young (110592K), 5 survivors (5120K)
 Metaspace       used 66435K, capacity 68298K, committed 68400K, reserved 1110016K
  class space    used 8150K, capacity 8807K, committed 8832K, reserved 1048576K
}
Event: 217.136 GC heap after
{Heap after GC invocations=129 (full 0):
 garbage-first heap   total 239616K, used 89400K [0x0000000080000000, 0x0000000100000000)
  region size 1024K, 5 young (5120K), 5 survivors (5120K)
 Metaspace       used 66435K, capacity 68298K, committed 68400K, reserved 1110016K
  class space    used 8150K, capacity 8807K, committed 8832K, reserved 1048576K
}
Event: 220.987 GC heap before
{Heap before GC invocations=129 (full 0):
 garbage-first heap   total 239616K, used 196920K [0x0000000080000000, 0x0000000100000000)
  region size 1024K, 110 young (112640K), 5 survivors (5120K)
 Metaspace       used 66435K, capacity 68298K, committed 68400K, reserved 1110016K
  class space    used 8150K, capacity 8807K, committed 8832K, reserved 1048576K
}
Event: 221.000 GC heap after
{Heap after GC invocations=130 (full 0):
 garbage-first heap   total 239616K, used 89340K [0x0000000080000000, 0x0000000100000000)
  region size 1024K, 5 young (5120K), 5 survivors (5120K)
 Metaspace       used 66435K, capacity 68298K, committed 68400K, reserved 1110016K
  class space    used 8150K, capacity 8807K, committed 8832K, reserved 1048576K
}
Event: 225.213 GC heap before
{Heap before GC invocations=130 (full 0):
 garbage-first heap   total 239616K, used 198908K [0x0000000080000000, 0x0000000100000000)
  region size 1024K, 112 young (114688K), 5 survivors (5120K)
 Metaspace       used 66436K, capacity 68298K, committed 68400K, reserved 1110016K
  class space    used 8150K, capacity 8807K, committed 8832K, reserved 1048576K
}
Event: 225.226 GC heap after
{Heap after GC invocations=131 (full 0):
 garbage-first heap   total 239616K, used 89649K [0x0000000080000000, 0x0000000100000000)
  region size 1024K, 5 young (5120K), 5 survivors (5120K)
 Metaspace       used 66436K, capacity 68298K, committed 68400K, reserved 1110016K
  class space    used 8150K, capacity 8807K, committed 8832K, reserved 1048576K
}
Event: 227.045 GC heap before
{Heap before GC invocations=131 (full 0):
 garbage-first heap   total 239616K, used 202289K [0x0000000080000000, 0x0000000100000000)
  region size 1024K, 113 young (115712K), 5 survivors (5120K)
 Metaspace       used 66436K, capacity 68298K, committed 68400K, reserved 1110016K
  class space    used 8150K, capacity 8807K, committed 8832K, reserved 1048576K
}
Event: 227.059 GC heap after
{Heap after GC invocations=132 (full 0):
 garbage-first heap   total 239616K, used 90351K [0x0000000080000000, 0x0000000100000000)
  region size 1024K, 5 young (5120K), 5 survivors (5120K)
 Metaspace       used 66436K, capacity 68298K, committed 68400K, reserved 1110016K
  class space    used 8150K, capacity 8807K, committed 8832K, reserved 1048576K
}
Event: 228.671 GC heap before
{Heap before GC invocations=132 (full 0):
 garbage-first heap   total 239616K, used 202991K [0x0000000080000000, 0x0000000100000000)
  region size 1024K, 115 young (117760K), 5 survivors (5120K)
 Metaspace       used 66438K, capacity 68298K, committed 68400K, reserved 1110016K
  class space    used 8150K, capacity 8807K, committed 8832K, reserved 1048576K
}
Event: 228.686 GC heap after
{Heap after GC invocations=133 (full 0):
 garbage-first heap   total 239616K, used 90664K [0x0000000080000000, 0x0000000100000000)
  region size 1024K, 5 young (5120K), 5 survivors (5120K)
 Metaspace       used 66438K, capacity 68298K, committed 68400K, reserved 1110016K
  class space    used 8150K, capacity 8807K, committed 8832K, reserved 1048576K
}
Event: 230.448 GC heap before
{Heap before GC invocations=133 (full 0):
 garbage-first heap   total 239616K, used 204328K [0x0000000080000000, 0x0000000100000000)
  region size 1024K, 116 young (118784K), 5 survivors (5120K)
 Metaspace       used 66443K, capacity 68299K, committed 68400K, reserved 1110016K
  class space    used 8150K, capacity 8807K, committed 8832K, reserved 1048576K
}
Event: 230.463 GC heap after
{Heap after GC invocations=134 (full 0):
 garbage-first heap   total 239616K, used 90763K [0x0000000080000000, 0x0000000100000000)
  region size 1024K, 5 young (5120K), 5 survivors (5120K)
 Metaspace       used 66443K, capacity 68299K, committed 68400K, reserved 1110016K
  class space    used 8150K, capacity 8807K, committed 8832K, reserved 1048576K
}
Event: 236.479 GC heap before
{Heap before GC invocations=134 (full 0):
 garbage-first heap   total 239616K, used 205451K [0x0000000080000000, 0x0000000100000000)
  region size 1024K, 117 young (119808K), 5 survivors (5120K)
 Metaspace       used 66448K, capacity 68299K, committed 68400K, reserved 1110016K
  class space    used 8150K, capacity 8807K, committed 8832K, reserved 1048576K
}
Event: 236.494 GC heap after
{Heap after GC invocations=135 (full 0):
 garbage-first heap   total 239616K, used 90972K [0x0000000080000000, 0x0000000100000000)
  region size 1024K, 5 young (5120K), 5 survivors (5120K)
 Metaspace       used 66448K, capacity 68299K, committed 68400K, reserved 1110016K
  class space    used 8150K, capacity 8807K, committed 8832K, reserved 1048576K
}
Event: 240.887 GC heap before
{Heap before GC invocations=135 (full 0):
 garbage-first heap   total 239616K, used 205660K [0x0000000080000000, 0x0000000100000000)
  region size 1024K, 117 young (119808K), 5 survivors (5120K)
 Metaspace       used 66448K, capacity 68299K, committed 68400K, reserved 1110016K
  class space    used 8150K, capacity 8807K, committed 8832K, reserved 1048576K
}
Event: 240.902 GC heap after
{Heap after GC invocations=136 (full 0):
 garbage-first heap   total 239616K, used 91316K [0x0000000080000000, 0x0000000100000000)
  region size 1024K, 5 young (5120K), 5 survivors (5120K)
 Metaspace       used 66448K, capacity 68299K, committed 68400K, reserved 1110016K
  class space    used 8150K, capacity 8807K, committed 8832K, reserved 1048576K
}
Event: 245.055 GC heap before
{Heap before GC invocations=136 (full 0):
 garbage-first heap   total 239616K, used 206004K [0x0000000080000000, 0x0000000100000000)
  region size 1024K, 117 young (119808K), 5 survivors (5120K)
 Metaspace       used 66456K, capacity 68299K, committed 68400K, reserved 1110016K
  class space    used 8150K, capacity 8807K, committed 8832K, reserved 1048576K
}
Event: 245.072 GC heap after
{Heap after GC invocations=137 (full 0):
 garbage-first heap   total 239616K, used 91545K [0x0000000080000000, 0x0000000100000000)
  region size 1024K, 5 young (5120K), 5 survivors (5120K)
 Metaspace       used 66456K, capacity 68299K, committed 68400K, reserved 1110016K
  class space    used 8150K, capacity 8807K, committed 8832K, reserved 1048576K
}
Event: 247.116 GC heap before
{Heap before GC invocations=137 (full 0):
 garbage-first heap   total 239616K, used 207257K [0x0000000080000000, 0x0000000100000000)
  region size 1024K, 118 young (120832K), 5 survivors (5120K)
 Metaspace       used 66464K, capacity 68299K, committed 68400K, reserved 1110016K
  class space    used 8150K, capacity 8807K, committed 8832K, reserved 1048576K
}
Event: 247.136 GC heap after
{Heap after GC invocations=138 (full 0):
 garbage-first heap   total 239616K, used 93553K [0x0000000080000000, 0x0000000100000000)
  region size 1024K, 7 young (7168K), 7 survivors (7168K)
 Metaspace       used 66464K, capacity 68299K, committed 68400K, reserved 1110016K
  class space    used 8150K, capacity 8807K, committed 8832K, reserved 1048576K
}

