# JRE version: OpenJDK Runtime Environment (11.0.8+10) (build 11.0.8+10-b944.6842174)
# Java VM: OpenJDK 64-Bit Server VM (11.0.8+10-b944.6842174, mixed mode, tiered, compressed oops, g1 gc, windows-amd64)
Heap:
 garbage-first heap   total 163840K, used 92160K [0x0000000080000000, 0x0000000100000000)
  region size 1024K, 22 young (22528K), 3 survivors (3072K)
 Metaspace       used 40311K, capacity 41279K, committed 41596K, reserved 1085440K
  class space    used 5162K, capacity 5513K, committed 5580K, reserved 1048576K
GC Heap History (20 events):
Event: 38.101 GC heap before
{Heap before GC invocations=40 (full 0):
 garbage-first heap   total 78848K, used 62070K [0x0000000080000000, 0x0000000100000000)
  region size 1024K, 12 young (12288K), 2 survivors (2048K)
 Metaspace       used 40180K, capacity 41139K, committed 41340K, reserved 1085440K
  class space    used 5146K, capacity 5510K, committed 5580K, reserved 1048576K
}
Event: 38.109 GC heap after
{Heap after GC invocations=41 (full 0):
 garbage-first heap   total 95232K, used 52381K [0x0000000080000000, 0x0000000100000000)
  region size 1024K, 2 young (2048K), 2 survivors (2048K)
 Metaspace       used 40180K, capacity 41139K, committed 41340K, reserved 1085440K
  class space    used 5146K, capacity 5510K, committed 5580K, reserved 1048576K
}
Event: 38.155 GC heap before
{Heap before GC invocations=41 (full 0):
 garbage-first heap   total 95232K, used 54429K [0x0000000080000000, 0x0000000100000000)
  region size 1024K, 4 young (4096K), 2 survivors (2048K)
 Metaspace       used 40180K, capacity 41139K, committed 41340K, reserved 1085440K
  class space    used 5146K, capacity 5510K, committed 5580K, reserved 1048576K
}
Event: 38.159 GC heap after
{Heap after GC invocations=42 (full 0):
 garbage-first heap   total 95232K, used 48124K [0x0000000080000000, 0x0000000100000000)
  region size 1024K, 1 young (1024K), 1 survivors (1024K)
 Metaspace       used 40180K, capacity 41139K, committed 41340K, reserved 1085440K
  class space    used 5146K, capacity 5510K, committed 5580K, reserved 1048576K
}
Event: 38.573 GC heap before
{Heap before GC invocations=42 (full 0):
 garbage-first heap   total 95232K, used 70652K [0x0000000080000000, 0x0000000100000000)
  region size 1024K, 23 young (23552K), 1 survivors (1024K)
 Metaspace       used 40181K, capacity 41139K, committed 41340K, reserved 1085440K
  class space    used 5146K, capacity 5510K, committed 5580K, reserved 1048576K
}
Event: 38.580 GC heap after
{Heap after GC invocations=43 (full 0):
 garbage-first heap   total 95232K, used 50110K [0x0000000080000000, 0x0000000100000000)
  region size 1024K, 3 young (3072K), 3 survivors (3072K)
 Metaspace       used 40181K, capacity 41139K, committed 41340K, reserved 1085440K
  class space    used 5146K, capacity 5510K, committed 5580K, reserved 1048576K
}
Event: 39.031 GC heap before
{Heap before GC invocations=43 (full 0):
 garbage-first heap   total 95232K, used 71614K [0x0000000080000000, 0x0000000100000000)
  region size 1024K, 24 young (24576K), 3 survivors (3072K)
 Metaspace       used 40181K, capacity 41139K, committed 41340K, reserved 1085440K
  class space    used 5146K, capacity 5510K, committed 5580K, reserved 1048576K
}
Event: 39.040 GC heap after
{Heap after GC invocations=44 (full 0):
 garbage-first heap   total 95232K, used 50636K [0x0000000080000000, 0x0000000100000000)
  region size 1024K, 3 young (3072K), 3 survivors (3072K)
 Metaspace       used 40181K, capacity 41139K, committed 41340K, reserved 1085440K
  class space    used 5146K, capacity 5510K, committed 5580K, reserved 1048576K
}
Event: 39.528 GC heap before
{Heap before GC invocations=44 (full 0):
 garbage-first heap   total 95232K, used 73164K [0x0000000080000000, 0x0000000100000000)
  region size 1024K, 25 young (25600K), 3 survivors (3072K)
 Metaspace       used 40181K, capacity 41139K, committed 41340K, reserved 1085440K
  class space    used 5146K, capacity 5510K, committed 5580K, reserved 1048576K
}
Event: 39.535 GC heap after
{Heap after GC invocations=45 (full 0):
 garbage-first heap   total 95232K, used 51354K [0x0000000080000000, 0x0000000100000000)
  region size 1024K, 3 young (3072K), 3 survivors (3072K)
 Metaspace       used 40181K, capacity 41139K, committed 41340K, reserved 1085440K
  class space    used 5146K, capacity 5510K, committed 5580K, reserved 1048576K
}
Event: 40.562 GC heap before
{Heap before GC invocations=45 (full 0):
 garbage-first heap   total 95232K, used 74906K [0x0000000080000000, 0x0000000100000000)
  region size 1024K, 26 young (26624K), 3 survivors (3072K)
 Metaspace       used 40181K, capacity 41139K, committed 41340K, reserved 1085440K
  class space    used 5146K, capacity 5510K, committed 5580K, reserved 1048576K
}
Event: 40.577 GC heap after
{Heap after GC invocations=46 (full 0):
 garbage-first heap   total 114688K, used 55589K [0x0000000080000000, 0x0000000100000000)
  region size 1024K, 4 young (4096K), 4 survivors (4096K)
 Metaspace       used 40181K, capacity 41139K, committed 41340K, reserved 1085440K
  class space    used 5146K, capacity 5510K, committed 5580K, reserved 1048576K
}
Event: 42.994 GC heap before
{Heap before GC invocations=46 (full 0):
 garbage-first heap   total 114688K, used 87333K [0x0000000080000000, 0x0000000100000000)
  region size 1024K, 35 young (35840K), 4 survivors (4096K)
 Metaspace       used 40212K, capacity 41143K, committed 41340K, reserved 1085440K
  class space    used 5149K, capacity 5510K, committed 5580K, reserved 1048576K
}
Event: 43.071 GC heap after
{Heap after GC invocations=47 (full 0):
 garbage-first heap   total 114688K, used 65124K [0x0000000080000000, 0x0000000100000000)
  region size 1024K, 5 young (5120K), 5 survivors (5120K)
 Metaspace       used 40212K, capacity 41143K, committed 41340K, reserved 1085440K
  class space    used 5149K, capacity 5510K, committed 5580K, reserved 1048576K
}
Event: 44.533 GC heap before
{Heap before GC invocations=47 (full 0):
 garbage-first heap   total 114688K, used 88676K [0x0000000080000000, 0x0000000100000000)
  region size 1024K, 28 young (28672K), 5 survivors (5120K)
 Metaspace       used 40213K, capacity 41143K, committed 41340K, reserved 1085440K
  class space    used 5149K, capacity 5510K, committed 5580K, reserved 1048576K
}
Event: 44.555 GC heap after
{Heap after GC invocations=48 (full 0):
 garbage-first heap   total 114688K, used 67584K [0x0000000080000000, 0x0000000100000000)
  region size 1024K, 4 young (4096K), 4 survivors (4096K)
 Metaspace       used 40213K, capacity 41143K, committed 41340K, reserved 1085440K
  class space    used 5149K, capacity 5510K, committed 5580K, reserved 1048576K
}
Event: 46.169 GC heap before
{Heap before GC invocations=48 (full 0):
 garbage-first heap   total 114688K, used 89088K [0x0000000080000000, 0x0000000100000000)
  region size 1024K, 25 young (25600K), 4 survivors (4096K)
 Metaspace       used 40213K, capacity 41143K, committed 41340K, reserved 1085440K
  class space    used 5149K, capacity 5510K, committed 5580K, reserved 1048576K
}
Event: 46.182 GC heap after
{Heap after GC invocations=49 (full 0):
 garbage-first heap   total 114688K, used 70656K [0x0000000080000000, 0x0000000100000000)
  region size 1024K, 4 young (4096K), 4 survivors (4096K)
 Metaspace       used 40213K, capacity 41143K, committed 41340K, reserved 1085440K
  class space    used 5149K, capacity 5510K, committed 5580K, reserved 1048576K
}
Event: 47.348 GC heap before
{Heap before GC invocations=49 (full 0):
 garbage-first heap   total 114688K, used 89088K [0x0000000080000000, 0x0000000100000000)
  region size 1024K, 22 young (22528K), 4 survivors (4096K)
 Metaspace       used 40213K, capacity 41143K, committed 41340K, reserved 1085440K
  class space    used 5149K, capacity 5510K, committed 5580K, reserved 1048576K
}
Event: 47.367 GC heap after
{Heap after GC invocations=50 (full 0):
 garbage-first heap   total 163840K, used 73728K [0x0000000080000000, 0x0000000100000000)
  region size 1024K, 3 young (3072K), 3 survivors (3072K)
 Metaspace       used 40213K, capacity 41143K, committed 41340K, reserved 1085440K
  class space    used 5149K, capacity 5510K, committed 5580K, reserved 1048576K
}

