# JRE version: OpenJDK Runtime Environment (11.0.8+10) (build 11.0.8+10-b944.6842174)
# Java VM: OpenJDK 64-Bit Server VM (11.0.8+10-b944.6842174, mixed mode, tiered, compressed oops, g1 gc, windows-amd64)
Heap:
 garbage-first heap   total 138240K, used 89603K [0x0000000080000000, 0x0000000100000000)
  region size 1024K, 1 young (1024K), 1 survivors (1024K)
 Metaspace       used 90369K, capacity 92495K, committed 92760K, reserved 1130496K
  class space    used 11545K, capacity 12377K, committed 12416K, reserved 1048576K
GC Heap History (20 events):
Event: 306.350 GC heap after
{Heap after GC invocations=171 (full 0):
 garbage-first heap   total 114688K, used 89702K [0x0000000080000000, 0x0000000100000000)
  region size 1024K, 1 young (1024K), 1 survivors (1024K)
 Metaspace       used 90360K, capacity 92495K, committed 92760K, reserved 1130496K
  class space    used 11545K, capacity 12377K, committed 12416K, reserved 1048576K
}
Event: 306.912 GC heap before
{Heap before GC invocations=172 (full 0):
 garbage-first heap   total 114688K, used 97894K [0x0000000080000000, 0x0000000100000000)
  region size 1024K, 9 young (9216K), 1 survivors (1024K)
 Metaspace       used 90362K, capacity 92495K, committed 92760K, reserved 1130496K
  class space    used 11545K, capacity 12377K, committed 12416K, reserved 1048576K
}
Event: 306.916 GC heap after
{Heap after GC invocations=173 (full 0):
 garbage-first heap   total 114688K, used 89647K [0x0000000080000000, 0x0000000100000000)
  region size 1024K, 1 young (1024K), 1 survivors (1024K)
 Metaspace       used 90362K, capacity 92495K, committed 92760K, reserved 1130496K
  class space    used 11545K, capacity 12377K, committed 12416K, reserved 1048576K
}
Event: 306.983 GC heap before
{Heap before GC invocations=173 (full 0):
 garbage-first heap   total 114688K, used 98863K [0x0000000080000000, 0x0000000100000000)
  region size 1024K, 10 young (10240K), 1 survivors (1024K)
 Metaspace       used 90363K, capacity 92495K, committed 92760K, reserved 1130496K
  class space    used 11545K, capacity 12377K, committed 12416K, reserved 1048576K
}
Event: 306.986 GC heap after
{Heap after GC invocations=174 (full 0):
 garbage-first heap   total 114688K, used 89571K [0x0000000080000000, 0x0000000100000000)
  region size 1024K, 1 young (1024K), 1 survivors (1024K)
 Metaspace       used 90363K, capacity 92495K, committed 92760K, reserved 1130496K
  class space    used 11545K, capacity 12377K, committed 12416K, reserved 1048576K
}
Event: 307.557 GC heap before
{Heap before GC invocations=175 (full 0):
 garbage-first heap   total 114688K, used 98787K [0x0000000080000000, 0x0000000100000000)
  region size 1024K, 10 young (10240K), 1 survivors (1024K)
 Metaspace       used 90364K, capacity 92495K, committed 92760K, reserved 1130496K
  class space    used 11545K, capacity 12377K, committed 12416K, reserved 1048576K
}
Event: 307.560 GC heap after
{Heap after GC invocations=176 (full 0):
 garbage-first heap   total 114688K, used 89573K [0x0000000080000000, 0x0000000100000000)
  region size 1024K, 1 young (1024K), 1 survivors (1024K)
 Metaspace       used 90364K, capacity 92495K, committed 92760K, reserved 1130496K
  class space    used 11545K, capacity 12377K, committed 12416K, reserved 1048576K
}
Event: 307.633 GC heap before
{Heap before GC invocations=176 (full 0):
 garbage-first heap   total 114688K, used 98789K [0x0000000080000000, 0x0000000100000000)
  region size 1024K, 10 young (10240K), 1 survivors (1024K)
 Metaspace       used 90365K, capacity 92495K, committed 92760K, reserved 1130496K
  class space    used 11545K, capacity 12377K, committed 12416K, reserved 1048576K
}
Event: 307.636 GC heap after
{Heap after GC invocations=177 (full 0):
 garbage-first heap   total 114688K, used 89572K [0x0000000080000000, 0x0000000100000000)
  region size 1024K, 1 young (1024K), 1 survivors (1024K)
 Metaspace       used 90365K, capacity 92495K, committed 92760K, reserved 1130496K
  class space    used 11545K, capacity 12377K, committed 12416K, reserved 1048576K
}
Event: 308.181 GC heap before
{Heap before GC invocations=178 (full 0):
 garbage-first heap   total 114688K, used 98788K [0x0000000080000000, 0x0000000100000000)
  region size 1024K, 10 young (10240K), 1 survivors (1024K)
 Metaspace       used 90365K, capacity 92495K, committed 92760K, reserved 1130496K
  class space    used 11545K, capacity 12377K, committed 12416K, reserved 1048576K
}
Event: 308.184 GC heap after
{Heap after GC invocations=179 (full 0):
 garbage-first heap   total 114688K, used 89569K [0x0000000080000000, 0x0000000100000000)
  region size 1024K, 1 young (1024K), 1 survivors (1024K)
 Metaspace       used 90365K, capacity 92495K, committed 92760K, reserved 1130496K
  class space    used 11545K, capacity 12377K, committed 12416K, reserved 1048576K
}
Event: 308.230 GC heap before
{Heap before GC invocations=179 (full 0):
 garbage-first heap   total 114688K, used 99809K [0x0000000080000000, 0x0000000100000000)
  region size 1024K, 11 young (11264K), 1 survivors (1024K)
 Metaspace       used 90365K, capacity 92495K, committed 92760K, reserved 1130496K
  class space    used 11545K, capacity 12377K, committed 12416K, reserved 1048576K
}
Event: 308.234 GC heap after
{Heap after GC invocations=180 (full 0):
 garbage-first heap   total 114688K, used 89570K [0x0000000080000000, 0x0000000100000000)
  region size 1024K, 1 young (1024K), 1 survivors (1024K)
 Metaspace       used 90365K, capacity 92495K, committed 92760K, reserved 1130496K
  class space    used 11545K, capacity 12377K, committed 12416K, reserved 1048576K
}
Event: 309.039 GC heap before
{Heap before GC invocations=181 (full 0):
 garbage-first heap   total 114688K, used 99810K [0x0000000080000000, 0x0000000100000000)
  region size 1024K, 11 young (11264K), 1 survivors (1024K)
 Metaspace       used 90365K, capacity 92495K, committed 92760K, reserved 1130496K
  class space    used 11545K, capacity 12377K, committed 12416K, reserved 1048576K
}
Event: 309.042 GC heap after
{Heap after GC invocations=182 (full 0):
 garbage-first heap   total 114688K, used 89575K [0x0000000080000000, 0x0000000100000000)
  region size 1024K, 1 young (1024K), 1 survivors (1024K)
 Metaspace       used 90365K, capacity 92495K, committed 92760K, reserved 1130496K
  class space    used 11545K, capacity 12377K, committed 12416K, reserved 1048576K
}
Event: 309.082 GC heap before
{Heap before GC invocations=182 (full 0):
 garbage-first heap   total 114688K, used 99815K [0x0000000080000000, 0x0000000100000000)
  region size 1024K, 11 young (11264K), 1 survivors (1024K)
 Metaspace       used 90365K, capacity 92495K, committed 92760K, reserved 1130496K
  class space    used 11545K, capacity 12377K, committed 12416K, reserved 1048576K
}
Event: 309.085 GC heap after
{Heap after GC invocations=183 (full 0):
 garbage-first heap   total 114688K, used 89645K [0x0000000080000000, 0x0000000100000000)
  region size 1024K, 1 young (1024K), 1 survivors (1024K)
 Metaspace       used 90365K, capacity 92495K, committed 92760K, reserved 1130496K
  class space    used 11545K, capacity 12377K, committed 12416K, reserved 1048576K
}
Event: 309.755 GC heap before
{Heap before GC invocations=184 (full 0):
 garbage-first heap   total 114688K, used 98861K [0x0000000080000000, 0x0000000100000000)
  region size 1024K, 11 young (11264K), 1 survivors (1024K)
 Metaspace       used 90367K, capacity 92495K, committed 92760K, reserved 1130496K
  class space    used 11545K, capacity 12377K, committed 12416K, reserved 1048576K
}
Event: 309.760 GC heap after
{Heap after GC invocations=185 (full 0):
 garbage-first heap   total 114688K, used 89607K [0x0000000080000000, 0x0000000100000000)
  region size 1024K, 1 young (1024K), 1 survivors (1024K)
 Metaspace       used 90367K, capacity 92495K, committed 92760K, reserved 1130496K
  class space    used 11545K, capacity 12377K, committed 12416K, reserved 1048576K
}
Event: 309.807 GC heap before
{Heap before GC invocations=185 (full 0):
 garbage-first heap   total 114688K, used 98823K [0x0000000080000000, 0x0000000100000000)
  region size 1024K, 11 young (11264K), 1 survivors (1024K)
 Metaspace       used 90369K, capacity 92495K, committed 92760K, reserved 1130496K
  class space    used 11545K, capacity 12377K, committed 12416K, reserved 1048576K
}

