# JRE version: OpenJDK Runtime Environment (11.0.8+10) (build 11.0.8+10-b944.6842174)
# Java VM: OpenJDK 64-Bit Server VM (11.0.8+10-b944.6842174, mixed mode, tiered, compressed oops, g1 gc, windows-amd64)
Heap:
 garbage-first heap   total 239616K, used 188816K [0x0000000080000000, 0x0000000100000000)
  region size 1024K, 53 young (54272K), 3 survivors (3072K)
 Metaspace       used 105086K, capacity 107572K, committed 107772K, reserved 1142784K
  class space    used 13035K, capacity 13908K, committed 13952K, reserved 1048576K
GC Heap History (20 events):
Event: 196.608 GC heap before
{Heap before GC invocations=115 (full 0):
 garbage-first heap   total 239616K, used 202709K [0x0000000080000000, 0x0000000100000000)
  region size 1024K, 82 young (83968K), 7 survivors (7168K)
 Metaspace       used 95738K, capacity 97975K, committed 98300K, reserved 1134592K
  class space    used 11952K, capacity 12731K, committed 12928K, reserved 1048576K
}
Event: 196.622 GC heap after
{Heap after GC invocations=116 (full 0):
 garbage-first heap   total 239616K, used 126644K [0x0000000080000000, 0x0000000100000000)
  region size 1024K, 1 young (1024K), 1 survivors (1024K)
 Metaspace       used 95738K, capacity 97975K, committed 98300K, reserved 1134592K
  class space    used 11952K, capacity 12731K, committed 12928K, reserved 1048576K
}
Event: 196.889 GC heap before
{Heap before GC invocations=116 (full 0):
 garbage-first heap   total 239616K, used 205492K [0x0000000080000000, 0x0000000100000000)
  region size 1024K, 78 young (79872K), 1 survivors (1024K)
 Metaspace       used 95740K, capacity 97975K, committed 98300K, reserved 1134592K
  class space    used 11952K, capacity 12731K, committed 12928K, reserved 1048576K
}
Event: 196.892 GC heap after
{Heap after GC invocations=117 (full 0):
 garbage-first heap   total 239616K, used 126508K [0x0000000080000000, 0x0000000100000000)
  region size 1024K, 1 young (1024K), 1 survivors (1024K)
 Metaspace       used 95740K, capacity 97975K, committed 98300K, reserved 1134592K
  class space    used 11952K, capacity 12731K, committed 12928K, reserved 1048576K
}
Event: 197.242 GC heap before
{Heap before GC invocations=117 (full 0):
 garbage-first heap   total 239616K, used 206380K [0x0000000080000000, 0x0000000100000000)
  region size 1024K, 79 young (80896K), 1 survivors (1024K)
 Metaspace       used 95740K, capacity 97975K, committed 98300K, reserved 1134592K
  class space    used 11952K, capacity 12731K, committed 12928K, reserved 1048576K
}
Event: 197.248 GC heap after
{Heap after GC invocations=118 (full 0):
 garbage-first heap   total 239616K, used 128237K [0x0000000080000000, 0x0000000100000000)
  region size 1024K, 3 young (3072K), 3 survivors (3072K)
 Metaspace       used 95740K, capacity 97975K, committed 98300K, reserved 1134592K
  class space    used 11952K, capacity 12731K, committed 12928K, reserved 1048576K
}
Event: 197.632 GC heap before
{Heap before GC invocations=118 (full 0):
 garbage-first heap   total 239616K, used 206061K [0x0000000080000000, 0x0000000100000000)
  region size 1024K, 79 young (80896K), 3 survivors (3072K)
 Metaspace       used 95741K, capacity 97975K, committed 98300K, reserved 1134592K
  class space    used 11952K, capacity 12731K, committed 12928K, reserved 1048576K
}
Event: 197.639 GC heap after
{Heap after GC invocations=119 (full 0):
 garbage-first heap   total 239616K, used 130932K [0x0000000080000000, 0x0000000100000000)
  region size 1024K, 6 young (6144K), 6 survivors (6144K)
 Metaspace       used 95741K, capacity 97975K, committed 98300K, reserved 1134592K
  class space    used 11952K, capacity 12731K, committed 12928K, reserved 1048576K
}
Event: 198.727 GC heap before
{Heap before GC invocations=119 (full 0):
 garbage-first heap   total 239616K, used 206708K [0x0000000080000000, 0x0000000100000000)
  region size 1024K, 80 young (81920K), 6 survivors (6144K)
 Metaspace       used 95788K, capacity 97975K, committed 98300K, reserved 1134592K
  class space    used 11952K, capacity 12731K, committed 12928K, reserved 1048576K
}
Event: 198.737 GC heap after
{Heap after GC invocations=120 (full 0):
 garbage-first heap   total 239616K, used 132175K [0x0000000080000000, 0x0000000100000000)
  region size 1024K, 7 young (7168K), 7 survivors (7168K)
 Metaspace       used 95788K, capacity 97975K, committed 98300K, reserved 1134592K
  class space    used 11952K, capacity 12731K, committed 12928K, reserved 1048576K
}
Event: 201.595 GC heap before
{Heap before GC invocations=120 (full 0):
 garbage-first heap   total 239616K, used 206927K [0x0000000080000000, 0x0000000100000000)
  region size 1024K, 80 young (81920K), 7 survivors (7168K)
 Metaspace       used 96441K, capacity 98673K, committed 99068K, reserved 1136640K
  class space    used 12036K, capacity 12831K, committed 12928K, reserved 1048576K
}
Event: 201.610 GC heap after
{Heap after GC invocations=121 (full 0):
 garbage-first heap   total 239616K, used 132502K [0x0000000080000000, 0x0000000100000000)
  region size 1024K, 4 young (4096K), 4 survivors (4096K)
 Metaspace       used 96441K, capacity 98673K, committed 99068K, reserved 1136640K
  class space    used 12036K, capacity 12831K, committed 12928K, reserved 1048576K
}
Event: 206.298 GC heap before
{Heap before GC invocations=121 (full 0):
 garbage-first heap   total 239616K, used 207254K [0x0000000080000000, 0x0000000100000000)
  region size 1024K, 78 young (79872K), 4 survivors (4096K)
 Metaspace       used 100755K, capacity 103032K, committed 103164K, reserved 1138688K
  class space    used 12541K, capacity 13356K, committed 13440K, reserved 1048576K
}
Event: 206.328 GC heap after
{Heap after GC invocations=122 (full 0):
 garbage-first heap   total 239616K, used 136985K [0x0000000080000000, 0x0000000100000000)
  region size 1024K, 9 young (9216K), 9 survivors (9216K)
 Metaspace       used 100755K, capacity 103032K, committed 103164K, reserved 1138688K
  class space    used 12541K, capacity 13356K, committed 13440K, reserved 1048576K
}
Event: 211.815 GC heap before
{Heap before GC invocations=122 (full 0):
 garbage-first heap   total 239616K, used 205593K [0x0000000080000000, 0x0000000100000000)
  region size 1024K, 75 young (76800K), 9 survivors (9216K)
 Metaspace       used 100898K, capacity 103232K, committed 103420K, reserved 1138688K
  class space    used 12544K, capacity 13357K, committed 13440K, reserved 1048576K
}
Event: 211.851 GC heap after
{Heap after GC invocations=123 (full 0):
 garbage-first heap   total 239616K, used 137876K [0x0000000080000000, 0x0000000100000000)
  region size 1024K, 6 young (6144K), 6 survivors (6144K)
 Metaspace       used 100898K, capacity 103232K, committed 103420K, reserved 1138688K
  class space    used 12544K, capacity 13357K, committed 13440K, reserved 1048576K
}
Event: 212.085 GC heap before
{Heap before GC invocations=123 (full 0):
 garbage-first heap   total 239616K, used 206484K [0x0000000080000000, 0x0000000100000000)
  region size 1024K, 73 young (74752K), 6 survivors (6144K)
 Metaspace       used 100899K, capacity 103232K, committed 103420K, reserved 1138688K
  class space    used 12544K, capacity 13357K, committed 13440K, reserved 1048576K
}
Event: 212.114 GC heap after
{Heap after GC invocations=124 (full 0):
 garbage-first heap   total 239616K, used 138949K [0x0000000080000000, 0x0000000100000000)
  region size 1024K, 3 young (3072K), 3 survivors (3072K)
 Metaspace       used 100899K, capacity 103232K, committed 103420K, reserved 1138688K
  class space    used 12544K, capacity 13357K, committed 13440K, reserved 1048576K
}
Event: 213.918 GC heap before
{Heap before GC invocations=124 (full 0):
 garbage-first heap   total 239616K, used 207557K [0x0000000080000000, 0x0000000100000000)
  region size 1024K, 70 young (71680K), 3 survivors (3072K)
 Metaspace       used 100951K, capacity 103240K, committed 103420K, reserved 1138688K
  class space    used 12544K, capacity 13358K, committed 13440K, reserved 1048576K
}
Event: 213.931 GC heap after
{Heap after GC invocations=125 (full 0):
 garbage-first heap   total 239616K, used 138640K [0x0000000080000000, 0x0000000100000000)
  region size 1024K, 3 young (3072K), 3 survivors (3072K)
 Metaspace       used 100951K, capacity 103240K, committed 103420K, reserved 1138688K
  class space    used 12544K, capacity 13358K, committed 13440K, reserved 1048576K
}

