# JRE version: OpenJDK Runtime Environment (11.0.8+10) (build 11.0.8+10-b944.6842174)
# Java VM: OpenJDK 64-Bit Server VM (11.0.8+10-b944.6842174, mixed mode, tiered, compressed oops, g1 gc, windows-amd64)
Heap:
 garbage-first heap   total 346112K, used 177152K [0x0000000080000000, 0x0000000100000000)
  region size 1024K, 5 young (5120K), 5 survivors (5120K)
 Metaspace       used 98772K, capacity 101254K, committed 101376K, reserved 1136640K
  class space    used 12569K, capacity 13527K, committed 13568K, reserved 1048576K
GC Heap History (20 events):
Event: 182.483 GC heap after
{Heap after GC invocations=85 (full 0):
 garbage-first heap   total 239616K, used 147587K [0x0000000080000000, 0x0000000100000000)
  region size 1024K, 3 young (3072K), 3 survivors (3072K)
 Metaspace       used 98469K, capacity 100843K, committed 101120K, reserved 1136640K
  class space    used 12534K, capacity 13479K, committed 13568K, reserved 1048576K
}
Event: 183.931 GC heap before
{Heap before GC invocations=85 (full 0):
 garbage-first heap   total 239616K, used 201859K [0x0000000080000000, 0x0000000100000000)
  region size 1024K, 56 young (57344K), 3 survivors (3072K)
 Metaspace       used 98477K, capacity 100909K, committed 101120K, reserved 1136640K
  class space    used 12534K, capacity 13479K, committed 13568K, reserved 1048576K
}
Event: 183.961 GC heap after
{Heap after GC invocations=86 (full 0):
 garbage-first heap   total 239616K, used 148595K [0x0000000080000000, 0x0000000100000000)
  region size 1024K, 4 young (4096K), 4 survivors (4096K)
 Metaspace       used 98477K, capacity 100909K, committed 101120K, reserved 1136640K
  class space    used 12534K, capacity 13479K, committed 13568K, reserved 1048576K
}
Event: 185.175 GC heap before
{Heap before GC invocations=86 (full 0):
 garbage-first heap   total 239616K, used 203891K [0x0000000080000000, 0x0000000100000000)
  region size 1024K, 58 young (59392K), 4 survivors (4096K)
 Metaspace       used 98483K, capacity 100913K, committed 101120K, reserved 1136640K
  class space    used 12535K, capacity 13480K, committed 13568K, reserved 1048576K
}
Event: 185.203 GC heap after
{Heap after GC invocations=87 (full 0):
 garbage-first heap   total 239616K, used 149908K [0x0000000080000000, 0x0000000100000000)
  region size 1024K, 5 young (5120K), 5 survivors (5120K)
 Metaspace       used 98483K, capacity 100913K, committed 101120K, reserved 1136640K
  class space    used 12535K, capacity 13480K, committed 13568K, reserved 1048576K
}
Event: 186.927 GC heap before
{Heap before GC invocations=87 (full 0):
 garbage-first heap   total 239616K, used 205204K [0x0000000080000000, 0x0000000100000000)
  region size 1024K, 59 young (60416K), 5 survivors (5120K)
 Metaspace       used 98487K, capacity 100914K, committed 101120K, reserved 1136640K
  class space    used 12535K, capacity 13480K, committed 13568K, reserved 1048576K
}
Event: 186.956 GC heap after
{Heap after GC invocations=88 (full 0):
 garbage-first heap   total 239616K, used 150810K [0x0000000080000000, 0x0000000100000000)
  region size 1024K, 5 young (5120K), 5 survivors (5120K)
 Metaspace       used 98487K, capacity 100914K, committed 101120K, reserved 1136640K
  class space    used 12535K, capacity 13480K, committed 13568K, reserved 1048576K
}
Event: 187.861 GC heap before
{Heap before GC invocations=88 (full 0):
 garbage-first heap   total 239616K, used 206106K [0x0000000080000000, 0x0000000100000000)
  region size 1024K, 59 young (60416K), 5 survivors (5120K)
 Metaspace       used 98499K, capacity 100914K, committed 101120K, reserved 1136640K
  class space    used 12537K, capacity 13480K, committed 13568K, reserved 1048576K
}
Event: 187.890 GC heap after
{Heap after GC invocations=89 (full 0):
 garbage-first heap   total 239616K, used 151867K [0x0000000080000000, 0x0000000100000000)
  region size 1024K, 5 young (5120K), 5 survivors (5120K)
 Metaspace       used 98499K, capacity 100914K, committed 101120K, reserved 1136640K
  class space    used 12537K, capacity 13480K, committed 13568K, reserved 1048576K
}
Event: 188.972 GC heap before
{Heap before GC invocations=89 (full 0):
 garbage-first heap   total 239616K, used 207163K [0x0000000080000000, 0x0000000100000000)
  region size 1024K, 59 young (60416K), 5 survivors (5120K)
 Metaspace       used 98504K, capacity 100914K, committed 101120K, reserved 1136640K
  class space    used 12537K, capacity 13480K, committed 13568K, reserved 1048576K
}
Event: 189.004 GC heap after
{Heap after GC invocations=90 (full 0):
 garbage-first heap   total 287744K, used 152472K [0x0000000080000000, 0x0000000100000000)
  region size 1024K, 5 young (5120K), 5 survivors (5120K)
 Metaspace       used 98504K, capacity 100914K, committed 101120K, reserved 1136640K
  class space    used 12537K, capacity 13480K, committed 13568K, reserved 1048576K
}
Event: 193.395 GC heap before
{Heap before GC invocations=90 (full 0):
 garbage-first heap   total 287744K, used 234392K [0x0000000080000000, 0x0000000100000000)
  region size 1024K, 84 young (86016K), 5 survivors (5120K)
 Metaspace       used 98520K, capacity 100916K, committed 101120K, reserved 1136640K
  class space    used 12537K, capacity 13480K, committed 13568K, reserved 1048576K
}
Event: 193.424 GC heap after
{Heap after GC invocations=91 (full 0):
 garbage-first heap   total 287744K, used 153413K [0x0000000080000000, 0x0000000100000000)
  region size 1024K, 6 young (6144K), 6 survivors (6144K)
 Metaspace       used 98520K, capacity 100916K, committed 101120K, reserved 1136640K
  class space    used 12537K, capacity 13480K, committed 13568K, reserved 1048576K
}
Event: 194.790 GC heap before
{Heap before GC invocations=91 (full 0):
 garbage-first heap   total 287744K, used 236357K [0x0000000080000000, 0x0000000100000000)
  region size 1024K, 86 young (88064K), 6 survivors (6144K)
 Metaspace       used 98537K, capacity 100917K, committed 101120K, reserved 1136640K
  class space    used 12537K, capacity 13480K, committed 13568K, reserved 1048576K
}
Event: 194.857 GC heap after
{Heap after GC invocations=92 (full 0):
 garbage-first heap   total 287744K, used 159565K [0x0000000080000000, 0x0000000100000000)
  region size 1024K, 11 young (11264K), 11 survivors (11264K)
 Metaspace       used 98537K, capacity 100917K, committed 101120K, reserved 1136640K
  class space    used 12537K, capacity 13480K, committed 13568K, reserved 1048576K
}
Event: 208.819 GC heap before
{Heap before GC invocations=92 (full 0):
 garbage-first heap   total 287744K, used 239437K [0x0000000080000000, 0x0000000100000000)
  region size 1024K, 87 young (89088K), 11 survivors (11264K)
 Metaspace       used 98573K, capacity 100982K, committed 101120K, reserved 1136640K
  class space    used 12541K, capacity 13480K, committed 13568K, reserved 1048576K
}
Event: 208.927 GC heap after
{Heap after GC invocations=93 (full 0):
 garbage-first heap   total 287744K, used 169030K [0x0000000080000000, 0x0000000100000000)
  region size 1024K, 10 young (10240K), 10 survivors (10240K)
 Metaspace       used 98573K, capacity 100982K, committed 101120K, reserved 1136640K
  class space    used 12541K, capacity 13480K, committed 13568K, reserved 1048576K
}
Event: 211.667 GC heap before
{Heap before GC invocations=93 (full 0):
 garbage-first heap   total 287744K, used 236614K [0x0000000080000000, 0x0000000100000000)
  region size 1024K, 76 young (77824K), 10 survivors (10240K)
 Metaspace       used 98770K, capacity 101254K, committed 101376K, reserved 1136640K
  class space    used 12569K, capacity 13527K, committed 13568K, reserved 1048576K
}
Event: 211.774 GC heap after
{Heap after GC invocations=94 (full 0):
 garbage-first heap   total 287744K, used 175104K [0x0000000080000000, 0x0000000100000000)
  region size 1024K, 9 young (9216K), 9 survivors (9216K)
 Metaspace       used 98770K, capacity 101254K, committed 101376K, reserved 1136640K
  class space    used 12569K, capacity 13527K, committed 13568K, reserved 1048576K
}
Event: 212.879 GC heap before
{Heap before GC invocations=94 (full 0):
 garbage-first heap   total 287744K, used 237568K [0x0000000080000000, 0x0000000100000000)
  region size 1024K, 70 young (71680K), 9 survivors (9216K)
 Metaspace       used 98772K, capacity 101254K, committed 101376K, reserved 1136640K
  class space    used 12569K, capacity 13527K, committed 13568K, reserved 1048576K
}

