# JRE version: OpenJDK Runtime Environment (11.0.8+10) (build 11.0.8+10-b944.6842174)
# Java VM: OpenJDK 64-Bit Server VM (11.0.8+10-b944.6842174, mixed mode, tiered, compressed oops, g1 gc, windows-amd64)
Heap:
 garbage-first heap   total 491520K, used 161280K [0x0000000080000000, 0x0000000100000000)
  region size 1024K, 2 young (2048K), 2 survivors (2048K)
 Metaspace       used 97495K, capacity 99796K, committed 99840K, reserved 1136640K
  class space    used 12422K, capacity 13308K, committed 13312K, reserved 1048576K
GC Heap History (20 events):
Event: 113.377 GC heap after
{Heap after GC invocations=74 (full 0):
 garbage-first heap   total 239616K, used 126339K [0x0000000080000000, 0x0000000100000000)
  region size 1024K, 5 young (5120K), 5 survivors (5120K)
 Metaspace       used 95625K, capacity 97712K, committed 97792K, reserved 1134592K
  class space    used 12208K, capacity 13042K, committed 13056K, reserved 1048576K
}
Event: 114.727 GC heap before
{Heap before GC invocations=74 (full 0):
 garbage-first heap   total 239616K, used 198019K [0x0000000080000000, 0x0000000100000000)
  region size 1024K, 75 young (76800K), 5 survivors (5120K)
 Metaspace       used 95658K, capacity 97778K, committed 97792K, reserved 1134592K
  class space    used 12209K, capacity 13042K, committed 13056K, reserved 1048576K
}
Event: 114.762 GC heap after
{Heap after GC invocations=75 (full 0):
 garbage-first heap   total 287744K, used 127327K [0x0000000080000000, 0x0000000100000000)
  region size 1024K, 6 young (6144K), 6 survivors (6144K)
 Metaspace       used 95658K, capacity 97778K, committed 97792K, reserved 1134592K
  class space    used 12209K, capacity 13042K, committed 13056K, reserved 1048576K
}
Event: 116.678 GC heap before
{Heap before GC invocations=75 (full 0):
 garbage-first heap   total 287744K, used 213343K [0x0000000080000000, 0x0000000100000000)
  region size 1024K, 90 young (92160K), 6 survivors (6144K)
 Metaspace       used 95663K, capacity 97779K, committed 98048K, reserved 1134592K
  class space    used 12209K, capacity 13042K, committed 13056K, reserved 1048576K
}
Event: 116.719 GC heap after
{Heap after GC invocations=76 (full 0):
 garbage-first heap   total 287744K, used 128910K [0x0000000080000000, 0x0000000100000000)
  region size 1024K, 8 young (8192K), 8 survivors (8192K)
 Metaspace       used 95663K, capacity 97779K, committed 98048K, reserved 1134592K
  class space    used 12209K, capacity 13042K, committed 13056K, reserved 1048576K
}
Event: 118.915 GC heap before
{Heap before GC invocations=76 (full 0):
 garbage-first heap   total 287744K, used 223118K [0x0000000080000000, 0x0000000100000000)
  region size 1024K, 100 young (102400K), 8 survivors (8192K)
 Metaspace       used 95676K, capacity 97779K, committed 98048K, reserved 1134592K
  class space    used 12209K, capacity 13042K, committed 13056K, reserved 1048576K
}
Event: 119.024 GC heap after
{Heap after GC invocations=77 (full 0):
 garbage-first heap   total 287744K, used 132046K [0x0000000080000000, 0x0000000100000000)
  region size 1024K, 10 young (10240K), 10 survivors (10240K)
 Metaspace       used 95676K, capacity 97779K, committed 98048K, reserved 1134592K
  class space    used 12209K, capacity 13042K, committed 13056K, reserved 1048576K
}
Event: 120.718 GC heap before
{Heap before GC invocations=77 (full 0):
 garbage-first heap   total 287744K, used 237518K [0x0000000080000000, 0x0000000100000000)
  region size 1024K, 113 young (115712K), 10 survivors (10240K)
 Metaspace       used 95686K, capacity 97779K, committed 98048K, reserved 1134592K
  class space    used 12209K, capacity 13042K, committed 13056K, reserved 1048576K
}
Event: 120.770 GC heap after
{Heap after GC invocations=78 (full 0):
 garbage-first heap   total 287744K, used 133089K [0x0000000080000000, 0x0000000100000000)
  region size 1024K, 9 young (9216K), 9 survivors (9216K)
 Metaspace       used 95686K, capacity 97779K, committed 98048K, reserved 1134592K
  class space    used 12209K, capacity 13042K, committed 13056K, reserved 1048576K
}
Event: 122.132 GC heap before
{Heap before GC invocations=78 (full 0):
 garbage-first heap   total 287744K, used 240609K [0x0000000080000000, 0x0000000100000000)
  region size 1024K, 114 young (116736K), 9 survivors (9216K)
 Metaspace       used 95696K, capacity 97779K, committed 98048K, reserved 1134592K
  class space    used 12209K, capacity 13042K, committed 13056K, reserved 1048576K
}
Event: 122.197 GC heap after
{Heap after GC invocations=79 (full 0):
 garbage-first heap   total 368640K, used 134447K [0x0000000080000000, 0x0000000100000000)
  region size 1024K, 9 young (9216K), 9 survivors (9216K)
 Metaspace       used 95696K, capacity 97779K, committed 98048K, reserved 1134592K
  class space    used 12209K, capacity 13042K, committed 13056K, reserved 1048576K
}
Event: 125.092 GC heap before
{Heap before GC invocations=79 (full 0):
 garbage-first heap   total 368640K, used 268591K [0x0000000080000000, 0x0000000100000000)
  region size 1024K, 140 young (143360K), 9 survivors (9216K)
 Metaspace       used 95716K, capacity 97780K, committed 98048K, reserved 1134592K
  class space    used 12209K, capacity 13042K, committed 13056K, reserved 1048576K
}
Event: 125.137 GC heap after
{Heap after GC invocations=80 (full 0):
 garbage-first heap   total 368640K, used 134959K [0x0000000080000000, 0x0000000100000000)
  region size 1024K, 9 young (9216K), 9 survivors (9216K)
 Metaspace       used 95716K, capacity 97780K, committed 98048K, reserved 1134592K
  class space    used 12209K, capacity 13042K, committed 13056K, reserved 1048576K
}
Event: 128.110 GC heap before
{Heap before GC invocations=80 (full 0):
 garbage-first heap   total 368640K, used 321327K [0x0000000080000000, 0x0000000100000000)
  region size 1024K, 191 young (195584K), 9 survivors (9216K)
 Metaspace       used 95730K, capacity 97844K, committed 98048K, reserved 1134592K
  class space    used 12209K, capacity 13042K, committed 13056K, reserved 1048576K
}
Event: 128.192 GC heap after
{Heap after GC invocations=81 (full 0):
 garbage-first heap   total 368640K, used 137519K [0x0000000080000000, 0x0000000100000000)
  region size 1024K, 12 young (12288K), 12 survivors (12288K)
 Metaspace       used 95730K, capacity 97844K, committed 98048K, reserved 1134592K
  class space    used 12209K, capacity 13042K, committed 13056K, reserved 1048576K
}
Event: 135.377 GC heap before
{Heap before GC invocations=81 (full 0):
 garbage-first heap   total 368640K, used 323887K [0x0000000080000000, 0x0000000100000000)
  region size 1024K, 189 young (193536K), 12 survivors (12288K)
 Metaspace       used 97465K, capacity 99730K, committed 99840K, reserved 1136640K
  class space    used 12421K, capacity 13308K, committed 13312K, reserved 1048576K
}
Event: 135.489 GC heap after
{Heap after GC invocations=82 (full 0):
 garbage-first heap   total 368640K, used 139567K [0x0000000080000000, 0x0000000100000000)
  region size 1024K, 14 young (14336K), 14 survivors (14336K)
 Metaspace       used 97465K, capacity 99730K, committed 99840K, reserved 1136640K
  class space    used 12421K, capacity 13308K, committed 13312K, reserved 1048576K
}
Event: 138.190 GC heap before
{Heap before GC invocations=82 (full 0):
 garbage-first heap   total 368640K, used 316719K [0x0000000080000000, 0x0000000100000000)
  region size 1024K, 187 young (191488K), 14 survivors (14336K)
 Metaspace       used 97476K, capacity 99730K, committed 99840K, reserved 1136640K
  class space    used 12422K, capacity 13308K, committed 13312K, reserved 1048576K
}
Event: 138.427 GC heap after
{Heap after GC invocations=83 (full 0):
 garbage-first heap   total 368640K, used 162311K [0x0000000080000000, 0x0000000100000000)
  region size 1024K, 24 young (24576K), 24 survivors (24576K)
 Metaspace       used 97476K, capacity 99730K, committed 99840K, reserved 1136640K
  class space    used 12422K, capacity 13308K, committed 13312K, reserved 1048576K
}
Event: 141.401 GC heap before
{Heap before GC invocations=83 (full 0):
 garbage-first heap   total 368640K, used 306695K [0x0000000080000000, 0x0000000100000000)
  region size 1024K, 165 young (168960K), 24 survivors (24576K)
 Metaspace       used 97495K, capacity 99796K, committed 99840K, reserved 1136640K
  class space    used 12422K, capacity 13308K, committed 13312K, reserved 1048576K
}

