# JRE version: OpenJDK Runtime Environment (11.0.8+10) (build 11.0.8+10-b944.6842174)
# Java VM: OpenJDK 64-Bit Server VM (11.0.8+10-b944.6842174, mixed mode, tiered, compressed oops, g1 gc, windows-amd64)
Heap:
 garbage-first heap   total 229376K, used 78336K [0x0000000080000000, 0x0000000100000000)
  region size 1024K, 3 young (3072K), 3 survivors (3072K)
 Metaspace       used 40220K, capacity 41135K, committed 41340K, reserved 1085440K
  class space    used 5152K, capacity 5510K, committed 5632K, reserved 1048576K
GC Heap History (20 events):
Event: 24.646 GC heap after
{Heap after GC invocations=23 (full 0):
 garbage-first heap   total 95232K, used 57069K [0x0000000080000000, 0x0000000100000000)
  region size 1024K, 3 young (3072K), 3 survivors (3072K)
 Metaspace       used 40196K, capacity 41135K, committed 41340K, reserved 1085440K
  class space    used 5149K, capacity 5510K, committed 5632K, reserved 1048576K
}
Event: 24.665 GC heap before
{Heap before GC invocations=23 (full 0):
 garbage-first heap   total 95232K, used 58093K [0x0000000080000000, 0x0000000100000000)
  region size 1024K, 4 young (4096K), 3 survivors (3072K)
 Metaspace       used 40196K, capacity 41135K, committed 41340K, reserved 1085440K
  class space    used 5149K, capacity 5510K, committed 5632K, reserved 1048576K
}
Event: 24.670 GC heap after
{Heap after GC invocations=24 (full 0):
 garbage-first heap   total 95232K, used 51554K [0x0000000080000000, 0x0000000100000000)
  region size 1024K, 1 young (1024K), 1 survivors (1024K)
 Metaspace       used 40196K, capacity 41135K, committed 41340K, reserved 1085440K
  class space    used 5149K, capacity 5510K, committed 5632K, reserved 1048576K
}
Event: 24.839 GC heap before
{Heap before GC invocations=24 (full 0):
 garbage-first heap   total 95232K, used 71010K [0x0000000080000000, 0x0000000100000000)
  region size 1024K, 20 young (20480K), 1 survivors (1024K)
 Metaspace       used 40196K, capacity 41135K, committed 41340K, reserved 1085440K
  class space    used 5149K, capacity 5510K, committed 5632K, reserved 1048576K
}
Event: 24.846 GC heap after
{Heap after GC invocations=25 (full 0):
 garbage-first heap   total 95232K, used 52918K [0x0000000080000000, 0x0000000100000000)
  region size 1024K, 2 young (2048K), 2 survivors (2048K)
 Metaspace       used 40196K, capacity 41135K, committed 41340K, reserved 1085440K
  class space    used 5149K, capacity 5510K, committed 5632K, reserved 1048576K
}
Event: 25.013 GC heap before
{Heap before GC invocations=26 (full 0):
 garbage-first heap   total 95232K, used 73398K [0x0000000080000000, 0x0000000100000000)
  region size 1024K, 22 young (22528K), 2 survivors (2048K)
 Metaspace       used 40196K, capacity 41135K, committed 41340K, reserved 1085440K
  class space    used 5149K, capacity 5510K, committed 5632K, reserved 1048576K
}
Event: 25.022 GC heap after
{Heap after GC invocations=27 (full 0):
 garbage-first heap   total 95232K, used 53665K [0x0000000080000000, 0x0000000100000000)
  region size 1024K, 3 young (3072K), 3 survivors (3072K)
 Metaspace       used 40196K, capacity 41135K, committed 41340K, reserved 1085440K
  class space    used 5149K, capacity 5510K, committed 5632K, reserved 1048576K
}
Event: 25.032 GC heap before
{Heap before GC invocations=27 (full 0):
 garbage-first heap   total 95232K, used 53665K [0x0000000080000000, 0x0000000100000000)
  region size 1024K, 4 young (4096K), 3 survivors (3072K)
 Metaspace       used 40196K, capacity 41135K, committed 41340K, reserved 1085440K
  class space    used 5149K, capacity 5510K, committed 5632K, reserved 1048576K
}
Event: 25.037 GC heap after
{Heap after GC invocations=28 (full 0):
 garbage-first heap   total 95232K, used 46711K [0x0000000080000000, 0x0000000100000000)
  region size 1024K, 1 young (1024K), 1 survivors (1024K)
 Metaspace       used 40196K, capacity 41135K, committed 41340K, reserved 1085440K
  class space    used 5149K, capacity 5510K, committed 5632K, reserved 1048576K
}
Event: 25.210 GC heap before
{Heap before GC invocations=28 (full 0):
 garbage-first heap   total 95232K, used 71287K [0x0000000080000000, 0x0000000100000000)
  region size 1024K, 25 young (25600K), 1 survivors (1024K)
 Metaspace       used 40196K, capacity 41135K, committed 41340K, reserved 1085440K
  class space    used 5149K, capacity 5510K, committed 5632K, reserved 1048576K
}
Event: 25.218 GC heap after
{Heap after GC invocations=29 (full 0):
 garbage-first heap   total 95232K, used 48708K [0x0000000080000000, 0x0000000100000000)
  region size 1024K, 3 young (3072K), 3 survivors (3072K)
 Metaspace       used 40196K, capacity 41135K, committed 41340K, reserved 1085440K
  class space    used 5149K, capacity 5510K, committed 5632K, reserved 1048576K
}
Event: 25.486 GC heap before
{Heap before GC invocations=30 (full 0):
 garbage-first heap   total 95232K, used 72260K [0x0000000080000000, 0x0000000100000000)
  region size 1024K, 27 young (27648K), 3 survivors (3072K)
 Metaspace       used 40196K, capacity 41135K, committed 41340K, reserved 1085440K
  class space    used 5149K, capacity 5510K, committed 5632K, reserved 1048576K
}
Event: 25.500 GC heap after
{Heap after GC invocations=31 (full 0):
 garbage-first heap   total 114688K, used 51420K [0x0000000080000000, 0x0000000100000000)
  region size 1024K, 4 young (4096K), 4 survivors (4096K)
 Metaspace       used 40196K, capacity 41135K, committed 41340K, reserved 1085440K
  class space    used 5149K, capacity 5510K, committed 5632K, reserved 1048576K
}
Event: 26.164 GC heap before
{Heap before GC invocations=31 (full 0):
 garbage-first heap   total 114688K, used 86236K [0x0000000080000000, 0x0000000100000000)
  region size 1024K, 38 young (38912K), 4 survivors (4096K)
 Metaspace       used 40219K, capacity 41135K, committed 41340K, reserved 1085440K
  class space    used 5152K, capacity 5510K, committed 5632K, reserved 1048576K
}
Event: 26.191 GC heap after
{Heap after GC invocations=32 (full 0):
 garbage-first heap   total 114688K, used 60634K [0x0000000080000000, 0x0000000100000000)
  region size 1024K, 5 young (5120K), 5 survivors (5120K)
 Metaspace       used 40219K, capacity 41135K, committed 41340K, reserved 1085440K
  class space    used 5152K, capacity 5510K, committed 5632K, reserved 1048576K
}
Event: 26.567 GC heap before
{Heap before GC invocations=32 (full 0):
 garbage-first heap   total 114688K, used 85210K [0x0000000080000000, 0x0000000100000000)
  region size 1024K, 30 young (30720K), 5 survivors (5120K)
 Metaspace       used 40219K, capacity 41135K, committed 41340K, reserved 1085440K
  class space    used 5152K, capacity 5510K, committed 5632K, reserved 1048576K
}
Event: 26.585 GC heap after
{Heap after GC invocations=33 (full 0):
 garbage-first heap   total 114688K, used 68096K [0x0000000080000000, 0x0000000100000000)
  region size 1024K, 4 young (4096K), 4 survivors (4096K)
 Metaspace       used 40219K, capacity 41135K, committed 41340K, reserved 1085440K
  class space    used 5152K, capacity 5510K, committed 5632K, reserved 1048576K
}
Event: 27.019 GC heap before
{Heap before GC invocations=33 (full 0):
 garbage-first heap   total 114688K, used 88576K [0x0000000080000000, 0x0000000100000000)
  region size 1024K, 24 young (24576K), 4 survivors (4096K)
 Metaspace       used 40219K, capacity 41135K, committed 41340K, reserved 1085440K
  class space    used 5152K, capacity 5510K, committed 5632K, reserved 1048576K
}
Event: 27.041 GC heap after
{Heap after GC invocations=34 (full 0):
 garbage-first heap   total 114688K, used 72192K [0x0000000080000000, 0x0000000100000000)
  region size 1024K, 3 young (3072K), 3 survivors (3072K)
 Metaspace       used 40219K, capacity 41135K, committed 41340K, reserved 1085440K
  class space    used 5152K, capacity 5510K, committed 5632K, reserved 1048576K
}
Event: 27.838 GC heap before
{Heap before GC invocations=34 (full 0):
 garbage-first heap   total 114688K, used 89600K [0x0000000080000000, 0x0000000100000000)
  region size 1024K, 20 young (20480K), 3 survivors (3072K)
 Metaspace       used 40220K, capacity 41135K, committed 41340K, reserved 1085440K
  class space    used 5152K, capacity 5510K, committed 5632K, reserved 1048576K
}

