# JRE version: OpenJDK Runtime Environment (11.0.8+10) (build 11.0.8+10-b944.6842174)
# Java VM: OpenJDK 64-Bit Server VM (11.0.8+10-b944.6842174, mixed mode, tiered, compressed oops, g1 gc, windows-amd64)
Heap:
 garbage-first heap   total 165888K, used 101318K [0x0000000080000000, 0x0000000100000000)
  region size 1024K, 22 young (22528K), 5 survivors (5120K)
 Metaspace       used 73379K, capacity 75330K, committed 75644K, reserved 1114112K
  class space    used 9457K, capacity 10123K, committed 10240K, reserved 1048576K
GC Heap History (20 events):
Event: 46.210 GC heap before
{Heap before GC invocations=48 (full 0):
 garbage-first heap   total 114688K, used 64807K [0x0000000080000000, 0x0000000100000000)
  region size 1024K, 5 young (5120K), 3 survivors (3072K)
 Metaspace       used 46978K, capacity 48462K, committed 48636K, reserved 1091584K
  class space    used 6008K, capacity 6520K, committed 6528K, reserved 1048576K
}
Event: 46.223 GC heap after
{Heap after GC invocations=49 (full 0):
 garbage-first heap   total 114688K, used 65386K [0x0000000080000000, 0x0000000100000000)
  region size 1024K, 1 young (1024K), 1 survivors (1024K)
 Metaspace       used 46978K, capacity 48462K, committed 48636K, reserved 1091584K
  class space    used 6008K, capacity 6520K, committed 6528K, reserved 1048576K
}
Event: 50.284 GC heap before
{Heap before GC invocations=50 (full 0):
 garbage-first heap   total 114688K, used 84842K [0x0000000080000000, 0x0000000100000000)
  region size 1024K, 18 young (18432K), 1 survivors (1024K)
 Metaspace       used 48511K, capacity 50058K, committed 50172K, reserved 1093632K
  class space    used 6195K, capacity 6733K, committed 6784K, reserved 1048576K
}
Event: 50.306 GC heap after
{Heap after GC invocations=51 (full 0):
 garbage-first heap   total 114688K, used 70581K [0x0000000080000000, 0x0000000100000000)
  region size 1024K, 3 young (3072K), 3 survivors (3072K)
 Metaspace       used 48511K, capacity 50058K, committed 50172K, reserved 1093632K
  class space    used 6195K, capacity 6733K, committed 6784K, reserved 1048576K
}
Event: 51.992 GC heap before
{Heap before GC invocations=51 (full 0):
 garbage-first heap   total 114688K, used 86965K [0x0000000080000000, 0x0000000100000000)
  region size 1024K, 19 young (19456K), 3 survivors (3072K)
 Metaspace       used 51204K, capacity 52731K, committed 52988K, reserved 1095680K
  class space    used 6504K, capacity 7028K, committed 7040K, reserved 1048576K
}
Event: 52.018 GC heap after
{Heap after GC invocations=52 (full 0):
 garbage-first heap   total 138240K, used 70842K [0x0000000080000000, 0x0000000100000000)
  region size 1024K, 1 young (1024K), 1 survivors (1024K)
 Metaspace       used 51204K, capacity 52731K, committed 52988K, reserved 1095680K
  class space    used 6504K, capacity 7028K, committed 7040K, reserved 1048576K
}
Event: 54.159 GC heap before
{Heap before GC invocations=53 (full 0):
 garbage-first heap   total 138240K, used 95418K [0x0000000080000000, 0x0000000100000000)
  region size 1024K, 25 young (25600K), 1 survivors (1024K)
 Metaspace       used 54552K, capacity 56145K, committed 56316K, reserved 1097728K
  class space    used 6911K, capacity 7439K, committed 7552K, reserved 1048576K
}
Event: 54.169 GC heap after
{Heap after GC invocations=54 (full 0):
 garbage-first heap   total 138240K, used 71736K [0x0000000080000000, 0x0000000100000000)
  region size 1024K, 2 young (2048K), 2 survivors (2048K)
 Metaspace       used 54552K, capacity 56145K, committed 56316K, reserved 1097728K
  class space    used 6911K, capacity 7439K, committed 7552K, reserved 1048576K
}
Event: 55.883 GC heap before
{Heap before GC invocations=54 (full 0):
 garbage-first heap   total 138240K, used 97336K [0x0000000080000000, 0x0000000100000000)
  region size 1024K, 27 young (27648K), 2 survivors (2048K)
 Metaspace       used 57787K, capacity 59485K, committed 59516K, reserved 1101824K
  class space    used 7343K, capacity 7933K, committed 7936K, reserved 1048576K
}
Event: 55.901 GC heap after
{Heap after GC invocations=55 (full 0):
 garbage-first heap   total 138240K, used 74080K [0x0000000080000000, 0x0000000100000000)
  region size 1024K, 4 young (4096K), 4 survivors (4096K)
 Metaspace       used 57787K, capacity 59485K, committed 59516K, reserved 1101824K
  class space    used 7343K, capacity 7933K, committed 7936K, reserved 1048576K
}
Event: 57.365 GC heap before
{Heap before GC invocations=56 (full 0):
 garbage-first heap   total 138240K, used 94560K [0x0000000080000000, 0x0000000100000000)
  region size 1024K, 26 young (26624K), 4 survivors (4096K)
 Metaspace       used 59969K, capacity 61671K, committed 61948K, reserved 1103872K
  class space    used 7602K, capacity 8205K, committed 8320K, reserved 1048576K
}
Event: 57.397 GC heap after
{Heap after GC invocations=57 (full 0):
 garbage-first heap   total 138240K, used 75841K [0x0000000080000000, 0x0000000100000000)
  region size 1024K, 2 young (2048K), 2 survivors (2048K)
 Metaspace       used 59969K, capacity 61671K, committed 61948K, reserved 1103872K
  class space    used 7602K, capacity 8205K, committed 8320K, reserved 1048576K
}
Event: 60.091 GC heap before
{Heap before GC invocations=58 (full 0):
 garbage-first heap   total 138240K, used 103489K [0x0000000080000000, 0x0000000100000000)
  region size 1024K, 28 young (28672K), 2 survivors (2048K)
 Metaspace       used 62759K, capacity 64494K, committed 64636K, reserved 1105920K
  class space    used 7940K, capacity 8587K, committed 8704K, reserved 1048576K
}
Event: 60.114 GC heap after
{Heap after GC invocations=59 (full 0):
 garbage-first heap   total 138240K, used 76805K [0x0000000080000000, 0x0000000100000000)
  region size 1024K, 3 young (3072K), 3 survivors (3072K)
 Metaspace       used 62759K, capacity 64494K, committed 64636K, reserved 1105920K
  class space    used 7940K, capacity 8587K, committed 8704K, reserved 1048576K
}
Event: 61.081 GC heap before
{Heap before GC invocations=59 (full 0):
 garbage-first heap   total 138240K, used 104453K [0x0000000080000000, 0x0000000100000000)
  region size 1024K, 30 young (30720K), 3 survivors (3072K)
 Metaspace       used 63336K, capacity 65091K, committed 65148K, reserved 1105920K
  class space    used 8022K, capacity 8660K, committed 8704K, reserved 1048576K
}
Event: 61.111 GC heap after
{Heap after GC invocations=60 (full 0):
 garbage-first heap   total 165888K, used 79666K [0x0000000080000000, 0x0000000100000000)
  region size 1024K, 4 young (4096K), 4 survivors (4096K)
 Metaspace       used 63336K, capacity 65091K, committed 65148K, reserved 1105920K
  class space    used 8022K, capacity 8660K, committed 8704K, reserved 1048576K
}
Event: 65.186 GC heap before
{Heap before GC invocations=61 (full 0):
 garbage-first heap   total 165888K, used 117554K [0x0000000080000000, 0x0000000100000000)
  region size 1024K, 41 young (41984K), 4 survivors (4096K)
 Metaspace       used 67627K, capacity 69453K, committed 69756K, reserved 1110016K
  class space    used 8746K, capacity 9409K, committed 9472K, reserved 1048576K
}
Event: 65.227 GC heap after
{Heap after GC invocations=62 (full 0):
 garbage-first heap   total 165888K, used 82288K [0x0000000080000000, 0x0000000100000000)
  region size 1024K, 6 young (6144K), 6 survivors (6144K)
 Metaspace       used 67627K, capacity 69453K, committed 69756K, reserved 1110016K
  class space    used 8746K, capacity 9409K, committed 9472K, reserved 1048576K
}
Event: 67.654 GC heap before
{Heap before GC invocations=62 (full 0):
 garbage-first heap   total 165888K, used 120176K [0x0000000080000000, 0x0000000100000000)
  region size 1024K, 43 young (44032K), 6 survivors (6144K)
 Metaspace       used 70802K, capacity 72619K, committed 72700K, reserved 1112064K
  class space    used 9177K, capacity 9798K, committed 9856K, reserved 1048576K
}
Event: 67.693 GC heap after
{Heap after GC invocations=63 (full 0):
 garbage-first heap   total 165888K, used 84934K [0x0000000080000000, 0x0000000100000000)
  region size 1024K, 5 young (5120K), 5 survivors (5120K)
 Metaspace       used 70802K, capacity 72619K, committed 72700K, reserved 1112064K
  class space    used 9177K, capacity 9798K, committed 9856K, reserved 1048576K
}

