# JRE version: OpenJDK Runtime Environment (11.0.8+10) (build 11.0.8+10-b944.6842174)
# Java VM: OpenJDK 64-Bit Server VM (11.0.8+10-b944.6842174, mixed mode, tiered, compressed oops, g1 gc, windows-amd64)
Heap:
 garbage-first heap   total 78848K, used 49529K [0x0000000080000000, 0x0000000100000000)
  region size 1024K, 4 young (4096K), 3 survivors (3072K)
 Metaspace       used 56605K, capacity 58014K, committed 58240K, reserved 1099776K
  class space    used 7182K, capacity 7728K, committed 7808K, reserved 1048576K
GC Heap History (20 events):
Event: 22.578 GC heap before
{Heap before GC invocations=14 (full 0):
 garbage-first heap   total 65536K, used 43245K [0x0000000080000000, 0x0000000100000000)
  region size 1024K, 21 young (21504K), 2 survivors (2048K)
 Metaspace       used 39814K, capacity 40617K, committed 40704K, reserved 1085440K
  class space    used 5043K, capacity 5358K, committed 5376K, reserved 1048576K
}
Event: 22.591 GC heap after
{Heap after GC invocations=15 (full 0):
 garbage-first heap   total 65536K, used 24653K [0x0000000080000000, 0x0000000100000000)
  region size 1024K, 3 young (3072K), 3 survivors (3072K)
 Metaspace       used 39814K, capacity 40617K, committed 40704K, reserved 1085440K
  class space    used 5043K, capacity 5358K, committed 5376K, reserved 1048576K
}
Event: 23.377 GC heap before
{Heap before GC invocations=15 (full 0):
 garbage-first heap   total 65536K, used 45133K [0x0000000080000000, 0x0000000100000000)
  region size 1024K, 23 young (23552K), 3 survivors (3072K)
 Metaspace       used 40568K, capacity 41417K, committed 41600K, reserved 1085440K
  class space    used 5159K, capacity 5499K, committed 5504K, reserved 1048576K
}
Event: 23.397 GC heap after
{Heap after GC invocations=16 (full 0):
 garbage-first heap   total 65536K, used 26400K [0x0000000080000000, 0x0000000100000000)
  region size 1024K, 3 young (3072K), 3 survivors (3072K)
 Metaspace       used 40568K, capacity 41417K, committed 41600K, reserved 1085440K
  class space    used 5159K, capacity 5499K, committed 5504K, reserved 1048576K
}
Event: 24.354 GC heap before
{Heap before GC invocations=16 (full 0):
 garbage-first heap   total 65536K, used 46880K [0x0000000080000000, 0x0000000100000000)
  region size 1024K, 23 young (23552K), 3 survivors (3072K)
 Metaspace       used 42128K, capacity 42977K, committed 43136K, reserved 1087488K
  class space    used 5390K, capacity 5744K, committed 5760K, reserved 1048576K
}
Event: 24.369 GC heap after
{Heap after GC invocations=17 (full 0):
 garbage-first heap   total 65536K, used 27254K [0x0000000080000000, 0x0000000100000000)
  region size 1024K, 1 young (1024K), 1 survivors (1024K)
 Metaspace       used 42128K, capacity 42977K, committed 43136K, reserved 1087488K
  class space    used 5390K, capacity 5744K, committed 5760K, reserved 1048576K
}
Event: 26.404 GC heap before
{Heap before GC invocations=17 (full 0):
 garbage-first heap   total 65536K, used 47734K [0x0000000080000000, 0x0000000100000000)
  region size 1024K, 21 young (21504K), 1 survivors (1024K)
 Metaspace       used 43875K, capacity 44942K, committed 45312K, reserved 1089536K
  class space    used 5606K, capacity 6017K, committed 6144K, reserved 1048576K
}
Event: 26.421 GC heap after
{Heap after GC invocations=18 (full 0):
 garbage-first heap   total 78848K, used 28896K [0x0000000080000000, 0x0000000100000000)
  region size 1024K, 3 young (3072K), 3 survivors (3072K)
 Metaspace       used 43875K, capacity 44942K, committed 45312K, reserved 1089536K
  class space    used 5606K, capacity 6017K, committed 6144K, reserved 1048576K
}
Event: 28.004 GC heap before
{Heap before GC invocations=18 (full 0):
 garbage-first heap   total 78848K, used 53472K [0x0000000080000000, 0x0000000100000000)
  region size 1024K, 28 young (28672K), 3 survivors (3072K)
 Metaspace       used 44678K, capacity 45742K, committed 45824K, reserved 1089536K
  class space    used 5695K, capacity 6090K, committed 6144K, reserved 1048576K
}
Event: 28.024 GC heap after
{Heap after GC invocations=19 (full 0):
 garbage-first heap   total 78848K, used 31139K [0x0000000080000000, 0x0000000100000000)
  region size 1024K, 4 young (4096K), 4 survivors (4096K)
 Metaspace       used 44678K, capacity 45742K, committed 45824K, reserved 1089536K
  class space    used 5695K, capacity 6090K, committed 6144K, reserved 1048576K
}
Event: 32.668 GC heap before
{Heap before GC invocations=19 (full 0):
 garbage-first heap   total 78848K, used 61859K [0x0000000080000000, 0x0000000100000000)
  region size 1024K, 29 young (29696K), 4 survivors (4096K)
 Metaspace       used 45875K, capacity 47086K, committed 47360K, reserved 1089536K
  class space    used 5871K, capacity 6329K, committed 6400K, reserved 1048576K
}
Event: 32.726 GC heap after
{Heap after GC invocations=20 (full 0):
 garbage-first heap   total 78848K, used 45119K [0x0000000080000000, 0x0000000100000000)
  region size 1024K, 4 young (4096K), 4 survivors (4096K)
 Metaspace       used 45875K, capacity 47086K, committed 47360K, reserved 1089536K
  class space    used 5871K, capacity 6329K, committed 6400K, reserved 1048576K
}
Event: 34.244 GC heap before
{Heap before GC invocations=20 (full 0):
 garbage-first heap   total 78848K, used 60479K [0x0000000080000000, 0x0000000100000000)
  region size 1024K, 19 young (19456K), 4 survivors (4096K)
 Metaspace       used 48557K, capacity 49836K, committed 49920K, reserved 1093632K
  class space    used 6145K, capacity 6630K, committed 6656K, reserved 1048576K
}
Event: 34.255 GC heap after
{Heap after GC invocations=21 (full 0):
 garbage-first heap   total 78848K, used 46240K [0x0000000080000000, 0x0000000100000000)
  region size 1024K, 1 young (1024K), 1 survivors (1024K)
 Metaspace       used 48557K, capacity 49836K, committed 49920K, reserved 1093632K
  class space    used 6145K, capacity 6630K, committed 6656K, reserved 1048576K
}
Event: 35.505 GC heap before
{Heap before GC invocations=22 (full 0):
 garbage-first heap   total 78848K, used 61600K [0x0000000080000000, 0x0000000100000000)
  region size 1024K, 16 young (16384K), 1 survivors (1024K)
 Metaspace       used 50441K, capacity 51722K, committed 51968K, reserved 1093632K
  class space    used 6397K, capacity 6856K, committed 6912K, reserved 1048576K
}
Event: 35.515 GC heap after
{Heap after GC invocations=23 (full 0):
 garbage-first heap   total 78848K, used 46523K [0x0000000080000000, 0x0000000100000000)
  region size 1024K, 1 young (1024K), 1 survivors (1024K)
 Metaspace       used 50441K, capacity 51722K, committed 51968K, reserved 1093632K
  class space    used 6397K, capacity 6856K, committed 6912K, reserved 1048576K
}
Event: 37.399 GC heap before
{Heap before GC invocations=23 (full 0):
 garbage-first heap   total 78848K, used 61883K [0x0000000080000000, 0x0000000100000000)
  region size 1024K, 16 young (16384K), 1 survivors (1024K)
 Metaspace       used 52595K, capacity 53943K, committed 54016K, reserved 1095680K
  class space    used 6661K, capacity 7166K, committed 7168K, reserved 1048576K
}
Event: 37.410 GC heap after
{Heap after GC invocations=24 (full 0):
 garbage-first heap   total 78848K, used 47105K [0x0000000080000000, 0x0000000100000000)
  region size 1024K, 2 young (2048K), 2 survivors (2048K)
 Metaspace       used 52595K, capacity 53943K, committed 54016K, reserved 1095680K
  class space    used 6661K, capacity 7166K, committed 7168K, reserved 1048576K
}
Event: 40.745 GC heap before
{Heap before GC invocations=25 (full 0):
 garbage-first heap   total 78848K, used 62465K [0x0000000080000000, 0x0000000100000000)
  region size 1024K, 17 young (17408K), 2 survivors (2048K)
 Metaspace       used 55099K, capacity 56489K, committed 56704K, reserved 1097728K
  class space    used 7003K, capacity 7519K, committed 7552K, reserved 1048576K
}
Event: 40.761 GC heap after
{Heap after GC invocations=26 (full 0):
 garbage-first heap   total 78848K, used 47844K [0x0000000080000000, 0x0000000100000000)
  region size 1024K, 3 young (3072K), 3 survivors (3072K)
 Metaspace       used 55099K, capacity 56489K, committed 56704K, reserved 1097728K
  class space    used 7003K, capacity 7519K, committed 7552K, reserved 1048576K
}

