# JRE version: OpenJDK Runtime Environment (11.0.8+10) (build 11.0.8+10-b944.6842174)
# Java VM: OpenJDK 64-Bit Server VM (11.0.8+10-b944.6842174, mixed mode, tiered, compressed oops, g1 gc, windows-amd64)
Heap:
 garbage-first heap   total 138240K, used 84373K [0x0000000080000000, 0x0000000100000000)
  region size 1024K, 34 young (34816K), 6 survivors (6144K)
 Metaspace       used 40800K, capacity 41773K, committed 41904K, reserved 1085440K
  class space    used 5174K, capacity 5547K, committed 5632K, reserved 1048576K
GC Heap History (20 events):
Event: 228.450 GC heap before
{Heap before GC invocations=62 (full 0):
 garbage-first heap   total 114688K, used 85460K [0x0000000080000000, 0x0000000100000000)
  region size 1024K, 35 young (35840K), 1 survivors (1024K)
 Metaspace       used 40475K, capacity 41443K, committed 41520K, reserved 1085440K
  class space    used 5131K, capacity 5500K, committed 5504K, reserved 1048576K
}
Event: 228.457 GC heap after
{Heap after GC invocations=63 (full 0):
 garbage-first heap   total 114688K, used 51253K [0x0000000080000000, 0x0000000100000000)
  region size 1024K, 2 young (2048K), 2 survivors (2048K)
 Metaspace       used 40475K, capacity 41443K, committed 41520K, reserved 1085440K
  class space    used 5131K, capacity 5500K, committed 5504K, reserved 1048576K
}
Event: 228.953 GC heap before
{Heap before GC invocations=63 (full 0):
 garbage-first heap   total 114688K, used 87093K [0x0000000080000000, 0x0000000100000000)
  region size 1024K, 37 young (37888K), 2 survivors (2048K)
 Metaspace       used 40475K, capacity 41443K, committed 41520K, reserved 1085440K
  class space    used 5131K, capacity 5500K, committed 5504K, reserved 1048576K
}
Event: 228.961 GC heap after
{Heap after GC invocations=64 (full 0):
 garbage-first heap   total 114688K, used 51610K [0x0000000080000000, 0x0000000100000000)
  region size 1024K, 2 young (2048K), 2 survivors (2048K)
 Metaspace       used 40475K, capacity 41443K, committed 41520K, reserved 1085440K
  class space    used 5131K, capacity 5500K, committed 5504K, reserved 1048576K
}
Event: 229.645 GC heap before
{Heap before GC invocations=64 (full 0):
 garbage-first heap   total 114688K, used 88474K [0x0000000080000000, 0x0000000100000000)
  region size 1024K, 38 young (38912K), 2 survivors (2048K)
 Metaspace       used 40475K, capacity 41443K, committed 41520K, reserved 1085440K
  class space    used 5131K, capacity 5500K, committed 5504K, reserved 1048576K
}
Event: 229.653 GC heap after
{Heap after GC invocations=65 (full 0):
 garbage-first heap   total 114688K, used 51943K [0x0000000080000000, 0x0000000100000000)
  region size 1024K, 3 young (3072K), 3 survivors (3072K)
 Metaspace       used 40475K, capacity 41443K, committed 41520K, reserved 1085440K
  class space    used 5131K, capacity 5500K, committed 5504K, reserved 1048576K
}
Event: 230.073 GC heap before
{Heap before GC invocations=65 (full 0):
 garbage-first heap   total 114688K, used 88807K [0x0000000080000000, 0x0000000100000000)
  region size 1024K, 39 young (39936K), 3 survivors (3072K)
 Metaspace       used 40475K, capacity 41443K, committed 41520K, reserved 1085440K
  class space    used 5131K, capacity 5500K, committed 5504K, reserved 1048576K
}
Event: 230.083 GC heap after
{Heap after GC invocations=66 (full 0):
 garbage-first heap   total 114688K, used 52143K [0x0000000080000000, 0x0000000100000000)
  region size 1024K, 3 young (3072K), 3 survivors (3072K)
 Metaspace       used 40475K, capacity 41443K, committed 41520K, reserved 1085440K
  class space    used 5131K, capacity 5500K, committed 5504K, reserved 1048576K
}
Event: 230.490 GC heap before
{Heap before GC invocations=66 (full 0):
 garbage-first heap   total 114688K, used 90031K [0x0000000080000000, 0x0000000100000000)
  region size 1024K, 40 young (40960K), 3 survivors (3072K)
 Metaspace       used 40476K, capacity 41443K, committed 41520K, reserved 1085440K
  class space    used 5131K, capacity 5500K, committed 5504K, reserved 1048576K
}
Event: 230.501 GC heap after
{Heap after GC invocations=67 (full 0):
 garbage-first heap   total 114688K, used 52601K [0x0000000080000000, 0x0000000100000000)
  region size 1024K, 3 young (3072K), 3 survivors (3072K)
 Metaspace       used 40476K, capacity 41443K, committed 41520K, reserved 1085440K
  class space    used 5131K, capacity 5500K, committed 5504K, reserved 1048576K
}
Event: 231.133 GC heap before
{Heap before GC invocations=67 (full 0):
 garbage-first heap   total 114688K, used 91513K [0x0000000080000000, 0x0000000100000000)
  region size 1024K, 41 young (41984K), 3 survivors (3072K)
 Metaspace       used 40476K, capacity 41443K, committed 41520K, reserved 1085440K
  class space    used 5131K, capacity 5500K, committed 5504K, reserved 1048576K
}
Event: 231.145 GC heap after
{Heap after GC invocations=68 (full 0):
 garbage-first heap   total 114688K, used 53058K [0x0000000080000000, 0x0000000100000000)
  region size 1024K, 4 young (4096K), 4 survivors (4096K)
 Metaspace       used 40476K, capacity 41443K, committed 41520K, reserved 1085440K
  class space    used 5131K, capacity 5500K, committed 5504K, reserved 1048576K
}
Event: 231.593 GC heap before
{Heap before GC invocations=68 (full 0):
 garbage-first heap   total 114688K, used 91970K [0x0000000080000000, 0x0000000100000000)
  region size 1024K, 42 young (43008K), 4 survivors (4096K)
 Metaspace       used 40477K, capacity 41443K, committed 41520K, reserved 1085440K
  class space    used 5131K, capacity 5500K, committed 5504K, reserved 1048576K
}
Event: 231.605 GC heap after
{Heap after GC invocations=69 (full 0):
 garbage-first heap   total 114688K, used 53097K [0x0000000080000000, 0x0000000100000000)
  region size 1024K, 3 young (3072K), 3 survivors (3072K)
 Metaspace       used 40477K, capacity 41443K, committed 41520K, reserved 1085440K
  class space    used 5131K, capacity 5500K, committed 5504K, reserved 1048576K
}
Event: 233.443 GC heap before
{Heap before GC invocations=69 (full 0):
 garbage-first heap   total 114688K, used 93033K [0x0000000080000000, 0x0000000100000000)
  region size 1024K, 42 young (43008K), 3 survivors (3072K)
 Metaspace       used 40478K, capacity 41443K, committed 41520K, reserved 1085440K
  class space    used 5131K, capacity 5500K, committed 5504K, reserved 1048576K
}
Event: 233.455 GC heap after
{Heap after GC invocations=70 (full 0):
 garbage-first heap   total 114688K, used 53652K [0x0000000080000000, 0x0000000100000000)
  region size 1024K, 4 young (4096K), 4 survivors (4096K)
 Metaspace       used 40478K, capacity 41443K, committed 41520K, reserved 1085440K
  class space    used 5131K, capacity 5500K, committed 5504K, reserved 1048576K
}
Event: 234.226 GC heap before
{Heap before GC invocations=70 (full 0):
 garbage-first heap   total 114688K, used 93588K [0x0000000080000000, 0x0000000100000000)
  region size 1024K, 43 young (44032K), 4 survivors (4096K)
 Metaspace       used 40478K, capacity 41443K, committed 41520K, reserved 1085440K
  class space    used 5131K, capacity 5500K, committed 5504K, reserved 1048576K
}
Event: 234.242 GC heap after
{Heap after GC invocations=71 (full 0):
 garbage-first heap   total 138240K, used 54258K [0x0000000080000000, 0x0000000100000000)
  region size 1024K, 4 young (4096K), 4 survivors (4096K)
 Metaspace       used 40478K, capacity 41443K, committed 41520K, reserved 1085440K
  class space    used 5131K, capacity 5500K, committed 5504K, reserved 1048576K
}
Event: 240.565 GC heap before
{Heap before GC invocations=71 (full 0):
 garbage-first heap   total 138240K, used 103410K [0x0000000080000000, 0x0000000100000000)
  region size 1024K, 49 young (50176K), 4 survivors (4096K)
 Metaspace       used 40624K, capacity 41605K, committed 41904K, reserved 1085440K
  class space    used 5152K, capacity 5512K, committed 5632K, reserved 1048576K
}
Event: 240.576 GC heap after
{Heap after GC invocations=72 (full 0):
 garbage-first heap   total 138240K, used 56725K [0x0000000080000000, 0x0000000100000000)
  region size 1024K, 6 young (6144K), 6 survivors (6144K)
 Metaspace       used 40624K, capacity 41605K, committed 41904K, reserved 1085440K
  class space    used 5152K, capacity 5512K, committed 5632K, reserved 1048576K
}

