# JRE version: OpenJDK Runtime Environment (11.0.8+10) (build 11.0.8+10-b944.6842174)
# Java VM: OpenJDK 64-Bit Server VM (11.0.8+10-b944.6842174, mixed mode, tiered, compressed oops, g1 gc, windows-amd64)
Heap:
 garbage-first heap   total 324608K, used 193224K [0x0000000080000000, 0x0000000100000000)
  region size 1024K, 31 young (31744K), 10 survivors (10240K)
 Metaspace       used 124408K, capacity 128065K, committed 128252K, reserved 1161216K
  class space    used 14958K, capacity 16250K, committed 16256K, reserved 1048576K
GC Heap History (20 events):
Event: 611.078 GC heap before
{Heap before GC invocations=180 (full 0):
 garbage-first heap   total 187392K, used 141573K [0x0000000080000000, 0x0000000100000000)
  region size 1024K, 27 young (27648K), 3 survivors (3072K)
 Metaspace       used 108917K, capacity 111967K, committed 112252K, reserved 1146880K
  class space    used 13395K, capacity 14514K, committed 14592K, reserved 1048576K
}
Event: 611.105 GC heap after
{Heap after GC invocations=181 (full 0):
 garbage-first heap   total 324608K, used 118666K [0x0000000080000000, 0x0000000100000000)
  region size 1024K, 3 young (3072K), 3 survivors (3072K)
 Metaspace       used 108917K, capacity 111967K, committed 112252K, reserved 1146880K
  class space    used 13395K, capacity 14514K, committed 14592K, reserved 1048576K
}
Event: 1104.479 GC heap before
{Heap before GC invocations=181 (full 0):
 garbage-first heap   total 324608K, used 190346K [0x0000000080000000, 0x0000000100000000)
  region size 1024K, 73 young (74752K), 3 survivors (3072K)
 Metaspace       used 109282K, capacity 112528K, committed 112892K, reserved 1146880K
  class space    used 13447K, capacity 14602K, committed 14720K, reserved 1048576K
}
Event: 1104.507 GC heap after
{Heap after GC invocations=182 (full 0):
 garbage-first heap   total 324608K, used 120929K [0x0000000080000000, 0x0000000100000000)
  region size 1024K, 5 young (5120K), 5 survivors (5120K)
 Metaspace       used 109282K, capacity 112528K, committed 112892K, reserved 1146880K
  class space    used 13447K, capacity 14602K, committed 14720K, reserved 1048576K
}
Event: 1133.053 GC heap before
{Heap before GC invocations=182 (full 0):
 garbage-first heap   total 324608K, used 234593K [0x0000000080000000, 0x0000000100000000)
  region size 1024K, 113 young (115712K), 5 survivors (5120K)
 Metaspace       used 111685K, capacity 115155K, committed 115324K, reserved 1148928K
  class space    used 13796K, capacity 15002K, committed 15104K, reserved 1048576K
}
Event: 1133.137 GC heap after
{Heap after GC invocations=183 (full 0):
 garbage-first heap   total 324608K, used 129428K [0x0000000080000000, 0x0000000100000000)
  region size 1024K, 13 young (13312K), 13 survivors (13312K)
 Metaspace       used 111685K, capacity 115155K, committed 115324K, reserved 1148928K
  class space    used 13796K, capacity 15002K, committed 15104K, reserved 1048576K
}
Event: 1155.354 GC heap before
{Heap before GC invocations=183 (full 0):
 garbage-first heap   total 324608K, used 240020K [0x0000000080000000, 0x0000000100000000)
  region size 1024K, 122 young (124928K), 13 survivors (13312K)
 Metaspace       used 113187K, capacity 116743K, committed 116988K, reserved 1150976K
  class space    used 13945K, capacity 15184K, committed 15232K, reserved 1048576K
}
Event: 1155.504 GC heap after
{Heap after GC invocations=184 (full 0):
 garbage-first heap   total 324608K, used 139532K [0x0000000080000000, 0x0000000100000000)
  region size 1024K, 10 young (10240K), 10 survivors (10240K)
 Metaspace       used 113187K, capacity 116743K, committed 116988K, reserved 1150976K
  class space    used 13945K, capacity 15184K, committed 15232K, reserved 1048576K
}
Event: 1168.613 GC heap before
{Heap before GC invocations=184 (full 0):
 garbage-first heap   total 324608K, used 259340K [0x0000000080000000, 0x0000000100000000)
  region size 1024K, 117 young (119808K), 10 survivors (10240K)
 Metaspace       used 115883K, capacity 119439K, committed 119548K, reserved 1153024K
  class space    used 14243K, capacity 15485K, committed 15488K, reserved 1048576K
}
Event: 1168.761 GC heap after
{Heap after GC invocations=185 (full 0):
 garbage-first heap   total 324608K, used 157696K [0x0000000080000000, 0x0000000100000000)
  region size 1024K, 15 young (15360K), 15 survivors (15360K)
 Metaspace       used 115883K, capacity 119439K, committed 119548K, reserved 1153024K
  class space    used 14243K, capacity 15485K, committed 15488K, reserved 1048576K
}
Event: 1174.089 GC heap before
{Heap before GC invocations=185 (full 0):
 garbage-first heap   total 324608K, used 253952K [0x0000000080000000, 0x0000000100000000)
  region size 1024K, 95 young (97280K), 15 survivors (15360K)
 Metaspace       used 119509K, capacity 123039K, committed 123260K, reserved 1157120K
  class space    used 14518K, capacity 15782K, committed 15872K, reserved 1048576K
}
Event: 1174.178 GC heap after
{Heap after GC invocations=186 (full 0):
 garbage-first heap   total 324608K, used 161941K [0x0000000080000000, 0x0000000100000000)
  region size 1024K, 4 young (4096K), 4 survivors (4096K)
 Metaspace       used 119509K, capacity 123039K, committed 123260K, reserved 1157120K
  class space    used 14518K, capacity 15782K, committed 15872K, reserved 1048576K
}
Event: 1190.416 GC heap before
{Heap before GC invocations=186 (full 0):
 garbage-first heap   total 324608K, used 241813K [0x0000000080000000, 0x0000000100000000)
  region size 1024K, 83 young (84992K), 4 survivors (4096K)
 Metaspace       used 121400K, capacity 124985K, committed 125180K, reserved 1159168K
  class space    used 14677K, capacity 15927K, committed 16000K, reserved 1048576K
}
Event: 1190.440 GC heap after
{Heap after GC invocations=187 (full 0):
 garbage-first heap   total 324608K, used 161280K [0x0000000080000000, 0x0000000100000000)
  region size 1024K, 3 young (3072K), 3 survivors (3072K)
 Metaspace       used 121400K, capacity 124985K, committed 125180K, reserved 1159168K
  class space    used 14677K, capacity 15927K, committed 16000K, reserved 1048576K
}
Event: 1219.194 GC heap before
{Heap before GC invocations=187 (full 0):
 garbage-first heap   total 324608K, used 252416K [0x0000000080000000, 0x0000000100000000)
  region size 1024K, 93 young (95232K), 3 survivors (3072K)
 Metaspace       used 123215K, capacity 126846K, committed 127100K, reserved 1161216K
  class space    used 14838K, capacity 16090K, committed 16128K, reserved 1048576K
}
Event: 1219.228 GC heap after
{Heap after GC invocations=188 (full 0):
 garbage-first heap   total 324608K, used 165030K [0x0000000080000000, 0x0000000100000000)
  region size 1024K, 7 young (7168K), 7 survivors (7168K)
 Metaspace       used 123215K, capacity 126846K, committed 127100K, reserved 1161216K
  class space    used 14838K, capacity 16090K, committed 16128K, reserved 1048576K
}
Event: 1273.010 GC heap before
{Heap before GC invocations=188 (full 0):
 garbage-first heap   total 324608K, used 257190K [0x0000000080000000, 0x0000000100000000)
  region size 1024K, 98 young (100352K), 7 survivors (7168K)
 Metaspace       used 124008K, capacity 127583K, committed 127740K, reserved 1161216K
  class space    used 14916K, capacity 16179K, committed 16256K, reserved 1048576K
}
Event: 1273.056 GC heap after
{Heap after GC invocations=189 (full 0):
 garbage-first heap   total 324608K, used 168960K [0x0000000080000000, 0x0000000100000000)
  region size 1024K, 11 young (11264K), 11 survivors (11264K)
 Metaspace       used 124008K, capacity 127583K, committed 127740K, reserved 1161216K
  class space    used 14916K, capacity 16179K, committed 16256K, reserved 1048576K
}
Event: 1334.327 GC heap before
{Heap before GC invocations=189 (full 0):
 garbage-first heap   total 324608K, used 262144K [0x0000000080000000, 0x0000000100000000)
  region size 1024K, 102 young (104448K), 11 survivors (11264K)
 Metaspace       used 124384K, capacity 128065K, committed 128252K, reserved 1161216K
  class space    used 14958K, capacity 16250K, committed 16256K, reserved 1048576K
}
Event: 1334.391 GC heap after
{Heap after GC invocations=190 (full 0):
 garbage-first heap   total 324608K, used 173768K [0x0000000080000000, 0x0000000100000000)
  region size 1024K, 10 young (10240K), 10 survivors (10240K)
 Metaspace       used 124384K, capacity 128065K, committed 128252K, reserved 1161216K
  class space    used 14958K, capacity 16250K, committed 16256K, reserved 1048576K
}

